INFO: a message type SubClusterDeregisterRequestProto was deleted due to a/an removed file: hadoop-yarn-project/hadoop-yarn/hadoop-yarn-server/hadoop-yarn-server-common/src/main/proto/yarn_server_federation_protos.proto
INFO: a message type SubClusterIdProto was deleted due to a/an removed file: hadoop-yarn-project/hadoop-yarn/hadoop-yarn-server/hadoop-yarn-server-common/src/main/proto/yarn_server_federation_protos.proto
INFO: a message type DeleteApplicationHomeSubClusterResponseProto was deleted due to a/an removed file: hadoop-yarn-project/hadoop-yarn/hadoop-yarn-server/hadoop-yarn-server-common/src/main/proto/yarn_server_federation_protos.proto
INFO: a message type UpdateApplicationHomeSubClusterResponseProto was deleted due to a/an removed file: hadoop-yarn-project/hadoop-yarn/hadoop-yarn-server/hadoop-yarn-server-common/src/main/proto/yarn_server_federation_protos.proto
INFO: a message type SetSubClusterPolicyConfigurationRequestProto was deleted due to a/an removed file: hadoop-yarn-project/hadoop-yarn/hadoop-yarn-server/hadoop-yarn-server-common/src/main/proto/yarn_server_federation_protos.proto
INFO: a message type SubClusterRegisterResponseProto was deleted due to a/an removed file: hadoop-yarn-project/hadoop-yarn/hadoop-yarn-server/hadoop-yarn-server-common/src/main/proto/yarn_server_federation_protos.proto
INFO: a message type GetApplicationHomeSubClusterRequestProto was deleted due to a/an removed file: hadoop-yarn-project/hadoop-yarn/hadoop-yarn-server/hadoop-yarn-server-common/src/main/proto/yarn_server_federation_protos.proto
INFO: a message type AddApplicationHomeSubClusterRequestProto was deleted due to a/an removed file: hadoop-yarn-project/hadoop-yarn/hadoop-yarn-server/hadoop-yarn-server-common/src/main/proto/yarn_server_federation_protos.proto
INFO: a message type GetApplicationsHomeSubClusterResponseProto was deleted due to a/an removed file: hadoop-yarn-project/hadoop-yarn/hadoop-yarn-server/hadoop-yarn-server-common/src/main/proto/yarn_server_federation_protos.proto
INFO: a message type SubClusterHeartbeatResponseProto was deleted due to a/an removed file: hadoop-yarn-project/hadoop-yarn/hadoop-yarn-server/hadoop-yarn-server-common/src/main/proto/yarn_server_federation_protos.proto
INFO: a message type SubClusterHeartbeatRequestProto was deleted due to a/an removed file: hadoop-yarn-project/hadoop-yarn/hadoop-yarn-server/hadoop-yarn-server-common/src/main/proto/yarn_server_federation_protos.proto
INFO: a message type SubClusterInfoProto was deleted due to a/an removed file: hadoop-yarn-project/hadoop-yarn/hadoop-yarn-server/hadoop-yarn-server-common/src/main/proto/yarn_server_federation_protos.proto
INFO: a message type GetSubClusterInfoResponseProto was deleted due to a/an removed file: hadoop-yarn-project/hadoop-yarn/hadoop-yarn-server/hadoop-yarn-server-common/src/main/proto/yarn_server_federation_protos.proto
INFO: a message type SubClusterRegisterRequestProto was deleted due to a/an removed file: hadoop-yarn-project/hadoop-yarn/hadoop-yarn-server/hadoop-yarn-server-common/src/main/proto/yarn_server_federation_protos.proto
INFO: a message type GetSubClustersInfoRequestProto was deleted due to a/an removed file: hadoop-yarn-project/hadoop-yarn/hadoop-yarn-server/hadoop-yarn-server-common/src/main/proto/yarn_server_federation_protos.proto
INFO: a message type GetSubClustersInfoResponseProto was deleted due to a/an removed file: hadoop-yarn-project/hadoop-yarn/hadoop-yarn-server/hadoop-yarn-server-common/src/main/proto/yarn_server_federation_protos.proto
INFO: a message type SubClusterDeregisterResponseProto was deleted due to a/an removed file: hadoop-yarn-project/hadoop-yarn/hadoop-yarn-server/hadoop-yarn-server-common/src/main/proto/yarn_server_federation_protos.proto
INFO: a message type UpdateApplicationHomeSubClusterRequestProto was deleted due to a/an removed file: hadoop-yarn-project/hadoop-yarn/hadoop-yarn-server/hadoop-yarn-server-common/src/main/proto/yarn_server_federation_protos.proto
INFO: a message type AddApplicationHomeSubClusterResponseProto was deleted due to a/an removed file: hadoop-yarn-project/hadoop-yarn/hadoop-yarn-server/hadoop-yarn-server-common/src/main/proto/yarn_server_federation_protos.proto
INFO: a message type GetSubClusterPoliciesConfigurationsResponseProto was deleted due to a/an removed file: hadoop-yarn-project/hadoop-yarn/hadoop-yarn-server/hadoop-yarn-server-common/src/main/proto/yarn_server_federation_protos.proto
INFO: a message type GetSubClusterInfoRequestProto was deleted due to a/an removed file: hadoop-yarn-project/hadoop-yarn/hadoop-yarn-server/hadoop-yarn-server-common/src/main/proto/yarn_server_federation_protos.proto
INFO: a message type GetSubClusterPolicyConfigurationResponseProto was deleted due to a/an removed file: hadoop-yarn-project/hadoop-yarn/hadoop-yarn-server/hadoop-yarn-server-common/src/main/proto/yarn_server_federation_protos.proto
INFO: a message type GetSubClusterPoliciesConfigurationsRequestProto was deleted due to a/an removed file: hadoop-yarn-project/hadoop-yarn/hadoop-yarn-server/hadoop-yarn-server-common/src/main/proto/yarn_server_federation_protos.proto
INFO: a message type DeleteApplicationHomeSubClusterRequestProto was deleted due to a/an removed file: hadoop-yarn-project/hadoop-yarn/hadoop-yarn-server/hadoop-yarn-server-common/src/main/proto/yarn_server_federation_protos.proto
INFO: a message type SetSubClusterPolicyConfigurationResponseProto was deleted due to a/an removed file: hadoop-yarn-project/hadoop-yarn/hadoop-yarn-server/hadoop-yarn-server-common/src/main/proto/yarn_server_federation_protos.proto
INFO: a message type ApplicationHomeSubClusterProto was deleted due to a/an removed file: hadoop-yarn-project/hadoop-yarn/hadoop-yarn-server/hadoop-yarn-server-common/src/main/proto/yarn_server_federation_protos.proto
INFO: a message type GetApplicationHomeSubClusterResponseProto was deleted due to a/an removed file: hadoop-yarn-project/hadoop-yarn/hadoop-yarn-server/hadoop-yarn-server-common/src/main/proto/yarn_server_federation_protos.proto
INFO: a message type SubClusterPolicyConfigurationProto was deleted due to a/an removed file: hadoop-yarn-project/hadoop-yarn/hadoop-yarn-server/hadoop-yarn-server-common/src/main/proto/yarn_server_federation_protos.proto
INFO: a message type GetApplicationsHomeSubClusterRequestProto was deleted due to a/an removed file: hadoop-yarn-project/hadoop-yarn/hadoop-yarn-server/hadoop-yarn-server-common/src/main/proto/yarn_server_federation_protos.proto
INFO: a message type GetSubClusterPolicyConfigurationRequestProto was deleted due to a/an removed file: hadoop-yarn-project/hadoop-yarn/hadoop-yarn-server/hadoop-yarn-server-common/src/main/proto/yarn_server_federation_protos.proto
INFO: a message type ListReconfigurablePropertiesRequestProto was deleted due to a/an removed file: hadoop-hdfs-project/hadoop-hdfs-client/src/main/proto/ReconfigurationProtocol.proto
INFO: a message type StartReconfigurationRequestProto was deleted due to a/an removed file: hadoop-hdfs-project/hadoop-hdfs-client/src/main/proto/ReconfigurationProtocol.proto
INFO: a message type StartReconfigurationResponseProto was deleted due to a/an removed file: hadoop-hdfs-project/hadoop-hdfs-client/src/main/proto/ReconfigurationProtocol.proto
INFO: a message type GetReconfigurationStatusRequestProto was deleted due to a/an removed file: hadoop-hdfs-project/hadoop-hdfs-client/src/main/proto/ReconfigurationProtocol.proto
INFO: a message type GetReconfigurationStatusConfigChangeProto was deleted due to a/an removed file: hadoop-hdfs-project/hadoop-hdfs-client/src/main/proto/ReconfigurationProtocol.proto
INFO: a message type GetReconfigurationStatusResponseProto was deleted due to a/an removed file: hadoop-hdfs-project/hadoop-hdfs-client/src/main/proto/ReconfigurationProtocol.proto
INFO: a message type ListReconfigurablePropertiesResponseProto was deleted due to a/an removed file: hadoop-hdfs-project/hadoop-hdfs-client/src/main/proto/ReconfigurationProtocol.proto
INFO: a message type HandshakeSecretProto was deleted in new version. (hadoop-hdfs-project/hadoop-hdfs-client/src/main/proto/datatransfer.proto)
INFO: a message type OpCustomProto was deleted in new version. (hadoop-hdfs-project/hadoop-hdfs-client/src/main/proto/datatransfer.proto)
INFO: a message type HAServiceStateResponseProto was deleted in new version. (hadoop-hdfs-project/hadoop-hdfs-client/src/main/proto/ClientNamenodeProtocol.proto)
INFO: a message type GetQuotaUsageResponseProto was deleted in new version. (hadoop-hdfs-project/hadoop-hdfs-client/src/main/proto/ClientNamenodeProtocol.proto)
INFO: a message type UnsetStoragePolicyRequestProto was deleted in new version. (hadoop-hdfs-project/hadoop-hdfs-client/src/main/proto/ClientNamenodeProtocol.proto)
INFO: a message type MsyncResponseProto was deleted in new version. (hadoop-hdfs-project/hadoop-hdfs-client/src/main/proto/ClientNamenodeProtocol.proto)
INFO: a message type UnsetStoragePolicyResponseProto was deleted in new version. (hadoop-hdfs-project/hadoop-hdfs-client/src/main/proto/ClientNamenodeProtocol.proto)
INFO: a message type MsyncRequestProto was deleted in new version. (hadoop-hdfs-project/hadoop-hdfs-client/src/main/proto/ClientNamenodeProtocol.proto)
INFO: a message type HAServiceStateRequestProto was deleted in new version. (hadoop-hdfs-project/hadoop-hdfs-client/src/main/proto/ClientNamenodeProtocol.proto)
INFO: a message type GetQuotaUsageRequestProto was deleted in new version. (hadoop-hdfs-project/hadoop-hdfs-client/src/main/proto/ClientNamenodeProtocol.proto)
INFO: a message type ListOpenFilesResponseProto was deleted in new version. (hadoop-hdfs-project/hadoop-hdfs-client/src/main/proto/ClientNamenodeProtocol.proto)
INFO: a message type OpenFilesBatchResponseProto was deleted in new version. (hadoop-hdfs-project/hadoop-hdfs-client/src/main/proto/ClientNamenodeProtocol.proto)
INFO: a message type ListOpenFilesRequestProto was deleted in new version. (hadoop-hdfs-project/hadoop-hdfs-client/src/main/proto/ClientNamenodeProtocol.proto)
INFO: a message type OpportunisticContainersStatusProto was deleted in new version. (hadoop-yarn-project/hadoop-yarn/hadoop-yarn-server/hadoop-yarn-server-common/src/main/proto/yarn_server_common_protos.proto)
INFO: a message type ResourceUtilizationProto was added in new version. (hadoop-yarn-project/hadoop-yarn/hadoop-yarn-server/hadoop-yarn-server-common/src/main/proto/yarn_server_common_protos.proto)
INFO: a message type RemoteEditLogProto was deleted due to a/an removed file: hadoop-hdfs-project/hadoop-hdfs/src/main/proto/HdfsServer.proto
INFO: a message type VersionRequestProto was deleted due to a/an removed file: hadoop-hdfs-project/hadoop-hdfs/src/main/proto/HdfsServer.proto
INFO: a message type CheckpointCommandProto was deleted due to a/an removed file: hadoop-hdfs-project/hadoop-hdfs/src/main/proto/HdfsServer.proto
INFO: a message type RemoteEditLogManifestProto was deleted due to a/an removed file: hadoop-hdfs-project/hadoop-hdfs/src/main/proto/HdfsServer.proto
INFO: a message type BlockWithLocationsProto was deleted due to a/an removed file: hadoop-hdfs-project/hadoop-hdfs/src/main/proto/HdfsServer.proto
INFO: a message type RecoveringBlockProto was deleted due to a/an removed file: hadoop-hdfs-project/hadoop-hdfs/src/main/proto/HdfsServer.proto
INFO: a message type NamespaceInfoProto was deleted due to a/an removed file: hadoop-hdfs-project/hadoop-hdfs/src/main/proto/HdfsServer.proto
INFO: a message type StorageInfoProto was deleted due to a/an removed file: hadoop-hdfs-project/hadoop-hdfs/src/main/proto/HdfsServer.proto
INFO: a message type StorageUuidsProto was deleted due to a/an removed file: hadoop-hdfs-project/hadoop-hdfs/src/main/proto/HdfsServer.proto
INFO: a message type NamenodeRegistrationProto was deleted due to a/an removed file: hadoop-hdfs-project/hadoop-hdfs/src/main/proto/HdfsServer.proto
INFO: a message type NNHAStatusHeartbeatProto was deleted due to a/an removed file: hadoop-hdfs-project/hadoop-hdfs/src/main/proto/HdfsServer.proto
INFO: a message type BlocksWithLocationsProto was deleted due to a/an removed file: hadoop-hdfs-project/hadoop-hdfs/src/main/proto/HdfsServer.proto
INFO: a message type VersionResponseProto was deleted due to a/an removed file: hadoop-hdfs-project/hadoop-hdfs/src/main/proto/HdfsServer.proto
INFO: a message type ExportedBlockKeysProto was deleted due to a/an removed file: hadoop-hdfs-project/hadoop-hdfs/src/main/proto/HdfsServer.proto
INFO: a message type CheckpointSignatureProto was deleted due to a/an removed file: hadoop-hdfs-project/hadoop-hdfs/src/main/proto/HdfsServer.proto
INFO: a message type NamenodeCommandProto was deleted due to a/an removed file: hadoop-hdfs-project/hadoop-hdfs/src/main/proto/HdfsServer.proto
INFO: a message type BlockKeyProto was deleted due to a/an removed file: hadoop-hdfs-project/hadoop-hdfs/src/main/proto/HdfsServer.proto
INFO: a message type RemoveMountTableEntryRequestProto was deleted due to a/an removed file: hadoop-hdfs-project/hadoop-hdfs-rbf/src/main/proto/FederationProtocol.proto
INFO: a message type EnableNameserviceResponseProto was deleted due to a/an removed file: hadoop-hdfs-project/hadoop-hdfs-rbf/src/main/proto/FederationProtocol.proto
INFO: a message type UpdateMountTableEntryRequestProto was deleted due to a/an removed file: hadoop-hdfs-project/hadoop-hdfs-rbf/src/main/proto/FederationProtocol.proto
INFO: a message type GetDisabledNameservicesResponseProto was deleted due to a/an removed file: hadoop-hdfs-project/hadoop-hdfs-rbf/src/main/proto/FederationProtocol.proto
INFO: a message type StateStoreVersionRecordProto was deleted due to a/an removed file: hadoop-hdfs-project/hadoop-hdfs-rbf/src/main/proto/FederationProtocol.proto
INFO: a message type AddMountTableEntryRequestProto was deleted due to a/an removed file: hadoop-hdfs-project/hadoop-hdfs-rbf/src/main/proto/FederationProtocol.proto
INFO: a message type DisableNameserviceResponseProto was deleted due to a/an removed file: hadoop-hdfs-project/hadoop-hdfs-rbf/src/main/proto/FederationProtocol.proto
INFO: a message type NamenodeHeartbeatResponseProto was deleted due to a/an removed file: hadoop-hdfs-project/hadoop-hdfs-rbf/src/main/proto/FederationProtocol.proto
INFO: a message type UpdateMountTableEntryResponseProto was deleted due to a/an removed file: hadoop-hdfs-project/hadoop-hdfs-rbf/src/main/proto/FederationProtocol.proto
INFO: a message type GetRouterRegistrationResponseProto was deleted due to a/an removed file: hadoop-hdfs-project/hadoop-hdfs-rbf/src/main/proto/FederationProtocol.proto
INFO: a message type LeaveSafeModeResponseProto was deleted due to a/an removed file: hadoop-hdfs-project/hadoop-hdfs-rbf/src/main/proto/FederationProtocol.proto
INFO: a message type GetNamenodeRegistrationsRequestProto was deleted due to a/an removed file: hadoop-hdfs-project/hadoop-hdfs-rbf/src/main/proto/FederationProtocol.proto
INFO: a message type EnterSafeModeRequestProto was deleted due to a/an removed file: hadoop-hdfs-project/hadoop-hdfs-rbf/src/main/proto/FederationProtocol.proto
INFO: a message type EnterSafeModeResponseProto was deleted due to a/an removed file: hadoop-hdfs-project/hadoop-hdfs-rbf/src/main/proto/FederationProtocol.proto
INFO: a message type MountTableRecordProto was deleted due to a/an removed file: hadoop-hdfs-project/hadoop-hdfs-rbf/src/main/proto/FederationProtocol.proto
INFO: a message type GetExpiredRegistrationsRequestProto was deleted due to a/an removed file: hadoop-hdfs-project/hadoop-hdfs-rbf/src/main/proto/FederationProtocol.proto
INFO: a message type GetNamespaceInfoResponseProto was deleted due to a/an removed file: hadoop-hdfs-project/hadoop-hdfs-rbf/src/main/proto/FederationProtocol.proto
INFO: a message type GetSafeModeResponseProto was deleted due to a/an removed file: hadoop-hdfs-project/hadoop-hdfs-rbf/src/main/proto/FederationProtocol.proto
INFO: a message type DisableNameserviceRequestProto was deleted due to a/an removed file: hadoop-hdfs-project/hadoop-hdfs-rbf/src/main/proto/FederationProtocol.proto
INFO: a message type GetDisabledNameservicesRequestProto was deleted due to a/an removed file: hadoop-hdfs-project/hadoop-hdfs-rbf/src/main/proto/FederationProtocol.proto
INFO: a message type UpdateNamenodeRegistrationResponseProto was deleted due to a/an removed file: hadoop-hdfs-project/hadoop-hdfs-rbf/src/main/proto/FederationProtocol.proto
INFO: a message type GetNamespaceInfoRequestProto was deleted due to a/an removed file: hadoop-hdfs-project/hadoop-hdfs-rbf/src/main/proto/FederationProtocol.proto
INFO: a message type GetSafeModeRequestProto was deleted due to a/an removed file: hadoop-hdfs-project/hadoop-hdfs-rbf/src/main/proto/FederationProtocol.proto
INFO: a message type GetMountTableEntriesRequestProto was deleted due to a/an removed file: hadoop-hdfs-project/hadoop-hdfs-rbf/src/main/proto/FederationProtocol.proto
INFO: a message type LeaveSafeModeRequestProto was deleted due to a/an removed file: hadoop-hdfs-project/hadoop-hdfs-rbf/src/main/proto/FederationProtocol.proto
INFO: a message type GetRouterRegistrationsResponseProto was deleted due to a/an removed file: hadoop-hdfs-project/hadoop-hdfs-rbf/src/main/proto/FederationProtocol.proto
INFO: a message type NamenodeMembershipRecordProto was deleted due to a/an removed file: hadoop-hdfs-project/hadoop-hdfs-rbf/src/main/proto/FederationProtocol.proto
INFO: a message type RouterHeartbeatRequestProto was deleted due to a/an removed file: hadoop-hdfs-project/hadoop-hdfs-rbf/src/main/proto/FederationProtocol.proto
INFO: a message type GetMountTableEntriesResponseProto was deleted due to a/an removed file: hadoop-hdfs-project/hadoop-hdfs-rbf/src/main/proto/FederationProtocol.proto
INFO: a message type GetRouterRegistrationRequestProto was deleted due to a/an removed file: hadoop-hdfs-project/hadoop-hdfs-rbf/src/main/proto/FederationProtocol.proto
INFO: a message type RouterHeartbeatResponseProto was deleted due to a/an removed file: hadoop-hdfs-project/hadoop-hdfs-rbf/src/main/proto/FederationProtocol.proto
INFO: a message type NamenodeMembershipStatsRecordProto was deleted due to a/an removed file: hadoop-hdfs-project/hadoop-hdfs-rbf/src/main/proto/FederationProtocol.proto
INFO: a message type AddMountTableEntryResponseProto was deleted due to a/an removed file: hadoop-hdfs-project/hadoop-hdfs-rbf/src/main/proto/FederationProtocol.proto
INFO: a message type RemoveMountTableEntryResponseProto was deleted due to a/an removed file: hadoop-hdfs-project/hadoop-hdfs-rbf/src/main/proto/FederationProtocol.proto
INFO: a message type RouterRecordProto was deleted due to a/an removed file: hadoop-hdfs-project/hadoop-hdfs-rbf/src/main/proto/FederationProtocol.proto
INFO: a message type DisabledNameserviceRecordProto was deleted due to a/an removed file: hadoop-hdfs-project/hadoop-hdfs-rbf/src/main/proto/FederationProtocol.proto
INFO: a message type EnableNameserviceRequestProto was deleted due to a/an removed file: hadoop-hdfs-project/hadoop-hdfs-rbf/src/main/proto/FederationProtocol.proto
INFO: a message type NamenodeHeartbeatRequestProto was deleted due to a/an removed file: hadoop-hdfs-project/hadoop-hdfs-rbf/src/main/proto/FederationProtocol.proto
INFO: a message type RemoteLocationProto was deleted due to a/an removed file: hadoop-hdfs-project/hadoop-hdfs-rbf/src/main/proto/FederationProtocol.proto
INFO: a message type GetNamenodeRegistrationsResponseProto was deleted due to a/an removed file: hadoop-hdfs-project/hadoop-hdfs-rbf/src/main/proto/FederationProtocol.proto
INFO: a message type GetRouterRegistrationsRequestProto was deleted due to a/an removed file: hadoop-hdfs-project/hadoop-hdfs-rbf/src/main/proto/FederationProtocol.proto
INFO: a message type UpdateNamenodeRegistrationRequestProto was deleted due to a/an removed file: hadoop-hdfs-project/hadoop-hdfs-rbf/src/main/proto/FederationProtocol.proto
INFO: a message type FederationNamespaceInfoProto was deleted due to a/an removed file: hadoop-hdfs-project/hadoop-hdfs-rbf/src/main/proto/FederationProtocol.proto
INFO: a message type GetJournaledEditsRequestProto was deleted in new version. (hadoop-hdfs-project/hadoop-hdfs/src/main/proto/QJournalProtocol.proto)
INFO: a message type GetJournaledEditsResponseProto was deleted in new version. (hadoop-hdfs-project/hadoop-hdfs/src/main/proto/QJournalProtocol.proto)
INFO: a message type QueueConfigurationsMapProto was deleted in new version. (hadoop-yarn-project/hadoop-yarn/hadoop-yarn-api/src/main/proto/yarn_protos.proto)
INFO: a message type ResourceAllocationRequestProto was deleted in new version. (hadoop-yarn-project/hadoop-yarn/hadoop-yarn-api/src/main/proto/yarn_protos.proto)
INFO: a message type ApplicationTimeoutProto was deleted in new version. (hadoop-yarn-project/hadoop-yarn/hadoop-yarn-api/src/main/proto/yarn_protos.proto)
INFO: a message type ResourceTypeInfoProto was deleted in new version. (hadoop-yarn-project/hadoop-yarn/hadoop-yarn-api/src/main/proto/yarn_protos.proto)
INFO: a message type ReservationAllocationStateProto was deleted in new version. (hadoop-yarn-project/hadoop-yarn/hadoop-yarn-api/src/main/proto/yarn_protos.proto)
INFO: a message type ResourceUtilizationProto was deleted in new version. (hadoop-yarn-project/hadoop-yarn/hadoop-yarn-api/src/main/proto/yarn_protos.proto)
INFO: a message type StringLongMapProto was deleted in new version. (hadoop-yarn-project/hadoop-yarn/hadoop-yarn-api/src/main/proto/yarn_protos.proto)
INFO: a message type QueueConfigurationsProto was deleted in new version. (hadoop-yarn-project/hadoop-yarn/hadoop-yarn-api/src/main/proto/yarn_protos.proto)
INFO: a message type ContainerRetryContextProto was deleted in new version. (hadoop-yarn-project/hadoop-yarn/hadoop-yarn-api/src/main/proto/yarn_protos.proto)
INFO: a message type NodeIdToLabelsProto was deleted in new version. (hadoop-yarn-project/hadoop-yarn/hadoop-yarn-api/src/main/proto/yarn_protos.proto)
INFO: a message type ExecutionTypeRequestProto was deleted in new version. (hadoop-yarn-project/hadoop-yarn/hadoop-yarn-api/src/main/proto/yarn_protos.proto)
INFO: a message type CollectorInfoProto was deleted in new version. (hadoop-yarn-project/hadoop-yarn/hadoop-yarn-api/src/main/proto/yarn_protos.proto)
INFO: a message type ApplicationUpdateTimeoutMapProto was deleted in new version. (hadoop-yarn-project/hadoop-yarn/hadoop-yarn-api/src/main/proto/yarn_protos.proto)
INFO: a message type AMBlackListingRequestProto was deleted in new version. (hadoop-yarn-project/hadoop-yarn/hadoop-yarn-api/src/main/proto/yarn_protos.proto)
INFO: a message type ResourceInformationProto was deleted in new version. (hadoop-yarn-project/hadoop-yarn/hadoop-yarn-api/src/main/proto/yarn_protos.proto)
INFO: a message type AppTimeoutsMapProto was deleted in new version. (hadoop-yarn-project/hadoop-yarn/hadoop-yarn-api/src/main/proto/yarn_protos.proto)
INFO: a message type ApplicationTimeoutMapProto was deleted in new version. (hadoop-yarn-project/hadoop-yarn/hadoop-yarn-api/src/main/proto/yarn_protos.proto)
INFO: a message type NodeIdToLabelsInfoProto was added in new version. (hadoop-yarn-project/hadoop-yarn/hadoop-yarn-api/src/main/proto/yarn_protos.proto)
INFO: a message type ReportNewCollectorInfoRequestProto was deleted in new version. (hadoop-yarn-project/hadoop-yarn/hadoop-yarn-server/hadoop-yarn-server-common/src/main/proto/yarn_server_common_service_protos.proto)
INFO: a message type ReportNewCollectorInfoResponseProto was deleted in new version. (hadoop-yarn-project/hadoop-yarn/hadoop-yarn-server/hadoop-yarn-server-common/src/main/proto/yarn_server_common_service_protos.proto)
INFO: a message type RemoteNodeProto was deleted in new version. (hadoop-yarn-project/hadoop-yarn/hadoop-yarn-server/hadoop-yarn-server-common/src/main/proto/yarn_server_common_service_protos.proto)
INFO: a message type GetTimelineCollectorContextResponseProto was deleted in new version. (hadoop-yarn-project/hadoop-yarn/hadoop-yarn-server/hadoop-yarn-server-common/src/main/proto/yarn_server_common_service_protos.proto)
INFO: a message type DistributedSchedulingAllocateRequestProto was deleted in new version. (hadoop-yarn-project/hadoop-yarn/hadoop-yarn-server/hadoop-yarn-server-common/src/main/proto/yarn_server_common_service_protos.proto)
INFO: a message type DistributedSchedulingAllocateResponseProto was deleted in new version. (hadoop-yarn-project/hadoop-yarn/hadoop-yarn-server/hadoop-yarn-server-common/src/main/proto/yarn_server_common_service_protos.proto)
INFO: a message type AppCollectorDataProto was deleted in new version. (hadoop-yarn-project/hadoop-yarn/hadoop-yarn-server/hadoop-yarn-server-common/src/main/proto/yarn_server_common_service_protos.proto)
INFO: a message type GetTimelineCollectorContextRequestProto was deleted in new version. (hadoop-yarn-project/hadoop-yarn/hadoop-yarn-server/hadoop-yarn-server-common/src/main/proto/yarn_server_common_service_protos.proto)
INFO: a message type RegisterDistributedSchedulingAMResponseProto was deleted in new version. (hadoop-yarn-project/hadoop-yarn/hadoop-yarn-server/hadoop-yarn-server-common/src/main/proto/yarn_server_common_service_protos.proto)
INFO: a message type ContainerQueuingLimitProto was deleted in new version. (hadoop-yarn-project/hadoop-yarn/hadoop-yarn-server/hadoop-yarn-server-common/src/main/proto/yarn_server_common_service_protos.proto)
INFO: a message type GetBalancerBandwidthRequestProto was deleted in new version. (hadoop-hdfs-project/hadoop-hdfs-client/src/main/proto/ClientDatanodeProtocol.proto)
INFO: a message type EvictWritersRequestProto was deleted in new version. (hadoop-hdfs-project/hadoop-hdfs-client/src/main/proto/ClientDatanodeProtocol.proto)
INFO: a message type GetVolumeReportRequestProto was deleted in new version. (hadoop-hdfs-project/hadoop-hdfs-client/src/main/proto/ClientDatanodeProtocol.proto)
INFO: a message type GetBalancerBandwidthResponseProto was deleted in new version. (hadoop-hdfs-project/hadoop-hdfs-client/src/main/proto/ClientDatanodeProtocol.proto)
INFO: a message type EvictWritersResponseProto was deleted in new version. (hadoop-hdfs-project/hadoop-hdfs-client/src/main/proto/ClientDatanodeProtocol.proto)
INFO: a message type GetVolumeReportResponseProto was deleted in new version. (hadoop-hdfs-project/hadoop-hdfs-client/src/main/proto/ClientDatanodeProtocol.proto)
INFO: a message type ListReconfigurablePropertiesRequestProto was added in new version. (hadoop-hdfs-project/hadoop-hdfs-client/src/main/proto/ClientDatanodeProtocol.proto)
INFO: a message type StartReconfigurationRequestProto was added in new version. (hadoop-hdfs-project/hadoop-hdfs-client/src/main/proto/ClientDatanodeProtocol.proto)
INFO: a message type StartReconfigurationResponseProto was added in new version. (hadoop-hdfs-project/hadoop-hdfs-client/src/main/proto/ClientDatanodeProtocol.proto)
INFO: a message type GetReconfigurationStatusResponseProto was added in new version. (hadoop-hdfs-project/hadoop-hdfs-client/src/main/proto/ClientDatanodeProtocol.proto)
INFO: a message type GetReconfigurationStatusRequestProto was added in new version. (hadoop-hdfs-project/hadoop-hdfs-client/src/main/proto/ClientDatanodeProtocol.proto)
INFO: a message type GetReconfigurationStatusConfigChangeProto was added in new version. (hadoop-hdfs-project/hadoop-hdfs-client/src/main/proto/ClientDatanodeProtocol.proto)
INFO: a message type ListReconfigurablePropertiesResponseProto was added in new version. (hadoop-hdfs-project/hadoop-hdfs-client/src/main/proto/ClientDatanodeProtocol.proto)
INFO: a message type RefreshClusterMaxPriorityRequestProto was deleted in new version. (hadoop-yarn-project/hadoop-yarn/hadoop-yarn-api/src/main/proto/server/yarn_server_resourcemanager_service_protos.proto)
[31mERROR: tag number of field 'nodeLabels' has changed across versions!!! (hadoop-yarn-project/hadoop-yarn/hadoop-yarn-api/src/main/proto/server/yarn_server_resourcemanager_service_protos.proto) [0m
INFO: a message type RefreshNodesResourcesRequestProto was deleted in new version. (hadoop-yarn-project/hadoop-yarn/hadoop-yarn-api/src/main/proto/server/yarn_server_resourcemanager_service_protos.proto)
INFO: a message type RefreshNodesResourcesResponseProto was deleted in new version. (hadoop-yarn-project/hadoop-yarn/hadoop-yarn-api/src/main/proto/server/yarn_server_resourcemanager_service_protos.proto)
INFO: a message type RefreshClusterMaxPriorityResponseProto was deleted in new version. (hadoop-yarn-project/hadoop-yarn/hadoop-yarn-api/src/main/proto/server/yarn_server_resourcemanager_service_protos.proto)
INFO: a message type ResourceAllocationRequestProto was added in new version. (hadoop-yarn-project/hadoop-yarn/hadoop-yarn-server/hadoop-yarn-server-resourcemanager/src/main/proto/yarn_server_resourcemanager_recovery.proto)
INFO: a message type ReservationAllocationStateProto was added in new version. (hadoop-yarn-project/hadoop-yarn/hadoop-yarn-server/hadoop-yarn-server-resourcemanager/src/main/proto/yarn_server_resourcemanager_recovery.proto)
INFO: a message type DatanodeVolumeInfoProto was deleted in new version. (hadoop-hdfs-project/hadoop-hdfs-client/src/main/proto/hdfs.proto)
INFO: a message type QuotaUsageProto was deleted in new version. (hadoop-hdfs-project/hadoop-hdfs-client/src/main/proto/hdfs.proto)
INFO: a message type CheckpointCommandProto was added in new version. (hadoop-hdfs-project/hadoop-hdfs-client/src/main/proto/hdfs.proto)
INFO: a message type BlockWithLocationsProto was added in new version. (hadoop-hdfs-project/hadoop-hdfs-client/src/main/proto/hdfs.proto)
INFO: a message type StorageUuidsProto was added in new version. (hadoop-hdfs-project/hadoop-hdfs-client/src/main/proto/hdfs.proto)
INFO: a message type VersionResponseProto was added in new version. (hadoop-hdfs-project/hadoop-hdfs-client/src/main/proto/hdfs.proto)
INFO: a message type CheckpointSignatureProto was added in new version. (hadoop-hdfs-project/hadoop-hdfs-client/src/main/proto/hdfs.proto)
INFO: a message type ExportedBlockKeysProto was added in new version. (hadoop-hdfs-project/hadoop-hdfs-client/src/main/proto/hdfs.proto)
INFO: a message type NamenodeCommandProto was added in new version. (hadoop-hdfs-project/hadoop-hdfs-client/src/main/proto/hdfs.proto)
INFO: a message type BlockKeyProto was added in new version. (hadoop-hdfs-project/hadoop-hdfs-client/src/main/proto/hdfs.proto)
INFO: a message type RemoteEditLogProto was added in new version. (hadoop-hdfs-project/hadoop-hdfs-client/src/main/proto/hdfs.proto)
INFO: a message type VersionRequestProto was added in new version. (hadoop-hdfs-project/hadoop-hdfs-client/src/main/proto/hdfs.proto)
INFO: a message type RemoteEditLogManifestProto was added in new version. (hadoop-hdfs-project/hadoop-hdfs-client/src/main/proto/hdfs.proto)
INFO: a message type RecoveringBlockProto was added in new version. (hadoop-hdfs-project/hadoop-hdfs-client/src/main/proto/hdfs.proto)
INFO: a message type NamespaceInfoProto was added in new version. (hadoop-hdfs-project/hadoop-hdfs-client/src/main/proto/hdfs.proto)
INFO: a message type StorageInfoProto was added in new version. (hadoop-hdfs-project/hadoop-hdfs-client/src/main/proto/hdfs.proto)
INFO: a message type NamenodeRegistrationProto was added in new version. (hadoop-hdfs-project/hadoop-hdfs-client/src/main/proto/hdfs.proto)
INFO: a message type BlocksWithLocationsProto was added in new version. (hadoop-hdfs-project/hadoop-hdfs-client/src/main/proto/hdfs.proto)
INFO: a message type ReInitializeContainerRequestProto was deleted in new version. (hadoop-yarn-project/hadoop-yarn/hadoop-yarn-api/src/main/proto/yarn_service_protos.proto)
INFO: a message type GetAllResourceTypeInfoResponseProto was deleted in new version. (hadoop-yarn-project/hadoop-yarn/hadoop-yarn-api/src/main/proto/yarn_service_protos.proto)
INFO: a message type CommitResponseProto was deleted in new version. (hadoop-yarn-project/hadoop-yarn/hadoop-yarn-api/src/main/proto/yarn_service_protos.proto)
INFO: a message type UpdateApplicationPriorityResponseProto was deleted in new version. (hadoop-yarn-project/hadoop-yarn/hadoop-yarn-api/src/main/proto/yarn_service_protos.proto)
INFO: a message type UpdateApplicationTimeoutsResponseProto was deleted in new version. (hadoop-yarn-project/hadoop-yarn/hadoop-yarn-api/src/main/proto/yarn_service_protos.proto)
INFO: a message type UpdateApplicationTimeoutsRequestProto was deleted in new version. (hadoop-yarn-project/hadoop-yarn/hadoop-yarn-api/src/main/proto/yarn_service_protos.proto)
INFO: a message type ContainerUpdateResponseProto was deleted in new version. (hadoop-yarn-project/hadoop-yarn/hadoop-yarn-api/src/main/proto/yarn_service_protos.proto)
INFO: a message type FailApplicationAttemptResponseProto was deleted in new version. (hadoop-yarn-project/hadoop-yarn/hadoop-yarn-api/src/main/proto/yarn_service_protos.proto)
INFO: a message type GetNewReservationRequestProto was deleted in new version. (hadoop-yarn-project/hadoop-yarn/hadoop-yarn-api/src/main/proto/yarn_service_protos.proto)
INFO: a message type FailApplicationAttemptRequestProto was deleted in new version. (hadoop-yarn-project/hadoop-yarn/hadoop-yarn-api/src/main/proto/yarn_service_protos.proto)
INFO: a message type RollbackResponseProto was deleted in new version. (hadoop-yarn-project/hadoop-yarn/hadoop-yarn-api/src/main/proto/yarn_service_protos.proto)
INFO: a message type GetNewReservationResponseProto was deleted in new version. (hadoop-yarn-project/hadoop-yarn/hadoop-yarn-api/src/main/proto/yarn_service_protos.proto)
INFO: a message type ResourceLocalizationRequestProto was deleted in new version. (hadoop-yarn-project/hadoop-yarn/hadoop-yarn-api/src/main/proto/yarn_service_protos.proto)
INFO: a message type ReservationListRequestProto was deleted in new version. (hadoop-yarn-project/hadoop-yarn/hadoop-yarn-api/src/main/proto/yarn_service_protos.proto)
INFO: a message type IncreaseContainersResourceRequestProto was deleted in new version. (hadoop-yarn-project/hadoop-yarn/hadoop-yarn-api/src/main/proto/yarn_service_protos.proto)
INFO: a message type UpdateContainerErrorProto was deleted in new version. (hadoop-yarn-project/hadoop-yarn/hadoop-yarn-api/src/main/proto/yarn_service_protos.proto)
INFO: a message type ReInitializeContainerResponseProto was deleted in new version. (hadoop-yarn-project/hadoop-yarn/hadoop-yarn-api/src/main/proto/yarn_service_protos.proto)
INFO: a message type RestartContainerResponseProto was deleted in new version. (hadoop-yarn-project/hadoop-yarn/hadoop-yarn-api/src/main/proto/yarn_service_protos.proto)
INFO: a message type IncreaseContainersResourceResponseProto was deleted in new version. (hadoop-yarn-project/hadoop-yarn/hadoop-yarn-api/src/main/proto/yarn_service_protos.proto)
INFO: a message type UpdateApplicationPriorityRequestProto was deleted in new version. (hadoop-yarn-project/hadoop-yarn/hadoop-yarn-api/src/main/proto/yarn_service_protos.proto)
INFO: a message type GetAllResourceTypeInfoRequestProto was deleted in new version. (hadoop-yarn-project/hadoop-yarn/hadoop-yarn-api/src/main/proto/yarn_service_protos.proto)
INFO: a message type SignalContainerRequestProto was deleted in new version. (hadoop-yarn-project/hadoop-yarn/hadoop-yarn-api/src/main/proto/yarn_service_protos.proto)
INFO: a message type SignalContainerResponseProto was deleted in new version. (hadoop-yarn-project/hadoop-yarn/hadoop-yarn-api/src/main/proto/yarn_service_protos.proto)
INFO: a message type ContainerUpdateRequestProto was deleted in new version. (hadoop-yarn-project/hadoop-yarn/hadoop-yarn-api/src/main/proto/yarn_service_protos.proto)
[31mERROR: tag number of field 'nodeLabels' has changed across versions!!! (hadoop-yarn-project/hadoop-yarn/hadoop-yarn-api/src/main/proto/yarn_service_protos.proto) [0m
INFO: a message type UpdatedContainerProto was deleted in new version. (hadoop-yarn-project/hadoop-yarn/hadoop-yarn-api/src/main/proto/yarn_service_protos.proto)
INFO: a message type ReservationListResponseProto was deleted in new version. (hadoop-yarn-project/hadoop-yarn/hadoop-yarn-api/src/main/proto/yarn_service_protos.proto)
INFO: a message type ResourceLocalizationResponseProto was deleted in new version. (hadoop-yarn-project/hadoop-yarn/hadoop-yarn-api/src/main/proto/yarn_service_protos.proto)
INFO: a message type UpdateContainerRequestProto was deleted in new version. (hadoop-yarn-project/hadoop-yarn/hadoop-yarn-api/src/main/proto/yarn_service_protos.proto)
INFO: a message type GetContainerStatusRequestProto was added in new version. (hadoop-yarn-project/hadoop-yarn/hadoop-yarn-api/src/main/proto/yarn_service_protos.proto)
INFO: a message type GetContainerStatusResponseProto was added in new version. (hadoop-yarn-project/hadoop-yarn/hadoop-yarn-api/src/main/proto/yarn_service_protos.proto)
INFO: a message type RPCCallerContextProto was deleted in new version. (hadoop-common-project/hadoop-common/src/main/proto/RpcHeader.proto)
[31mERROR: tag number of field 'fullBlockReportLeaseId' has changed across versions!!! (hadoop-hdfs-project/hadoop-hdfs/src/main/proto/DatanodeProtocol.proto) [0m
INFO: a message type SlowDiskReportProto was deleted in new version. (hadoop-hdfs-project/hadoop-hdfs/src/main/proto/DatanodeProtocol.proto)
INFO: a message type SlowPeerReportProto was deleted in new version. (hadoop-hdfs-project/hadoop-hdfs/src/main/proto/DatanodeProtocol.proto)
INFO: a message type NNHAStatusHeartbeatProto was added in new version. (hadoop-hdfs-project/hadoop-hdfs/src/main/proto/DatanodeProtocol.proto)
INFO: a message type LifelineResponseProto was deleted due to a/an removed file: hadoop-hdfs-project/hadoop-hdfs/src/main/proto/DatanodeLifelineProtocol.proto
INFO: a message type SlowPingRequestProto was deleted in new version. (hadoop-common-project/hadoop-common/src/test/proto/test.proto)
INFO: a message type SleepRequestProto2 was deleted in new version. (hadoop-common-project/hadoop-common/src/test/proto/test.proto)
INFO: a message type SleepResponseProto was deleted in new version. (hadoop-common-project/hadoop-common/src/test/proto/test.proto)
INFO: a message type SleepResponseProto2 was deleted in new version. (hadoop-common-project/hadoop-common/src/test/proto/test.proto)
INFO: a message type OptResponseProto was deleted in new version. (hadoop-common-project/hadoop-common/src/test/proto/test.proto)
INFO: a message type ExchangeResponseProto was deleted in new version. (hadoop-common-project/hadoop-common/src/test/proto/test.proto)
INFO: a message type EchoResponseProto2 was deleted in new version. (hadoop-common-project/hadoop-common/src/test/proto/test.proto)
INFO: a message type OptRequestProto was deleted in new version. (hadoop-common-project/hadoop-common/src/test/proto/test.proto)
INFO: a message type AuthUserResponseProto was deleted in new version. (hadoop-common-project/hadoop-common/src/test/proto/test.proto)
INFO: a message type AuthMethodResponseProto was deleted in new version. (hadoop-common-project/hadoop-common/src/test/proto/test.proto)
INFO: a message type AddRequestProto2 was deleted in new version. (hadoop-common-project/hadoop-common/src/test/proto/test.proto)
INFO: a message type ExchangeRequestProto was deleted in new version. (hadoop-common-project/hadoop-common/src/test/proto/test.proto)
INFO: a message type SleepRequestProto was deleted in new version. (hadoop-common-project/hadoop-common/src/test/proto/test.proto)
INFO: a message type AddRequestProto was deleted in new version. (hadoop-common-project/hadoop-common/src/test/proto/test.proto)
INFO: a message type AddResponseProto was deleted in new version. (hadoop-common-project/hadoop-common/src/test/proto/test.proto)
INFO: a message type EchoRequestProto2 was deleted in new version. (hadoop-common-project/hadoop-common/src/test/proto/test.proto)
INFO: a message type IsRollingUpgradeRequestProto was deleted in new version. (hadoop-hdfs-project/hadoop-hdfs/src/main/proto/NamenodeProtocol.proto)
INFO: a message type IsRollingUpgradeResponseProto was deleted in new version. (hadoop-hdfs-project/hadoop-hdfs/src/main/proto/NamenodeProtocol.proto)
INFO: a message type TransitionToObserverRequestProto was deleted in new version. (hadoop-common-project/hadoop-common/src/main/proto/HAServiceProtocol.proto)
INFO: a message type TransitionToObserverResponseProto was deleted in new version. (hadoop-common-project/hadoop-common/src/main/proto/HAServiceProtocol.proto)
INFO: a message type FlowContextProto was deleted in new version. (hadoop-yarn-project/hadoop-yarn/hadoop-yarn-server/hadoop-yarn-server-nodemanager/src/main/proto/yarn_server_nodemanager_recovery.proto)
