[31mERROR: a required field 'md5' is deleted in new version!!! (hadoop-hdfs-project/hadoop-hdfs-client/src/main/proto/datatransfer.proto) [0m
[31mERROR: a required field 'blockChecksum' is added in new version!!! (hadoop-hdfs-project/hadoop-hdfs-client/src/main/proto/datatransfer.proto) [0m
INFO: a message type UpgradeStatusResponseProto was added in new version. (hadoop-hdfs-project/hadoop-hdfs-client/src/main/proto/ClientNamenodeProtocol.proto)
INFO: a message type SatisfyStoragePolicyRequestProto was added in new version. (hadoop-hdfs-project/hadoop-hdfs-client/src/main/proto/ClientNamenodeProtocol.proto)
INFO: a message type SatisfyStoragePolicyResponseProto was added in new version. (hadoop-hdfs-project/hadoop-hdfs-client/src/main/proto/ClientNamenodeProtocol.proto)
INFO: a message type UpgradeStatusRequestProto was added in new version. (hadoop-hdfs-project/hadoop-hdfs-client/src/main/proto/ClientNamenodeProtocol.proto)
INFO: a message type EnableNameserviceResponseProto was added in new version. (hadoop-hdfs-project/hadoop-hdfs-rbf/src/main/proto/FederationProtocol.proto)
INFO: a message type GetDisabledNameservicesResponseProto was added in new version. (hadoop-hdfs-project/hadoop-hdfs-rbf/src/main/proto/FederationProtocol.proto)
INFO: a message type DisableNameserviceResponseProto was added in new version. (hadoop-hdfs-project/hadoop-hdfs-rbf/src/main/proto/FederationProtocol.proto)
INFO: a message type DisableNameserviceRequestProto was added in new version. (hadoop-hdfs-project/hadoop-hdfs-rbf/src/main/proto/FederationProtocol.proto)
INFO: a message type GetDisabledNameservicesRequestProto was added in new version. (hadoop-hdfs-project/hadoop-hdfs-rbf/src/main/proto/FederationProtocol.proto)
INFO: a message type DisabledNameserviceRecordProto was added in new version. (hadoop-hdfs-project/hadoop-hdfs-rbf/src/main/proto/FederationProtocol.proto)
INFO: a message type EnableNameserviceRequestProto was added in new version. (hadoop-hdfs-project/hadoop-hdfs-rbf/src/main/proto/FederationProtocol.proto)
INFO: a message type NodeAttributeInfoProto was added in new version. (hadoop-yarn-project/hadoop-yarn/hadoop-yarn-api/src/main/proto/yarn_protos.proto)
INFO: a message type NodeToAttributesProto was added in new version. (hadoop-yarn-project/hadoop-yarn/hadoop-yarn-api/src/main/proto/yarn_protos.proto)
INFO: a message type NodeAttributeKeyProto was added in new version. (hadoop-yarn-project/hadoop-yarn/hadoop-yarn-api/src/main/proto/yarn_protos.proto)
INFO: a message type NodeAttributeProto was added in new version. (hadoop-yarn-project/hadoop-yarn/hadoop-yarn-api/src/main/proto/yarn_protos.proto)
INFO: a message type NodeToAttributeValueProto was added in new version. (hadoop-yarn-project/hadoop-yarn/hadoop-yarn-api/src/main/proto/yarn_protos.proto)
INFO: a message type AttributeToNodesProto was added in new version. (hadoop-yarn-project/hadoop-yarn/hadoop-yarn-api/src/main/proto/yarn_protos.proto)
INFO: a message type NodeAttributesProto was added in new version. (hadoop-yarn-project/hadoop-yarn/hadoop-yarn-server/hadoop-yarn-server-common/src/main/proto/yarn_server_common_service_protos.proto)
INFO: a message type LocalFileSystemPathHandleProto was added in new version. (hadoop-common-project/hadoop-common/src/main/proto/FSProtos.proto)
INFO: a message type NodesToAttributesMappingRequestProto was added in new version. (hadoop-yarn-project/hadoop-yarn/hadoop-yarn-api/src/main/proto/server/yarn_server_resourcemanager_service_protos.proto)
INFO: a message type NodesToAttributesMappingResponseProto was added in new version. (hadoop-yarn-project/hadoop-yarn/hadoop-yarn-api/src/main/proto/server/yarn_server_resourcemanager_service_protos.proto)
INFO: a message type BlockChecksumOptionsProto was added in new version. (hadoop-hdfs-project/hadoop-hdfs-client/src/main/proto/hdfs.proto)
INFO: a message type GetNodesToAttributesResponseProto was added in new version. (hadoop-yarn-project/hadoop-yarn/hadoop-yarn-api/src/main/proto/yarn_service_protos.proto)
INFO: a message type GetClusterNodeAttributesRequestProto was added in new version. (hadoop-yarn-project/hadoop-yarn/hadoop-yarn-api/src/main/proto/yarn_service_protos.proto)
INFO: a message type GetAttributesToNodesRequestProto was added in new version. (hadoop-yarn-project/hadoop-yarn/hadoop-yarn-api/src/main/proto/yarn_service_protos.proto)
INFO: a message type GetNodesToAttributesRequestProto was added in new version. (hadoop-yarn-project/hadoop-yarn/hadoop-yarn-api/src/main/proto/yarn_service_protos.proto)
INFO: a message type GetAttributesToNodesResponseProto was added in new version. (hadoop-yarn-project/hadoop-yarn/hadoop-yarn-api/src/main/proto/yarn_service_protos.proto)
INFO: a message type GetClusterNodeAttributesResponseProto was added in new version. (hadoop-yarn-project/hadoop-yarn/hadoop-yarn-api/src/main/proto/yarn_service_protos.proto)
INFO: a message type GetFilePathResponseProto was added in new version. (hadoop-hdfs-project/hadoop-hdfs/src/main/proto/NamenodeProtocol.proto)
INFO: a message type GetFilePathRequestProto was added in new version. (hadoop-hdfs-project/hadoop-hdfs/src/main/proto/NamenodeProtocol.proto)
INFO: a message type GetNextSPSPathResponseProto was added in new version. (hadoop-hdfs-project/hadoop-hdfs/src/main/proto/NamenodeProtocol.proto)
INFO: a message type GetNextSPSPathRequestProto was added in new version. (hadoop-hdfs-project/hadoop-hdfs/src/main/proto/NamenodeProtocol.proto)
INFO: a message type GetCompInstancesRequestProto was added in new version. (hadoop-yarn-project/hadoop-yarn/hadoop-yarn-applications/hadoop-yarn-services/hadoop-yarn-services-core/src/main/proto/ClientAMProtocol.proto)
INFO: a message type CancelUpgradeResponseProto was added in new version. (hadoop-yarn-project/hadoop-yarn/hadoop-yarn-applications/hadoop-yarn-services/hadoop-yarn-services-core/src/main/proto/ClientAMProtocol.proto)
INFO: a message type RestartServiceRequestProto was added in new version. (hadoop-yarn-project/hadoop-yarn/hadoop-yarn-applications/hadoop-yarn-services/hadoop-yarn-services-core/src/main/proto/ClientAMProtocol.proto)
INFO: a message type RestartServiceResponseProto was added in new version. (hadoop-yarn-project/hadoop-yarn/hadoop-yarn-applications/hadoop-yarn-services/hadoop-yarn-services-core/src/main/proto/ClientAMProtocol.proto)
INFO: a message type GetCompInstancesResponseProto was added in new version. (hadoop-yarn-project/hadoop-yarn/hadoop-yarn-applications/hadoop-yarn-services/hadoop-yarn-services-core/src/main/proto/ClientAMProtocol.proto)
INFO: a message type CompInstancesUpgradeResponseProto was added in new version. (hadoop-yarn-project/hadoop-yarn/hadoop-yarn-applications/hadoop-yarn-services/hadoop-yarn-services-core/src/main/proto/ClientAMProtocol.proto)
INFO: a message type CancelUpgradeRequestProto was added in new version. (hadoop-yarn-project/hadoop-yarn/hadoop-yarn-applications/hadoop-yarn-services/hadoop-yarn-services-core/src/main/proto/ClientAMProtocol.proto)
INFO: a message type CompInstancesUpgradeRequestProto was added in new version. (hadoop-yarn-project/hadoop-yarn/hadoop-yarn-applications/hadoop-yarn-services/hadoop-yarn-services-core/src/main/proto/ClientAMProtocol.proto)
INFO: a message type UpgradeServiceResponseProto was added in new version. (hadoop-yarn-project/hadoop-yarn/hadoop-yarn-applications/hadoop-yarn-services/hadoop-yarn-services-core/src/main/proto/ClientAMProtocol.proto)
INFO: a message type UpgradeServiceRequestProto was added in new version. (hadoop-yarn-project/hadoop-yarn/hadoop-yarn-applications/hadoop-yarn-services/hadoop-yarn-services-core/src/main/proto/ClientAMProtocol.proto)
