[31mERROR: a required field 'diskspaceQuota' is deleted in new version!!! (hadoop-hdfs-project/hadoop-hdfs/src/main/proto/ClientNamenodeProtocol.proto) [0m
[31mERROR: a required field 'storagespaceQuota' is added in new version!!! (hadoop-hdfs-project/hadoop-hdfs/src/main/proto/ClientNamenodeProtocol.proto) [0m
INFO: a message type TruncateResponseProto was added in new version. (hadoop-hdfs-project/hadoop-hdfs/src/main/proto/ClientNamenodeProtocol.proto)
INFO: a message type TruncateRequestProto was added in new version. (hadoop-hdfs-project/hadoop-hdfs/src/main/proto/ClientNamenodeProtocol.proto)
INFO: a message type RefreshAdminAclsRequestProto was deleted due to a/an removed file: hadoop-mapreduce-project/hadoop-mapreduce-client/hadoop-mapreduce-client-hs/src/main/proto/HSAdminRefreshProtocol.proto
INFO: a message type RefreshLogRetentionSettingsResponseProto was deleted due to a/an removed file: hadoop-mapreduce-project/hadoop-mapreduce-client/hadoop-mapreduce-client-hs/src/main/proto/HSAdminRefreshProtocol.proto
INFO: a message type RefreshJobRetentionSettingsRequestProto was deleted due to a/an removed file: hadoop-mapreduce-project/hadoop-mapreduce-client/hadoop-mapreduce-client-hs/src/main/proto/HSAdminRefreshProtocol.proto
INFO: a message type RefreshLoadedJobCacheRequestProto was deleted due to a/an removed file: hadoop-mapreduce-project/hadoop-mapreduce-client/hadoop-mapreduce-client-hs/src/main/proto/HSAdminRefreshProtocol.proto
INFO: a message type RefreshJobRetentionSettingsResponseProto was deleted due to a/an removed file: hadoop-mapreduce-project/hadoop-mapreduce-client/hadoop-mapreduce-client-hs/src/main/proto/HSAdminRefreshProtocol.proto
INFO: a message type RefreshAdminAclsResponseProto was deleted due to a/an removed file: hadoop-mapreduce-project/hadoop-mapreduce-client/hadoop-mapreduce-client-hs/src/main/proto/HSAdminRefreshProtocol.proto
INFO: a message type RefreshLoadedJobCacheResponseProto was deleted due to a/an removed file: hadoop-mapreduce-project/hadoop-mapreduce-client/hadoop-mapreduce-client-hs/src/main/proto/HSAdminRefreshProtocol.proto
INFO: a message type RefreshLogRetentionSettingsRequestProto was deleted due to a/an removed file: hadoop-mapreduce-project/hadoop-mapreduce-client/hadoop-mapreduce-client-hs/src/main/proto/HSAdminRefreshProtocol.proto
INFO: a message type StorageTypeQuotaInfoProto was added in new version. (hadoop-hdfs-project/hadoop-hdfs/src/main/proto/hdfs.proto)
INFO: a message type StorageTypeQuotaInfosProto was added in new version. (hadoop-hdfs-project/hadoop-hdfs/src/main/proto/hdfs.proto)
INFO: a message type LabelsToNodeIdsProto was added in new version. (hadoop-yarn-project/hadoop-yarn/hadoop-yarn-api/src/main/proto/yarn_protos.proto)
INFO: a message type SCMUploaderCanUploadRequestProto was added in new version. (hadoop-yarn-project/hadoop-yarn/hadoop-yarn-server/hadoop-yarn-server-common/src/main/proto/yarn_server_common_service_protos.proto)
INFO: a message type SCMUploaderNotifyRequestProto was added in new version. (hadoop-yarn-project/hadoop-yarn/hadoop-yarn-server/hadoop-yarn-server-common/src/main/proto/yarn_server_common_service_protos.proto)
INFO: a message type SCMUploaderNotifyResponseProto was added in new version. (hadoop-yarn-project/hadoop-yarn/hadoop-yarn-server/hadoop-yarn-server-common/src/main/proto/yarn_server_common_service_protos.proto)
INFO: a message type SCMUploaderCanUploadResponseProto was added in new version. (hadoop-yarn-project/hadoop-yarn/hadoop-yarn-server/hadoop-yarn-server-common/src/main/proto/yarn_server_common_service_protos.proto)
INFO: a message type UseSharedCacheResourceResponseProto was added in new version. (hadoop-yarn-project/hadoop-yarn/hadoop-yarn-api/src/main/proto/yarn_service_protos.proto)
INFO: a message type ReleaseSharedCacheResourceRequestProto was added in new version. (hadoop-yarn-project/hadoop-yarn/hadoop-yarn-api/src/main/proto/yarn_service_protos.proto)
INFO: a message type ReleaseSharedCacheResourceResponseProto was added in new version. (hadoop-yarn-project/hadoop-yarn/hadoop-yarn-api/src/main/proto/yarn_service_protos.proto)
INFO: a message type GetLabelsToNodesRequestProto was added in new version. (hadoop-yarn-project/hadoop-yarn/hadoop-yarn-api/src/main/proto/yarn_service_protos.proto)
INFO: a message type GetLabelsToNodesResponseProto was added in new version. (hadoop-yarn-project/hadoop-yarn/hadoop-yarn-api/src/main/proto/yarn_service_protos.proto)
INFO: a message type UseSharedCacheResourceRequestProto was added in new version. (hadoop-yarn-project/hadoop-yarn/hadoop-yarn-api/src/main/proto/yarn_service_protos.proto)
INFO: a message type RunSharedCacheCleanerTaskRequestProto was added in new version. (hadoop-yarn-project/hadoop-yarn/hadoop-yarn-api/src/main/proto/yarn_service_protos.proto)
INFO: a message type RunSharedCacheCleanerTaskResponseProto was added in new version. (hadoop-yarn-project/hadoop-yarn/hadoop-yarn-api/src/main/proto/yarn_service_protos.proto)
INFO: a message type VolumeFailureSummaryProto was added in new version. (hadoop-hdfs-project/hadoop-hdfs/src/main/proto/DatanodeProtocol.proto)
INFO: a message type LogDeleterProto was added in new version. (hadoop-yarn-project/hadoop-yarn/hadoop-yarn-server/hadoop-yarn-server-nodemanager/src/main/proto/yarn_server_nodemanager_recovery.proto)
INFO: a message type TimelineDelegationTokenIdentifierDataProto was added due to a/an added file: hadoop-yarn-project/hadoop-yarn/hadoop-yarn-server/hadoop-yarn-server-applicationhistoryservice/src/main/proto/yarn_server_timelineserver_recovery.proto
INFO: a message type RefreshAdminAclsRequestProto was added due to a/an added file: hadoop-mapreduce-project/hadoop-mapreduce-client/hadoop-mapreduce-client-common/src/main/proto/HSAdminRefreshProtocol.proto
INFO: a message type RefreshLogRetentionSettingsResponseProto was added due to a/an added file: hadoop-mapreduce-project/hadoop-mapreduce-client/hadoop-mapreduce-client-common/src/main/proto/HSAdminRefreshProtocol.proto
INFO: a message type RefreshJobRetentionSettingsRequestProto was added due to a/an added file: hadoop-mapreduce-project/hadoop-mapreduce-client/hadoop-mapreduce-client-common/src/main/proto/HSAdminRefreshProtocol.proto
INFO: a message type RefreshLoadedJobCacheRequestProto was added due to a/an added file: hadoop-mapreduce-project/hadoop-mapreduce-client/hadoop-mapreduce-client-common/src/main/proto/HSAdminRefreshProtocol.proto
INFO: a message type RefreshJobRetentionSettingsResponseProto was added due to a/an added file: hadoop-mapreduce-project/hadoop-mapreduce-client/hadoop-mapreduce-client-common/src/main/proto/HSAdminRefreshProtocol.proto
INFO: a message type RefreshAdminAclsResponseProto was added due to a/an added file: hadoop-mapreduce-project/hadoop-mapreduce-client/hadoop-mapreduce-client-common/src/main/proto/HSAdminRefreshProtocol.proto
INFO: a message type RefreshLoadedJobCacheResponseProto was added due to a/an added file: hadoop-mapreduce-project/hadoop-mapreduce-client/hadoop-mapreduce-client-common/src/main/proto/HSAdminRefreshProtocol.proto
INFO: a message type RefreshLogRetentionSettingsRequestProto was added due to a/an added file: hadoop-mapreduce-project/hadoop-mapreduce-client/hadoop-mapreduce-client-common/src/main/proto/HSAdminRefreshProtocol.proto
