[31mERROR: a required field 'md5' is deleted in new version!!! (hadoop-hdfs-project/hadoop-hdfs-client/src/main/proto/datatransfer.proto) [0m
[31mERROR: a required field 'blockChecksum' is added in new version!!! (hadoop-hdfs-project/hadoop-hdfs-client/src/main/proto/datatransfer.proto) [0m
INFO: a message type HandshakeSecretProto was added in new version. (hadoop-hdfs-project/hadoop-hdfs-client/src/main/proto/datatransfer.proto)
INFO: a message type UpgradeStatusResponseProto was added in new version. (hadoop-hdfs-project/hadoop-hdfs-client/src/main/proto/ClientNamenodeProtocol.proto)
INFO: a message type GetBatchedListingRequestProto was added in new version. (hadoop-hdfs-project/hadoop-hdfs-client/src/main/proto/ClientNamenodeProtocol.proto)
INFO: a message type HAServiceStateResponseProto was added in new version. (hadoop-hdfs-project/hadoop-hdfs-client/src/main/proto/ClientNamenodeProtocol.proto)
INFO: a message type SatisfyStoragePolicyRequestProto was added in new version. (hadoop-hdfs-project/hadoop-hdfs-client/src/main/proto/ClientNamenodeProtocol.proto)
INFO: a message type MsyncResponseProto was added in new version. (hadoop-hdfs-project/hadoop-hdfs-client/src/main/proto/ClientNamenodeProtocol.proto)
INFO: a message type SatisfyStoragePolicyResponseProto was added in new version. (hadoop-hdfs-project/hadoop-hdfs-client/src/main/proto/ClientNamenodeProtocol.proto)
INFO: a message type UpgradeStatusRequestProto was added in new version. (hadoop-hdfs-project/hadoop-hdfs-client/src/main/proto/ClientNamenodeProtocol.proto)
INFO: a message type MsyncRequestProto was added in new version. (hadoop-hdfs-project/hadoop-hdfs-client/src/main/proto/ClientNamenodeProtocol.proto)
INFO: a message type HAServiceStateRequestProto was added in new version. (hadoop-hdfs-project/hadoop-hdfs-client/src/main/proto/ClientNamenodeProtocol.proto)
INFO: a message type GetBatchedListingResponseProto was added in new version. (hadoop-hdfs-project/hadoop-hdfs-client/src/main/proto/ClientNamenodeProtocol.proto)
INFO: a message type GetDisabledNameservicesResponseProto was added in new version. (hadoop-hdfs-project/hadoop-hdfs-rbf/src/main/proto/FederationProtocol.proto)
INFO: a message type RefreshSuperUserGroupsConfigurationRequestProto was added in new version. (hadoop-hdfs-project/hadoop-hdfs-rbf/src/main/proto/FederationProtocol.proto)
INFO: a message type GetDestinationRequestProto was added in new version. (hadoop-hdfs-project/hadoop-hdfs-rbf/src/main/proto/FederationProtocol.proto)
INFO: a message type RefreshSuperUserGroupsConfigurationResponseProto was added in new version. (hadoop-hdfs-project/hadoop-hdfs-rbf/src/main/proto/FederationProtocol.proto)
INFO: a message type DisabledNameserviceRecordProto was added in new version. (hadoop-hdfs-project/hadoop-hdfs-rbf/src/main/proto/FederationProtocol.proto)
INFO: a message type EnableNameserviceResponseProto was added in new version. (hadoop-hdfs-project/hadoop-hdfs-rbf/src/main/proto/FederationProtocol.proto)
INFO: a message type DisableNameserviceResponseProto was added in new version. (hadoop-hdfs-project/hadoop-hdfs-rbf/src/main/proto/FederationProtocol.proto)
INFO: a message type DisableNameserviceRequestProto was added in new version. (hadoop-hdfs-project/hadoop-hdfs-rbf/src/main/proto/FederationProtocol.proto)
INFO: a message type GetDisabledNameservicesRequestProto was added in new version. (hadoop-hdfs-project/hadoop-hdfs-rbf/src/main/proto/FederationProtocol.proto)
INFO: a message type GetDestinationResponseProto was added in new version. (hadoop-hdfs-project/hadoop-hdfs-rbf/src/main/proto/FederationProtocol.proto)
INFO: a message type RefreshMountTableEntriesResponseProto was added in new version. (hadoop-hdfs-project/hadoop-hdfs-rbf/src/main/proto/FederationProtocol.proto)
INFO: a message type EnableNameserviceRequestProto was added in new version. (hadoop-hdfs-project/hadoop-hdfs-rbf/src/main/proto/FederationProtocol.proto)
INFO: a message type RefreshMountTableEntriesRequestProto was added in new version. (hadoop-hdfs-project/hadoop-hdfs-rbf/src/main/proto/FederationProtocol.proto)
INFO: a message type GetJournaledEditsRequestProto was added in new version. (hadoop-hdfs-project/hadoop-hdfs/src/main/proto/QJournalProtocol.proto)
INFO: a message type GetJournaledEditsResponseProto was added in new version. (hadoop-hdfs-project/hadoop-hdfs/src/main/proto/QJournalProtocol.proto)
INFO: a message type NodeAttributeInfoProto was added in new version. (hadoop-yarn-project/hadoop-yarn/hadoop-yarn-api/src/main/proto/yarn_protos.proto)
INFO: a message type NodeToAttributesProto was added in new version. (hadoop-yarn-project/hadoop-yarn/hadoop-yarn-api/src/main/proto/yarn_protos.proto)
INFO: a message type NodeAttributeKeyProto was added in new version. (hadoop-yarn-project/hadoop-yarn/hadoop-yarn-api/src/main/proto/yarn_protos.proto)
INFO: a message type NodeAttributeProto was added in new version. (hadoop-yarn-project/hadoop-yarn/hadoop-yarn-api/src/main/proto/yarn_protos.proto)
INFO: a message type NodeToAttributeValueProto was added in new version. (hadoop-yarn-project/hadoop-yarn/hadoop-yarn-api/src/main/proto/yarn_protos.proto)
INFO: a message type AttributeToNodesProto was added in new version. (hadoop-yarn-project/hadoop-yarn/hadoop-yarn-api/src/main/proto/yarn_protos.proto)
INFO: a message type NodeAttributesProto was added in new version. (hadoop-yarn-project/hadoop-yarn/hadoop-yarn-server/hadoop-yarn-server-common/src/main/proto/yarn_server_common_service_protos.proto)
INFO: a message type LocalFileSystemPathHandleProto was added in new version. (hadoop-common-project/hadoop-common/src/main/proto/FSProtos.proto)
INFO: a message type NodesToAttributesMappingRequestProto was added in new version. (hadoop-yarn-project/hadoop-yarn/hadoop-yarn-api/src/main/proto/server/yarn_server_resourcemanager_service_protos.proto)
INFO: a message type NodesToAttributesMappingResponseProto was added in new version. (hadoop-yarn-project/hadoop-yarn/hadoop-yarn-api/src/main/proto/server/yarn_server_resourcemanager_service_protos.proto)
INFO: a message type RemoteExceptionProto was added in new version. (hadoop-hdfs-project/hadoop-hdfs-client/src/main/proto/hdfs.proto)
INFO: a message type BlockChecksumOptionsProto was added in new version. (hadoop-hdfs-project/hadoop-hdfs-client/src/main/proto/hdfs.proto)
INFO: a message type BatchedListingKeyProto was added in new version. (hadoop-hdfs-project/hadoop-hdfs-client/src/main/proto/hdfs.proto)
INFO: a message type BatchedDirectoryListingProto was added in new version. (hadoop-hdfs-project/hadoop-hdfs-client/src/main/proto/hdfs.proto)
INFO: a message type ECTopologyVerifierResultProto was added in new version. (hadoop-hdfs-project/hadoop-hdfs-client/src/main/proto/hdfs.proto)
INFO: a message type GetLocalizationStatusesResponseProto was added in new version. (hadoop-yarn-project/hadoop-yarn/hadoop-yarn-api/src/main/proto/yarn_service_protos.proto)
INFO: a message type GetNodesToAttributesResponseProto was added in new version. (hadoop-yarn-project/hadoop-yarn/hadoop-yarn-api/src/main/proto/yarn_service_protos.proto)
INFO: a message type ContainerLocalizationStatusesProto was added in new version. (hadoop-yarn-project/hadoop-yarn/hadoop-yarn-api/src/main/proto/yarn_service_protos.proto)
INFO: a message type LocalizationStatusProto was added in new version. (hadoop-yarn-project/hadoop-yarn/hadoop-yarn-api/src/main/proto/yarn_service_protos.proto)
INFO: a message type GetLocalizationStatusesRequestProto was added in new version. (hadoop-yarn-project/hadoop-yarn/hadoop-yarn-api/src/main/proto/yarn_service_protos.proto)
INFO: a message type GetClusterNodeAttributesRequestProto was added in new version. (hadoop-yarn-project/hadoop-yarn/hadoop-yarn-api/src/main/proto/yarn_service_protos.proto)
INFO: a message type GetAttributesToNodesRequestProto was added in new version. (hadoop-yarn-project/hadoop-yarn/hadoop-yarn-api/src/main/proto/yarn_service_protos.proto)
INFO: a message type GetNodesToAttributesRequestProto was added in new version. (hadoop-yarn-project/hadoop-yarn/hadoop-yarn-api/src/main/proto/yarn_service_protos.proto)
INFO: a message type GetAttributesToNodesResponseProto was added in new version. (hadoop-yarn-project/hadoop-yarn/hadoop-yarn-api/src/main/proto/yarn_service_protos.proto)
INFO: a message type GetClusterNodeAttributesResponseProto was added in new version. (hadoop-yarn-project/hadoop-yarn/hadoop-yarn-api/src/main/proto/yarn_service_protos.proto)
INFO: a message type GetFilePathResponseProto was added in new version. (hadoop-hdfs-project/hadoop-hdfs/src/main/proto/NamenodeProtocol.proto)
INFO: a message type GetFilePathRequestProto was added in new version. (hadoop-hdfs-project/hadoop-hdfs/src/main/proto/NamenodeProtocol.proto)
INFO: a message type GetNextSPSPathResponseProto was added in new version. (hadoop-hdfs-project/hadoop-hdfs/src/main/proto/NamenodeProtocol.proto)
INFO: a message type GetNextSPSPathRequestProto was added in new version. (hadoop-hdfs-project/hadoop-hdfs/src/main/proto/NamenodeProtocol.proto)
INFO: a message type GetECTopologyResultForPoliciesRequestProto was added in new version. (hadoop-hdfs-project/hadoop-hdfs-client/src/main/proto/erasurecoding.proto)
INFO: a message type GetECTopologyResultForPoliciesResponseProto was added in new version. (hadoop-hdfs-project/hadoop-hdfs-client/src/main/proto/erasurecoding.proto)
INFO: a message type TransitionToObserverRequestProto was added in new version. (hadoop-common-project/hadoop-common/src/main/proto/HAServiceProtocol.proto)
INFO: a message type TransitionToObserverResponseProto was added in new version. (hadoop-common-project/hadoop-common/src/main/proto/HAServiceProtocol.proto)
INFO: a message type GetCompInstancesRequestProto was added in new version. (hadoop-yarn-project/hadoop-yarn/hadoop-yarn-applications/hadoop-yarn-services/hadoop-yarn-services-core/src/main/proto/ClientAMProtocol.proto)
INFO: a message type CancelUpgradeResponseProto was added in new version. (hadoop-yarn-project/hadoop-yarn/hadoop-yarn-applications/hadoop-yarn-services/hadoop-yarn-services-core/src/main/proto/ClientAMProtocol.proto)
INFO: a message type RestartServiceRequestProto was added in new version. (hadoop-yarn-project/hadoop-yarn/hadoop-yarn-applications/hadoop-yarn-services/hadoop-yarn-services-core/src/main/proto/ClientAMProtocol.proto)
INFO: a message type RestartServiceResponseProto was added in new version. (hadoop-yarn-project/hadoop-yarn/hadoop-yarn-applications/hadoop-yarn-services/hadoop-yarn-services-core/src/main/proto/ClientAMProtocol.proto)
INFO: a message type GetCompInstancesResponseProto was added in new version. (hadoop-yarn-project/hadoop-yarn/hadoop-yarn-applications/hadoop-yarn-services/hadoop-yarn-services-core/src/main/proto/ClientAMProtocol.proto)
INFO: a message type CompInstancesUpgradeResponseProto was added in new version. (hadoop-yarn-project/hadoop-yarn/hadoop-yarn-applications/hadoop-yarn-services/hadoop-yarn-services-core/src/main/proto/ClientAMProtocol.proto)
INFO: a message type DecommissionCompInstancesRequestProto was added in new version. (hadoop-yarn-project/hadoop-yarn/hadoop-yarn-applications/hadoop-yarn-services/hadoop-yarn-services-core/src/main/proto/ClientAMProtocol.proto)
INFO: a message type CancelUpgradeRequestProto was added in new version. (hadoop-yarn-project/hadoop-yarn/hadoop-yarn-applications/hadoop-yarn-services/hadoop-yarn-services-core/src/main/proto/ClientAMProtocol.proto)
INFO: a message type DecommissionCompInstancesResponseProto was added in new version. (hadoop-yarn-project/hadoop-yarn/hadoop-yarn-applications/hadoop-yarn-services/hadoop-yarn-services-core/src/main/proto/ClientAMProtocol.proto)
INFO: a message type CompInstancesUpgradeRequestProto was added in new version. (hadoop-yarn-project/hadoop-yarn/hadoop-yarn-applications/hadoop-yarn-services/hadoop-yarn-services-core/src/main/proto/ClientAMProtocol.proto)
INFO: a message type UpgradeServiceResponseProto was added in new version. (hadoop-yarn-project/hadoop-yarn/hadoop-yarn-applications/hadoop-yarn-services/hadoop-yarn-services-core/src/main/proto/ClientAMProtocol.proto)
INFO: a message type UpgradeServiceRequestProto was added in new version. (hadoop-yarn-project/hadoop-yarn/hadoop-yarn-applications/hadoop-yarn-services/hadoop-yarn-services-core/src/main/proto/ClientAMProtocol.proto)
INFO: a message type RequestHeaderProto was added due to a/an added file: hadoop-common-project/hadoop-common/src/main/proto/ProtobufRpcEngine2.proto
INFO: a message type VolumeCapability was added due to a/an added file: hadoop-yarn-project/hadoop-yarn/hadoop-yarn-api/src/main/proto/yarn_csi_adaptor.proto
INFO: a message type NodePublishVolumeRequest was added due to a/an added file: hadoop-yarn-project/hadoop-yarn/hadoop-yarn-api/src/main/proto/yarn_csi_adaptor.proto
INFO: a message type GetPluginInfoRequest was added due to a/an added file: hadoop-yarn-project/hadoop-yarn/hadoop-yarn-api/src/main/proto/yarn_csi_adaptor.proto
INFO: a message type GetPluginInfoResponse was added due to a/an added file: hadoop-yarn-project/hadoop-yarn/hadoop-yarn-api/src/main/proto/yarn_csi_adaptor.proto
INFO: a message type ValidateVolumeCapabilitiesResponse was added due to a/an added file: hadoop-yarn-project/hadoop-yarn/hadoop-yarn-api/src/main/proto/yarn_csi_adaptor.proto
INFO: a message type ValidateVolumeCapabilitiesRequest was added due to a/an added file: hadoop-yarn-project/hadoop-yarn/hadoop-yarn-api/src/main/proto/yarn_csi_adaptor.proto
INFO: a message type NodeUnpublishVolumeResponse was added due to a/an added file: hadoop-yarn-project/hadoop-yarn/hadoop-yarn-api/src/main/proto/yarn_csi_adaptor.proto
INFO: a message type NodePublishVolumeResponse was added due to a/an added file: hadoop-yarn-project/hadoop-yarn/hadoop-yarn-api/src/main/proto/yarn_csi_adaptor.proto
INFO: a message type NodeUnpublishVolumeRequest was added due to a/an added file: hadoop-yarn-project/hadoop-yarn/hadoop-yarn-api/src/main/proto/yarn_csi_adaptor.proto
INFO: a message type TopologyRequirement was added due to a/an added file: hadoop-yarn-project/hadoop-yarn/hadoop-yarn-csi/src/main/proto/csi.proto
INFO: a message type DeleteVolumeRequest was added due to a/an added file: hadoop-yarn-project/hadoop-yarn/hadoop-yarn-csi/src/main/proto/csi.proto
INFO: a message type NodeGetInfoRequest was added due to a/an added file: hadoop-yarn-project/hadoop-yarn/hadoop-yarn-csi/src/main/proto/csi.proto
INFO: a message type CreateVolumeRequest was added due to a/an added file: hadoop-yarn-project/hadoop-yarn/hadoop-yarn-csi/src/main/proto/csi.proto
INFO: a message type GetCapacityResponse was added due to a/an added file: hadoop-yarn-project/hadoop-yarn/hadoop-yarn-csi/src/main/proto/csi.proto
INFO: a message type ListVolumesResponse was added due to a/an added file: hadoop-yarn-project/hadoop-yarn/hadoop-yarn-csi/src/main/proto/csi.proto
INFO: a message type NodeServiceCapability was added due to a/an added file: hadoop-yarn-project/hadoop-yarn/hadoop-yarn-csi/src/main/proto/csi.proto
INFO: a message type NodePublishVolumeRequest was added due to a/an added file: hadoop-yarn-project/hadoop-yarn/hadoop-yarn-csi/src/main/proto/csi.proto
INFO: a message type ProbeResponse was added due to a/an added file: hadoop-yarn-project/hadoop-yarn/hadoop-yarn-csi/src/main/proto/csi.proto
INFO: a message type ControllerGetCapabilitiesResponse was added due to a/an added file: hadoop-yarn-project/hadoop-yarn/hadoop-yarn-csi/src/main/proto/csi.proto
INFO: a message type NodeStageVolumeRequest was added due to a/an added file: hadoop-yarn-project/hadoop-yarn/hadoop-yarn-csi/src/main/proto/csi.proto
INFO: a message type ProbeRequest was added due to a/an added file: hadoop-yarn-project/hadoop-yarn/hadoop-yarn-csi/src/main/proto/csi.proto
INFO: a message type NodeUnpublishVolumeResponse was added due to a/an added file: hadoop-yarn-project/hadoop-yarn/hadoop-yarn-csi/src/main/proto/csi.proto
INFO: a message type NodeGetCapabilitiesResponse was added due to a/an added file: hadoop-yarn-project/hadoop-yarn/hadoop-yarn-csi/src/main/proto/csi.proto
INFO: a message type ControllerUnpublishVolumeResponse was added due to a/an added file: hadoop-yarn-project/hadoop-yarn/hadoop-yarn-csi/src/main/proto/csi.proto
INFO: a message type DeleteSnapshotResponse was added due to a/an added file: hadoop-yarn-project/hadoop-yarn/hadoop-yarn-csi/src/main/proto/csi.proto
INFO: a message type NodeUnpublishVolumeRequest was added due to a/an added file: hadoop-yarn-project/hadoop-yarn/hadoop-yarn-csi/src/main/proto/csi.proto
INFO: a message type NodeGetCapabilitiesRequest was added due to a/an added file: hadoop-yarn-project/hadoop-yarn/hadoop-yarn-csi/src/main/proto/csi.proto
INFO: a message type ControllerServiceCapability was added due to a/an added file: hadoop-yarn-project/hadoop-yarn/hadoop-yarn-csi/src/main/proto/csi.proto
INFO: a message type ListSnapshotsRequest was added due to a/an added file: hadoop-yarn-project/hadoop-yarn/hadoop-yarn-csi/src/main/proto/csi.proto
INFO: a message type GetPluginInfoRequest was added due to a/an added file: hadoop-yarn-project/hadoop-yarn/hadoop-yarn-csi/src/main/proto/csi.proto
INFO: a message type DeleteVolumeResponse was added due to a/an added file: hadoop-yarn-project/hadoop-yarn/hadoop-yarn-csi/src/main/proto/csi.proto
INFO: a message type ValidateVolumeCapabilitiesResponse was added due to a/an added file: hadoop-yarn-project/hadoop-yarn/hadoop-yarn-csi/src/main/proto/csi.proto
INFO: a message type ControllerGetCapabilitiesRequest was added due to a/an added file: hadoop-yarn-project/hadoop-yarn/hadoop-yarn-csi/src/main/proto/csi.proto
INFO: a message type Topology was added due to a/an added file: hadoop-yarn-project/hadoop-yarn/hadoop-yarn-csi/src/main/proto/csi.proto
INFO: a message type NodeGetIdRequest was added due to a/an added file: hadoop-yarn-project/hadoop-yarn/hadoop-yarn-csi/src/main/proto/csi.proto
INFO: a message type Snapshot was added due to a/an added file: hadoop-yarn-project/hadoop-yarn/hadoop-yarn-csi/src/main/proto/csi.proto
INFO: a message type PluginCapability was added due to a/an added file: hadoop-yarn-project/hadoop-yarn/hadoop-yarn-csi/src/main/proto/csi.proto
INFO: a message type Volume was added due to a/an added file: hadoop-yarn-project/hadoop-yarn/hadoop-yarn-csi/src/main/proto/csi.proto
INFO: a message type ControllerPublishVolumeRequest was added due to a/an added file: hadoop-yarn-project/hadoop-yarn/hadoop-yarn-csi/src/main/proto/csi.proto
INFO: a message type NodeGetInfoResponse was added due to a/an added file: hadoop-yarn-project/hadoop-yarn/hadoop-yarn-csi/src/main/proto/csi.proto
INFO: a message type ListVolumesRequest was added due to a/an added file: hadoop-yarn-project/hadoop-yarn/hadoop-yarn-csi/src/main/proto/csi.proto
INFO: a message type CapacityRange was added due to a/an added file: hadoop-yarn-project/hadoop-yarn/hadoop-yarn-csi/src/main/proto/csi.proto
INFO: a message type NodeStageVolumeResponse was added due to a/an added file: hadoop-yarn-project/hadoop-yarn/hadoop-yarn-csi/src/main/proto/csi.proto
INFO: a message type ListSnapshotsResponse was added due to a/an added file: hadoop-yarn-project/hadoop-yarn/hadoop-yarn-csi/src/main/proto/csi.proto
INFO: a message type CreateSnapshotResponse was added due to a/an added file: hadoop-yarn-project/hadoop-yarn/hadoop-yarn-csi/src/main/proto/csi.proto
INFO: a message type CreateSnapshotRequest was added due to a/an added file: hadoop-yarn-project/hadoop-yarn/hadoop-yarn-csi/src/main/proto/csi.proto
INFO: a message type CreateVolumeResponse was added due to a/an added file: hadoop-yarn-project/hadoop-yarn/hadoop-yarn-csi/src/main/proto/csi.proto
INFO: a message type GetPluginCapabilitiesRequest was added due to a/an added file: hadoop-yarn-project/hadoop-yarn/hadoop-yarn-csi/src/main/proto/csi.proto
INFO: a message type ControllerPublishVolumeResponse was added due to a/an added file: hadoop-yarn-project/hadoop-yarn/hadoop-yarn-csi/src/main/proto/csi.proto
INFO: a message type ControllerUnpublishVolumeRequest was added due to a/an added file: hadoop-yarn-project/hadoop-yarn/hadoop-yarn-csi/src/main/proto/csi.proto
INFO: a message type VolumeCapability was added due to a/an added file: hadoop-yarn-project/hadoop-yarn/hadoop-yarn-csi/src/main/proto/csi.proto
INFO: a message type NodeUnstageVolumeResponse was added due to a/an added file: hadoop-yarn-project/hadoop-yarn/hadoop-yarn-csi/src/main/proto/csi.proto
INFO: a message type GetPluginInfoResponse was added due to a/an added file: hadoop-yarn-project/hadoop-yarn/hadoop-yarn-csi/src/main/proto/csi.proto
INFO: a message type GetCapacityRequest was added due to a/an added file: hadoop-yarn-project/hadoop-yarn/hadoop-yarn-csi/src/main/proto/csi.proto
INFO: a message type DeleteSnapshotRequest was added due to a/an added file: hadoop-yarn-project/hadoop-yarn/hadoop-yarn-csi/src/main/proto/csi.proto
INFO: a message type NodePublishVolumeResponse was added due to a/an added file: hadoop-yarn-project/hadoop-yarn/hadoop-yarn-csi/src/main/proto/csi.proto
INFO: a message type SnapshotStatus was added due to a/an added file: hadoop-yarn-project/hadoop-yarn/hadoop-yarn-csi/src/main/proto/csi.proto
INFO: a message type NodeGetIdResponse was added due to a/an added file: hadoop-yarn-project/hadoop-yarn/hadoop-yarn-csi/src/main/proto/csi.proto
INFO: a message type GetPluginCapabilitiesResponse was added due to a/an added file: hadoop-yarn-project/hadoop-yarn/hadoop-yarn-csi/src/main/proto/csi.proto
INFO: a message type ValidateVolumeCapabilitiesRequest was added due to a/an added file: hadoop-yarn-project/hadoop-yarn/hadoop-yarn-csi/src/main/proto/csi.proto
INFO: a message type NodeUnstageVolumeRequest was added due to a/an added file: hadoop-yarn-project/hadoop-yarn/hadoop-yarn-csi/src/main/proto/csi.proto
INFO: a message type VolumeContentSource was added due to a/an added file: hadoop-yarn-project/hadoop-yarn/hadoop-yarn-csi/src/main/proto/csi.proto
