INFO: a message type OpCustomProto was deleted in new version. (hadoop-hdfs-project/hadoop-hdfs-client/src/main/proto/datatransfer.proto)
INFO: a message type GetQuotaUsageResponseProto was deleted in new version. (hadoop-hdfs-project/hadoop-hdfs-client/src/main/proto/ClientNamenodeProtocol.proto)
INFO: a message type UnsetStoragePolicyRequestProto was deleted in new version. (hadoop-hdfs-project/hadoop-hdfs-client/src/main/proto/ClientNamenodeProtocol.proto)
INFO: a message type UnsetStoragePolicyResponseProto was deleted in new version. (hadoop-hdfs-project/hadoop-hdfs-client/src/main/proto/ClientNamenodeProtocol.proto)
INFO: a message type GetQuotaUsageRequestProto was deleted in new version. (hadoop-hdfs-project/hadoop-hdfs-client/src/main/proto/ClientNamenodeProtocol.proto)
INFO: a message type ResourceUtilizationProto was added in new version. (hadoop-yarn-project/hadoop-yarn/hadoop-yarn-server/hadoop-yarn-server-common/src/main/proto/yarn_server_common_protos.proto)
INFO: a message type RemoteEditLogProto was deleted due to a/an removed file: hadoop-hdfs-project/hadoop-hdfs/src/main/proto/HdfsServer.proto
INFO: a message type VersionRequestProto was deleted due to a/an removed file: hadoop-hdfs-project/hadoop-hdfs/src/main/proto/HdfsServer.proto
INFO: a message type CheckpointCommandProto was deleted due to a/an removed file: hadoop-hdfs-project/hadoop-hdfs/src/main/proto/HdfsServer.proto
INFO: a message type RemoteEditLogManifestProto was deleted due to a/an removed file: hadoop-hdfs-project/hadoop-hdfs/src/main/proto/HdfsServer.proto
INFO: a message type BlockWithLocationsProto was deleted due to a/an removed file: hadoop-hdfs-project/hadoop-hdfs/src/main/proto/HdfsServer.proto
INFO: a message type RecoveringBlockProto was deleted due to a/an removed file: hadoop-hdfs-project/hadoop-hdfs/src/main/proto/HdfsServer.proto
INFO: a message type NamespaceInfoProto was deleted due to a/an removed file: hadoop-hdfs-project/hadoop-hdfs/src/main/proto/HdfsServer.proto
INFO: a message type StorageInfoProto was deleted due to a/an removed file: hadoop-hdfs-project/hadoop-hdfs/src/main/proto/HdfsServer.proto
INFO: a message type StorageUuidsProto was deleted due to a/an removed file: hadoop-hdfs-project/hadoop-hdfs/src/main/proto/HdfsServer.proto
INFO: a message type NamenodeRegistrationProto was deleted due to a/an removed file: hadoop-hdfs-project/hadoop-hdfs/src/main/proto/HdfsServer.proto
INFO: a message type NNHAStatusHeartbeatProto was deleted due to a/an removed file: hadoop-hdfs-project/hadoop-hdfs/src/main/proto/HdfsServer.proto
INFO: a message type BlocksWithLocationsProto was deleted due to a/an removed file: hadoop-hdfs-project/hadoop-hdfs/src/main/proto/HdfsServer.proto
INFO: a message type VersionResponseProto was deleted due to a/an removed file: hadoop-hdfs-project/hadoop-hdfs/src/main/proto/HdfsServer.proto
INFO: a message type ExportedBlockKeysProto was deleted due to a/an removed file: hadoop-hdfs-project/hadoop-hdfs/src/main/proto/HdfsServer.proto
INFO: a message type CheckpointSignatureProto was deleted due to a/an removed file: hadoop-hdfs-project/hadoop-hdfs/src/main/proto/HdfsServer.proto
INFO: a message type NamenodeCommandProto was deleted due to a/an removed file: hadoop-hdfs-project/hadoop-hdfs/src/main/proto/HdfsServer.proto
INFO: a message type BlockKeyProto was deleted due to a/an removed file: hadoop-hdfs-project/hadoop-hdfs/src/main/proto/HdfsServer.proto
INFO: a message type ResourceAllocationRequestProto was deleted in new version. (hadoop-yarn-project/hadoop-yarn/hadoop-yarn-api/src/main/proto/yarn_protos.proto)
INFO: a message type ReservationAllocationStateProto was deleted in new version. (hadoop-yarn-project/hadoop-yarn/hadoop-yarn-api/src/main/proto/yarn_protos.proto)
INFO: a message type ResourceUtilizationProto was deleted in new version. (hadoop-yarn-project/hadoop-yarn/hadoop-yarn-api/src/main/proto/yarn_protos.proto)
INFO: a message type NodeIdToLabelsProto was deleted in new version. (hadoop-yarn-project/hadoop-yarn/hadoop-yarn-api/src/main/proto/yarn_protos.proto)
INFO: a message type AMBlackListingRequestProto was deleted in new version. (hadoop-yarn-project/hadoop-yarn/hadoop-yarn-api/src/main/proto/yarn_protos.proto)
INFO: a message type NodeIdToLabelsInfoProto was added in new version. (hadoop-yarn-project/hadoop-yarn/hadoop-yarn-api/src/main/proto/yarn_protos.proto)
INFO: a message type GetBalancerBandwidthRequestProto was deleted in new version. (hadoop-hdfs-project/hadoop-hdfs-client/src/main/proto/ClientDatanodeProtocol.proto)
INFO: a message type GetBalancerBandwidthResponseProto was deleted in new version. (hadoop-hdfs-project/hadoop-hdfs-client/src/main/proto/ClientDatanodeProtocol.proto)
INFO: a message type EvictWritersResponseProto was deleted in new version. (hadoop-hdfs-project/hadoop-hdfs-client/src/main/proto/ClientDatanodeProtocol.proto)
INFO: a message type EvictWritersRequestProto was deleted in new version. (hadoop-hdfs-project/hadoop-hdfs-client/src/main/proto/ClientDatanodeProtocol.proto)
INFO: a message type RefreshClusterMaxPriorityRequestProto was deleted in new version. (hadoop-yarn-project/hadoop-yarn/hadoop-yarn-api/src/main/proto/server/yarn_server_resourcemanager_service_protos.proto)
[31mERROR: tag number of field 'nodeLabels' has changed across versions!!! (hadoop-yarn-project/hadoop-yarn/hadoop-yarn-api/src/main/proto/server/yarn_server_resourcemanager_service_protos.proto) [0m
INFO: a message type RefreshNodesResourcesRequestProto was deleted in new version. (hadoop-yarn-project/hadoop-yarn/hadoop-yarn-api/src/main/proto/server/yarn_server_resourcemanager_service_protos.proto)
INFO: a message type RefreshNodesResourcesResponseProto was deleted in new version. (hadoop-yarn-project/hadoop-yarn/hadoop-yarn-api/src/main/proto/server/yarn_server_resourcemanager_service_protos.proto)
INFO: a message type RefreshClusterMaxPriorityResponseProto was deleted in new version. (hadoop-yarn-project/hadoop-yarn/hadoop-yarn-api/src/main/proto/server/yarn_server_resourcemanager_service_protos.proto)
INFO: a message type ResourceAllocationRequestProto was added in new version. (hadoop-yarn-project/hadoop-yarn/hadoop-yarn-server/hadoop-yarn-server-resourcemanager/src/main/proto/yarn_server_resourcemanager_recovery.proto)
INFO: a message type ReservationAllocationStateProto was added in new version. (hadoop-yarn-project/hadoop-yarn/hadoop-yarn-server/hadoop-yarn-server-resourcemanager/src/main/proto/yarn_server_resourcemanager_recovery.proto)
INFO: a message type QuotaUsageProto was deleted in new version. (hadoop-hdfs-project/hadoop-hdfs-client/src/main/proto/hdfs.proto)
INFO: a message type CheckpointCommandProto was added in new version. (hadoop-hdfs-project/hadoop-hdfs-client/src/main/proto/hdfs.proto)
INFO: a message type BlockWithLocationsProto was added in new version. (hadoop-hdfs-project/hadoop-hdfs-client/src/main/proto/hdfs.proto)
INFO: a message type StorageUuidsProto was added in new version. (hadoop-hdfs-project/hadoop-hdfs-client/src/main/proto/hdfs.proto)
INFO: a message type VersionResponseProto was added in new version. (hadoop-hdfs-project/hadoop-hdfs-client/src/main/proto/hdfs.proto)
INFO: a message type CheckpointSignatureProto was added in new version. (hadoop-hdfs-project/hadoop-hdfs-client/src/main/proto/hdfs.proto)
INFO: a message type ExportedBlockKeysProto was added in new version. (hadoop-hdfs-project/hadoop-hdfs-client/src/main/proto/hdfs.proto)
INFO: a message type NamenodeCommandProto was added in new version. (hadoop-hdfs-project/hadoop-hdfs-client/src/main/proto/hdfs.proto)
INFO: a message type BlockKeyProto was added in new version. (hadoop-hdfs-project/hadoop-hdfs-client/src/main/proto/hdfs.proto)
INFO: a message type RemoteEditLogProto was added in new version. (hadoop-hdfs-project/hadoop-hdfs-client/src/main/proto/hdfs.proto)
INFO: a message type VersionRequestProto was added in new version. (hadoop-hdfs-project/hadoop-hdfs-client/src/main/proto/hdfs.proto)
INFO: a message type RemoteEditLogManifestProto was added in new version. (hadoop-hdfs-project/hadoop-hdfs-client/src/main/proto/hdfs.proto)
INFO: a message type RecoveringBlockProto was added in new version. (hadoop-hdfs-project/hadoop-hdfs-client/src/main/proto/hdfs.proto)
INFO: a message type NamespaceInfoProto was added in new version. (hadoop-hdfs-project/hadoop-hdfs-client/src/main/proto/hdfs.proto)
INFO: a message type StorageInfoProto was added in new version. (hadoop-hdfs-project/hadoop-hdfs-client/src/main/proto/hdfs.proto)
INFO: a message type NamenodeRegistrationProto was added in new version. (hadoop-hdfs-project/hadoop-hdfs-client/src/main/proto/hdfs.proto)
INFO: a message type BlocksWithLocationsProto was added in new version. (hadoop-hdfs-project/hadoop-hdfs-client/src/main/proto/hdfs.proto)
INFO: a message type UpdateApplicationPriorityResponseProto was deleted in new version. (hadoop-yarn-project/hadoop-yarn/hadoop-yarn-api/src/main/proto/yarn_service_protos.proto)
INFO: a message type FailApplicationAttemptResponseProto was deleted in new version. (hadoop-yarn-project/hadoop-yarn/hadoop-yarn-api/src/main/proto/yarn_service_protos.proto)
INFO: a message type GetNewReservationRequestProto was deleted in new version. (hadoop-yarn-project/hadoop-yarn/hadoop-yarn-api/src/main/proto/yarn_service_protos.proto)
INFO: a message type FailApplicationAttemptRequestProto was deleted in new version. (hadoop-yarn-project/hadoop-yarn/hadoop-yarn-api/src/main/proto/yarn_service_protos.proto)
INFO: a message type GetNewReservationResponseProto was deleted in new version. (hadoop-yarn-project/hadoop-yarn/hadoop-yarn-api/src/main/proto/yarn_service_protos.proto)
INFO: a message type ReservationListRequestProto was deleted in new version. (hadoop-yarn-project/hadoop-yarn/hadoop-yarn-api/src/main/proto/yarn_service_protos.proto)
INFO: a message type IncreaseContainersResourceRequestProto was deleted in new version. (hadoop-yarn-project/hadoop-yarn/hadoop-yarn-api/src/main/proto/yarn_service_protos.proto)
INFO: a message type UpdateContainerErrorProto was deleted in new version. (hadoop-yarn-project/hadoop-yarn/hadoop-yarn-api/src/main/proto/yarn_service_protos.proto)
INFO: a message type IncreaseContainersResourceResponseProto was deleted in new version. (hadoop-yarn-project/hadoop-yarn/hadoop-yarn-api/src/main/proto/yarn_service_protos.proto)
INFO: a message type UpdateApplicationPriorityRequestProto was deleted in new version. (hadoop-yarn-project/hadoop-yarn/hadoop-yarn-api/src/main/proto/yarn_service_protos.proto)
INFO: a message type SignalContainerRequestProto was deleted in new version. (hadoop-yarn-project/hadoop-yarn/hadoop-yarn-api/src/main/proto/yarn_service_protos.proto)
INFO: a message type SignalContainerResponseProto was deleted in new version. (hadoop-yarn-project/hadoop-yarn/hadoop-yarn-api/src/main/proto/yarn_service_protos.proto)
[31mERROR: tag number of field 'nodeLabels' has changed across versions!!! (hadoop-yarn-project/hadoop-yarn/hadoop-yarn-api/src/main/proto/yarn_service_protos.proto) [0m
INFO: a message type UpdatedContainerProto was deleted in new version. (hadoop-yarn-project/hadoop-yarn/hadoop-yarn-api/src/main/proto/yarn_service_protos.proto)
INFO: a message type ReservationListResponseProto was deleted in new version. (hadoop-yarn-project/hadoop-yarn/hadoop-yarn-api/src/main/proto/yarn_service_protos.proto)
INFO: a message type UpdateContainerRequestProto was deleted in new version. (hadoop-yarn-project/hadoop-yarn/hadoop-yarn-api/src/main/proto/yarn_service_protos.proto)
INFO: a message type GetContainerStatusRequestProto was added in new version. (hadoop-yarn-project/hadoop-yarn/hadoop-yarn-api/src/main/proto/yarn_service_protos.proto)
INFO: a message type GetContainerStatusResponseProto was added in new version. (hadoop-yarn-project/hadoop-yarn/hadoop-yarn-api/src/main/proto/yarn_service_protos.proto)
INFO: a message type RPCCallerContextProto was deleted in new version. (hadoop-common-project/hadoop-common/src/main/proto/RpcHeader.proto)
[31mERROR: tag number of field 'fullBlockReportLeaseId' has changed across versions!!! (hadoop-hdfs-project/hadoop-hdfs/src/main/proto/DatanodeProtocol.proto) [0m
INFO: a message type NNHAStatusHeartbeatProto was added in new version. (hadoop-hdfs-project/hadoop-hdfs/src/main/proto/DatanodeProtocol.proto)
INFO: a message type LifelineResponseProto was deleted due to a/an removed file: hadoop-hdfs-project/hadoop-hdfs/src/main/proto/DatanodeLifelineProtocol.proto
INFO: a message type SlowPingRequestProto was deleted in new version. (hadoop-common-project/hadoop-common/src/test/proto/test.proto)
INFO: a message type SleepResponseProto was deleted in new version. (hadoop-common-project/hadoop-common/src/test/proto/test.proto)
INFO: a message type OptResponseProto was deleted in new version. (hadoop-common-project/hadoop-common/src/test/proto/test.proto)
INFO: a message type ExchangeResponseProto was deleted in new version. (hadoop-common-project/hadoop-common/src/test/proto/test.proto)
INFO: a message type EchoResponseProto2 was deleted in new version. (hadoop-common-project/hadoop-common/src/test/proto/test.proto)
INFO: a message type OptRequestProto was deleted in new version. (hadoop-common-project/hadoop-common/src/test/proto/test.proto)
INFO: a message type AuthUserResponseProto was deleted in new version. (hadoop-common-project/hadoop-common/src/test/proto/test.proto)
INFO: a message type AuthMethodResponseProto was deleted in new version. (hadoop-common-project/hadoop-common/src/test/proto/test.proto)
INFO: a message type AddRequestProto2 was deleted in new version. (hadoop-common-project/hadoop-common/src/test/proto/test.proto)
INFO: a message type ExchangeRequestProto was deleted in new version. (hadoop-common-project/hadoop-common/src/test/proto/test.proto)
INFO: a message type SleepRequestProto was deleted in new version. (hadoop-common-project/hadoop-common/src/test/proto/test.proto)
INFO: a message type AddRequestProto was deleted in new version. (hadoop-common-project/hadoop-common/src/test/proto/test.proto)
INFO: a message type AddResponseProto was deleted in new version. (hadoop-common-project/hadoop-common/src/test/proto/test.proto)
INFO: a message type EchoRequestProto2 was deleted in new version. (hadoop-common-project/hadoop-common/src/test/proto/test.proto)
