INFO: a message type HandshakeSecretProto was added in new version. (hadoop-hdfs-project/hadoop-hdfs-client/src/main/proto/datatransfer.proto)
INFO: a message type HAServiceStateResponseProto was added in new version. (hadoop-hdfs-project/hadoop-hdfs-client/src/main/proto/ClientNamenodeProtocol.proto)
INFO: a message type MsyncResponseProto was added in new version. (hadoop-hdfs-project/hadoop-hdfs-client/src/main/proto/ClientNamenodeProtocol.proto)
INFO: a message type MsyncRequestProto was added in new version. (hadoop-hdfs-project/hadoop-hdfs-client/src/main/proto/ClientNamenodeProtocol.proto)
INFO: a message type HAServiceStateRequestProto was added in new version. (hadoop-hdfs-project/hadoop-hdfs-client/src/main/proto/ClientNamenodeProtocol.proto)
INFO: a message type GetJournaledEditsRequestProto was added in new version. (hadoop-hdfs-project/hadoop-hdfs/src/main/proto/QJournalProtocol.proto)
INFO: a message type GetJournaledEditsResponseProto was added in new version. (hadoop-hdfs-project/hadoop-hdfs/src/main/proto/QJournalProtocol.proto)
INFO: a message type ResourceTypeInfoProto was added in new version. (hadoop-yarn-project/hadoop-yarn/hadoop-yarn-api/src/main/proto/yarn_protos.proto)
INFO: a message type StringLongMapProto was added in new version. (hadoop-yarn-project/hadoop-yarn/hadoop-yarn-api/src/main/proto/yarn_protos.proto)
INFO: a message type ResourceInformationProto was added in new version. (hadoop-yarn-project/hadoop-yarn/hadoop-yarn-api/src/main/proto/yarn_protos.proto)
INFO: a message type GetAllResourceTypeInfoResponseProto was added in new version. (hadoop-yarn-project/hadoop-yarn/hadoop-yarn-api/src/main/proto/yarn_service_protos.proto)
INFO: a message type GetAllResourceTypeInfoRequestProto was added in new version. (hadoop-yarn-project/hadoop-yarn/hadoop-yarn-api/src/main/proto/yarn_service_protos.proto)
INFO: a message type RemoveMountTableEntryRequestProto was deleted due to a/an removed file: hadoop-hdfs-project/hadoop-hdfs/src/main/proto/FederationProtocol.proto
INFO: a message type UpdateMountTableEntryRequestProto was deleted due to a/an removed file: hadoop-hdfs-project/hadoop-hdfs/src/main/proto/FederationProtocol.proto
INFO: a message type GetMountTableEntriesRequestProto was deleted due to a/an removed file: hadoop-hdfs-project/hadoop-hdfs/src/main/proto/FederationProtocol.proto
INFO: a message type NamenodeMembershipRecordProto was deleted due to a/an removed file: hadoop-hdfs-project/hadoop-hdfs/src/main/proto/FederationProtocol.proto
INFO: a message type AddMountTableEntryRequestProto was deleted due to a/an removed file: hadoop-hdfs-project/hadoop-hdfs/src/main/proto/FederationProtocol.proto
INFO: a message type GetMountTableEntriesResponseProto was deleted due to a/an removed file: hadoop-hdfs-project/hadoop-hdfs/src/main/proto/FederationProtocol.proto
INFO: a message type NamenodeHeartbeatResponseProto was deleted due to a/an removed file: hadoop-hdfs-project/hadoop-hdfs/src/main/proto/FederationProtocol.proto
INFO: a message type UpdateMountTableEntryResponseProto was deleted due to a/an removed file: hadoop-hdfs-project/hadoop-hdfs/src/main/proto/FederationProtocol.proto
INFO: a message type NamenodeMembershipStatsRecordProto was deleted due to a/an removed file: hadoop-hdfs-project/hadoop-hdfs/src/main/proto/FederationProtocol.proto
INFO: a message type GetNamenodeRegistrationsRequestProto was deleted due to a/an removed file: hadoop-hdfs-project/hadoop-hdfs/src/main/proto/FederationProtocol.proto
INFO: a message type AddMountTableEntryResponseProto was deleted due to a/an removed file: hadoop-hdfs-project/hadoop-hdfs/src/main/proto/FederationProtocol.proto
INFO: a message type RemoveMountTableEntryResponseProto was deleted due to a/an removed file: hadoop-hdfs-project/hadoop-hdfs/src/main/proto/FederationProtocol.proto
INFO: a message type MountTableRecordProto was deleted due to a/an removed file: hadoop-hdfs-project/hadoop-hdfs/src/main/proto/FederationProtocol.proto
INFO: a message type NamenodeHeartbeatRequestProto was deleted due to a/an removed file: hadoop-hdfs-project/hadoop-hdfs/src/main/proto/FederationProtocol.proto
INFO: a message type RemoteLocationProto was deleted due to a/an removed file: hadoop-hdfs-project/hadoop-hdfs/src/main/proto/FederationProtocol.proto
INFO: a message type GetExpiredRegistrationsRequestProto was deleted due to a/an removed file: hadoop-hdfs-project/hadoop-hdfs/src/main/proto/FederationProtocol.proto
INFO: a message type GetNamenodeRegistrationsResponseProto was deleted due to a/an removed file: hadoop-hdfs-project/hadoop-hdfs/src/main/proto/FederationProtocol.proto
INFO: a message type GetNamespaceInfoResponseProto was deleted due to a/an removed file: hadoop-hdfs-project/hadoop-hdfs/src/main/proto/FederationProtocol.proto
INFO: a message type FederationNamespaceInfoProto was deleted due to a/an removed file: hadoop-hdfs-project/hadoop-hdfs/src/main/proto/FederationProtocol.proto
INFO: a message type UpdateNamenodeRegistrationRequestProto was deleted due to a/an removed file: hadoop-hdfs-project/hadoop-hdfs/src/main/proto/FederationProtocol.proto
INFO: a message type UpdateNamenodeRegistrationResponseProto was deleted due to a/an removed file: hadoop-hdfs-project/hadoop-hdfs/src/main/proto/FederationProtocol.proto
INFO: a message type GetNamespaceInfoRequestProto was deleted due to a/an removed file: hadoop-hdfs-project/hadoop-hdfs/src/main/proto/FederationProtocol.proto
INFO: a message type TransitionToObserverRequestProto was added in new version. (hadoop-common-project/hadoop-common/src/main/proto/HAServiceProtocol.proto)
INFO: a message type TransitionToObserverResponseProto was added in new version. (hadoop-common-project/hadoop-common/src/main/proto/HAServiceProtocol.proto)
INFO: a message type RemoveMountTableEntryRequestProto was added due to a/an added file: hadoop-hdfs-project/hadoop-hdfs-rbf/src/main/proto/FederationProtocol.proto
INFO: a message type EnableNameserviceResponseProto was added due to a/an added file: hadoop-hdfs-project/hadoop-hdfs-rbf/src/main/proto/FederationProtocol.proto
INFO: a message type UpdateMountTableEntryRequestProto was added due to a/an added file: hadoop-hdfs-project/hadoop-hdfs-rbf/src/main/proto/FederationProtocol.proto
INFO: a message type GetDisabledNameservicesResponseProto was added due to a/an added file: hadoop-hdfs-project/hadoop-hdfs-rbf/src/main/proto/FederationProtocol.proto
INFO: a message type StateStoreVersionRecordProto was added due to a/an added file: hadoop-hdfs-project/hadoop-hdfs-rbf/src/main/proto/FederationProtocol.proto
INFO: a message type AddMountTableEntryRequestProto was added due to a/an added file: hadoop-hdfs-project/hadoop-hdfs-rbf/src/main/proto/FederationProtocol.proto
INFO: a message type DisableNameserviceResponseProto was added due to a/an added file: hadoop-hdfs-project/hadoop-hdfs-rbf/src/main/proto/FederationProtocol.proto
INFO: a message type NamenodeHeartbeatResponseProto was added due to a/an added file: hadoop-hdfs-project/hadoop-hdfs-rbf/src/main/proto/FederationProtocol.proto
INFO: a message type UpdateMountTableEntryResponseProto was added due to a/an added file: hadoop-hdfs-project/hadoop-hdfs-rbf/src/main/proto/FederationProtocol.proto
INFO: a message type GetRouterRegistrationResponseProto was added due to a/an added file: hadoop-hdfs-project/hadoop-hdfs-rbf/src/main/proto/FederationProtocol.proto
INFO: a message type LeaveSafeModeResponseProto was added due to a/an added file: hadoop-hdfs-project/hadoop-hdfs-rbf/src/main/proto/FederationProtocol.proto
INFO: a message type GetNamenodeRegistrationsRequestProto was added due to a/an added file: hadoop-hdfs-project/hadoop-hdfs-rbf/src/main/proto/FederationProtocol.proto
INFO: a message type EnterSafeModeRequestProto was added due to a/an added file: hadoop-hdfs-project/hadoop-hdfs-rbf/src/main/proto/FederationProtocol.proto
INFO: a message type EnterSafeModeResponseProto was added due to a/an added file: hadoop-hdfs-project/hadoop-hdfs-rbf/src/main/proto/FederationProtocol.proto
INFO: a message type MountTableRecordProto was added due to a/an added file: hadoop-hdfs-project/hadoop-hdfs-rbf/src/main/proto/FederationProtocol.proto
INFO: a message type GetExpiredRegistrationsRequestProto was added due to a/an added file: hadoop-hdfs-project/hadoop-hdfs-rbf/src/main/proto/FederationProtocol.proto
INFO: a message type GetNamespaceInfoResponseProto was added due to a/an added file: hadoop-hdfs-project/hadoop-hdfs-rbf/src/main/proto/FederationProtocol.proto
INFO: a message type GetSafeModeResponseProto was added due to a/an added file: hadoop-hdfs-project/hadoop-hdfs-rbf/src/main/proto/FederationProtocol.proto
INFO: a message type DisableNameserviceRequestProto was added due to a/an added file: hadoop-hdfs-project/hadoop-hdfs-rbf/src/main/proto/FederationProtocol.proto
INFO: a message type GetDisabledNameservicesRequestProto was added due to a/an added file: hadoop-hdfs-project/hadoop-hdfs-rbf/src/main/proto/FederationProtocol.proto
INFO: a message type UpdateNamenodeRegistrationResponseProto was added due to a/an added file: hadoop-hdfs-project/hadoop-hdfs-rbf/src/main/proto/FederationProtocol.proto
INFO: a message type GetNamespaceInfoRequestProto was added due to a/an added file: hadoop-hdfs-project/hadoop-hdfs-rbf/src/main/proto/FederationProtocol.proto
INFO: a message type GetSafeModeRequestProto was added due to a/an added file: hadoop-hdfs-project/hadoop-hdfs-rbf/src/main/proto/FederationProtocol.proto
INFO: a message type GetMountTableEntriesRequestProto was added due to a/an added file: hadoop-hdfs-project/hadoop-hdfs-rbf/src/main/proto/FederationProtocol.proto
INFO: a message type LeaveSafeModeRequestProto was added due to a/an added file: hadoop-hdfs-project/hadoop-hdfs-rbf/src/main/proto/FederationProtocol.proto
INFO: a message type GetRouterRegistrationsResponseProto was added due to a/an added file: hadoop-hdfs-project/hadoop-hdfs-rbf/src/main/proto/FederationProtocol.proto
INFO: a message type NamenodeMembershipRecordProto was added due to a/an added file: hadoop-hdfs-project/hadoop-hdfs-rbf/src/main/proto/FederationProtocol.proto
INFO: a message type RouterHeartbeatRequestProto was added due to a/an added file: hadoop-hdfs-project/hadoop-hdfs-rbf/src/main/proto/FederationProtocol.proto
INFO: a message type GetMountTableEntriesResponseProto was added due to a/an added file: hadoop-hdfs-project/hadoop-hdfs-rbf/src/main/proto/FederationProtocol.proto
INFO: a message type GetRouterRegistrationRequestProto was added due to a/an added file: hadoop-hdfs-project/hadoop-hdfs-rbf/src/main/proto/FederationProtocol.proto
INFO: a message type RouterHeartbeatResponseProto was added due to a/an added file: hadoop-hdfs-project/hadoop-hdfs-rbf/src/main/proto/FederationProtocol.proto
INFO: a message type NamenodeMembershipStatsRecordProto was added due to a/an added file: hadoop-hdfs-project/hadoop-hdfs-rbf/src/main/proto/FederationProtocol.proto
INFO: a message type AddMountTableEntryResponseProto was added due to a/an added file: hadoop-hdfs-project/hadoop-hdfs-rbf/src/main/proto/FederationProtocol.proto
INFO: a message type RemoveMountTableEntryResponseProto was added due to a/an added file: hadoop-hdfs-project/hadoop-hdfs-rbf/src/main/proto/FederationProtocol.proto
INFO: a message type RouterRecordProto was added due to a/an added file: hadoop-hdfs-project/hadoop-hdfs-rbf/src/main/proto/FederationProtocol.proto
INFO: a message type DisabledNameserviceRecordProto was added due to a/an added file: hadoop-hdfs-project/hadoop-hdfs-rbf/src/main/proto/FederationProtocol.proto
INFO: a message type EnableNameserviceRequestProto was added due to a/an added file: hadoop-hdfs-project/hadoop-hdfs-rbf/src/main/proto/FederationProtocol.proto
INFO: a message type NamenodeHeartbeatRequestProto was added due to a/an added file: hadoop-hdfs-project/hadoop-hdfs-rbf/src/main/proto/FederationProtocol.proto
INFO: a message type RemoteLocationProto was added due to a/an added file: hadoop-hdfs-project/hadoop-hdfs-rbf/src/main/proto/FederationProtocol.proto
INFO: a message type GetNamenodeRegistrationsResponseProto was added due to a/an added file: hadoop-hdfs-project/hadoop-hdfs-rbf/src/main/proto/FederationProtocol.proto
INFO: a message type GetRouterRegistrationsRequestProto was added due to a/an added file: hadoop-hdfs-project/hadoop-hdfs-rbf/src/main/proto/FederationProtocol.proto
INFO: a message type UpdateNamenodeRegistrationRequestProto was added due to a/an added file: hadoop-hdfs-project/hadoop-hdfs-rbf/src/main/proto/FederationProtocol.proto
INFO: a message type FederationNamespaceInfoProto was added due to a/an added file: hadoop-hdfs-project/hadoop-hdfs-rbf/src/main/proto/FederationProtocol.proto
