INFO: a message type RegionServerReportRequest was deleted due to a/an removed file: hbase-protocol/src/main/protobuf/RegionServerStatus.proto
INFO: a message type ReportRSFatalErrorRequest was deleted due to a/an removed file: hbase-protocol/src/main/protobuf/RegionServerStatus.proto
INFO: a message type GetLastFlushedSequenceIdResponse was deleted due to a/an removed file: hbase-protocol/src/main/protobuf/RegionServerStatus.proto
INFO: a message type RegionServerStartupResponse was deleted due to a/an removed file: hbase-protocol/src/main/protobuf/RegionServerStatus.proto
INFO: a message type RegionServerReportResponse was deleted due to a/an removed file: hbase-protocol/src/main/protobuf/RegionServerStatus.proto
INFO: a message type ReportRegionStateTransitionRequest was deleted due to a/an removed file: hbase-protocol/src/main/protobuf/RegionServerStatus.proto
INFO: a message type ReportRSFatalErrorResponse was deleted due to a/an removed file: hbase-protocol/src/main/protobuf/RegionServerStatus.proto
INFO: a message type GetLastFlushedSequenceIdRequest was deleted due to a/an removed file: hbase-protocol/src/main/protobuf/RegionServerStatus.proto
INFO: a message type RegionStateTransition was deleted due to a/an removed file: hbase-protocol/src/main/protobuf/RegionServerStatus.proto
INFO: a message type ReportRegionStateTransitionResponse was deleted due to a/an removed file: hbase-protocol/src/main/protobuf/RegionServerStatus.proto
INFO: a message type RegionServerStartupRequest was deleted due to a/an removed file: hbase-protocol/src/main/protobuf/RegionServerStatus.proto
INFO: a message type ColumnValueFilter was added in new version. (hbase-protocol/src/main/protobuf/Filter.proto)
INFO: a message type CountRequest was deleted due to a/an removed file: hbase-server/src/test/protobuf/PingProtocol.proto
INFO: a message type IncrementCountRequest was deleted due to a/an removed file: hbase-server/src/test/protobuf/PingProtocol.proto
INFO: a message type NoopRequest was deleted due to a/an removed file: hbase-server/src/test/protobuf/PingProtocol.proto
INFO: a message type NoopResponse was deleted due to a/an removed file: hbase-server/src/test/protobuf/PingProtocol.proto
INFO: a message type PingRequest was deleted due to a/an removed file: hbase-server/src/test/protobuf/PingProtocol.proto
INFO: a message type HelloResponse was deleted due to a/an removed file: hbase-server/src/test/protobuf/PingProtocol.proto
INFO: a message type HelloRequest was deleted due to a/an removed file: hbase-server/src/test/protobuf/PingProtocol.proto
INFO: a message type CountResponse was deleted due to a/an removed file: hbase-server/src/test/protobuf/PingProtocol.proto
INFO: a message type PingResponse was deleted due to a/an removed file: hbase-server/src/test/protobuf/PingProtocol.proto
INFO: a message type IncrementCountResponse was deleted due to a/an removed file: hbase-server/src/test/protobuf/PingProtocol.proto
INFO: a message type NamespaceProperties was deleted due to a/an removed file: hbase-rest/src/main/resources/org/apache/hadoop/hbase/rest/protobuf/NamespacePropertiesMessage.proto
INFO: a message type TableSchema was deleted due to a/an removed file: hbase-rest/src/main/resources/org/apache/hadoop/hbase/rest/protobuf/TableSchemaMessage.proto
INFO: a message type AddRSGroupResponse was deleted due to a/an removed file: hbase-protocol/src/main/protobuf/RSGroupAdmin.proto
INFO: a message type GetRSGroupInfoResponse was deleted due to a/an removed file: hbase-protocol/src/main/protobuf/RSGroupAdmin.proto
INFO: a message type BalanceRSGroupRequest was deleted due to a/an removed file: hbase-protocol/src/main/protobuf/RSGroupAdmin.proto
INFO: a message type RemoveServersRequest was deleted due to a/an removed file: hbase-protocol/src/main/protobuf/RSGroupAdmin.proto
INFO: a message type MoveServersAndTablesResponse was deleted due to a/an removed file: hbase-protocol/src/main/protobuf/RSGroupAdmin.proto
INFO: a message type MoveTablesRequest was deleted due to a/an removed file: hbase-protocol/src/main/protobuf/RSGroupAdmin.proto
INFO: a message type ListRSGroupInfosRequest was deleted due to a/an removed file: hbase-protocol/src/main/protobuf/RSGroupAdmin.proto
INFO: a message type GetRSGroupInfoOfServerRequest was deleted due to a/an removed file: hbase-protocol/src/main/protobuf/RSGroupAdmin.proto
INFO: a message type MoveTablesResponse was deleted due to a/an removed file: hbase-protocol/src/main/protobuf/RSGroupAdmin.proto
INFO: a message type MoveServersAndTablesRequest was deleted due to a/an removed file: hbase-protocol/src/main/protobuf/RSGroupAdmin.proto
INFO: a message type GetRSGroupInfoOfTableRequest was deleted due to a/an removed file: hbase-protocol/src/main/protobuf/RSGroupAdmin.proto
INFO: a message type ListRSGroupInfosResponse was deleted due to a/an removed file: hbase-protocol/src/main/protobuf/RSGroupAdmin.proto
INFO: a message type GetRSGroupInfoOfTableResponse was deleted due to a/an removed file: hbase-protocol/src/main/protobuf/RSGroupAdmin.proto
INFO: a message type RemoveRSGroupResponse was deleted due to a/an removed file: hbase-protocol/src/main/protobuf/RSGroupAdmin.proto
INFO: a message type MoveServersRequest was deleted due to a/an removed file: hbase-protocol/src/main/protobuf/RSGroupAdmin.proto
INFO: a message type ListTablesOfRSGroupRequest was deleted due to a/an removed file: hbase-protocol/src/main/protobuf/RSGroupAdmin.proto
INFO: a message type ListTablesOfRSGroupResponse was deleted due to a/an removed file: hbase-protocol/src/main/protobuf/RSGroupAdmin.proto
INFO: a message type AddRSGroupRequest was deleted due to a/an removed file: hbase-protocol/src/main/protobuf/RSGroupAdmin.proto
INFO: a message type GetRSGroupInfoRequest was deleted due to a/an removed file: hbase-protocol/src/main/protobuf/RSGroupAdmin.proto
INFO: a message type BalanceRSGroupResponse was deleted due to a/an removed file: hbase-protocol/src/main/protobuf/RSGroupAdmin.proto
INFO: a message type MoveServersResponse was deleted due to a/an removed file: hbase-protocol/src/main/protobuf/RSGroupAdmin.proto
INFO: a message type GetRSGroupInfoOfServerResponse was deleted due to a/an removed file: hbase-protocol/src/main/protobuf/RSGroupAdmin.proto
INFO: a message type RemoveServersResponse was deleted due to a/an removed file: hbase-protocol/src/main/protobuf/RSGroupAdmin.proto
INFO: a message type RemoveRSGroupRequest was deleted due to a/an removed file: hbase-protocol/src/main/protobuf/RSGroupAdmin.proto
INFO: a message type Table was deleted in new version. (hbase-protocol/src/main/protobuf/ZooKeeper.proto)
[31mERROR: tag number of field 'bandwidth' has changed across versions!!! (hbase-protocol/src/main/protobuf/ZooKeeper.proto) [0m
INFO: a message type RegionTransition was deleted in new version. (hbase-protocol/src/main/protobuf/ZooKeeper.proto)
INFO: a message type ReplicationLock was deleted in new version. (hbase-protocol/src/main/protobuf/ZooKeeper.proto)
INFO: a message type TableLock was deleted in new version. (hbase-protocol/src/main/protobuf/ZooKeeper.proto)
INFO: a message type DeprecatedTableState was added in new version. (hbase-protocol/src/main/protobuf/ZooKeeper.proto)
INFO: a message type Attribute was deleted in new version. (hbase-protocol/src/main/protobuf/WAL.proto)
INFO: a message type Scanner was deleted due to a/an removed file: hbase-rest/src/main/resources/org/apache/hadoop/hbase/rest/protobuf/ScannerMessage.proto
INFO: a message type TableList was deleted due to a/an removed file: hbase-rest/src/main/resources/org/apache/hadoop/hbase/rest/protobuf/TableListMessage.proto
INFO: a message type TableInfo was deleted due to a/an removed file: hbase-rest/src/main/resources/org/apache/hadoop/hbase/rest/protobuf/TableInfoMessage.proto
INFO: a message type AggregateRequest was deleted due to a/an removed file: hbase-protocol/src/main/protobuf/Aggregate.proto
INFO: a message type AggregateResponse was deleted due to a/an removed file: hbase-protocol/src/main/protobuf/Aggregate.proto
INFO: a message type ModifyNamespaceStateData was deleted due to a/an removed file: hbase-protocol/src/main/protobuf/MasterProcedure.proto
INFO: a message type ServerCrashStateData was deleted due to a/an removed file: hbase-protocol/src/main/protobuf/MasterProcedure.proto
INFO: a message type ModifyTableStateData was deleted due to a/an removed file: hbase-protocol/src/main/protobuf/MasterProcedure.proto
INFO: a message type DeleteNamespaceStateData was deleted due to a/an removed file: hbase-protocol/src/main/protobuf/MasterProcedure.proto
INFO: a message type EnableTableStateData was deleted due to a/an removed file: hbase-protocol/src/main/protobuf/MasterProcedure.proto
INFO: a message type TruncateTableStateData was deleted due to a/an removed file: hbase-protocol/src/main/protobuf/MasterProcedure.proto
INFO: a message type DeleteColumnFamilyStateData was deleted due to a/an removed file: hbase-protocol/src/main/protobuf/MasterProcedure.proto
INFO: a message type CreateTableStateData was deleted due to a/an removed file: hbase-protocol/src/main/protobuf/MasterProcedure.proto
INFO: a message type ModifyColumnFamilyStateData was deleted due to a/an removed file: hbase-protocol/src/main/protobuf/MasterProcedure.proto
INFO: a message type CreateNamespaceStateData was deleted due to a/an removed file: hbase-protocol/src/main/protobuf/MasterProcedure.proto
INFO: a message type DisableTableStateData was deleted due to a/an removed file: hbase-protocol/src/main/protobuf/MasterProcedure.proto
INFO: a message type AddColumnFamilyStateData was deleted due to a/an removed file: hbase-protocol/src/main/protobuf/MasterProcedure.proto
INFO: a message type DeleteTableStateData was deleted due to a/an removed file: hbase-protocol/src/main/protobuf/MasterProcedure.proto
INFO: a message type StorageClusterStatus was deleted due to a/an removed file: hbase-rest/src/main/resources/org/apache/hadoop/hbase/rest/protobuf/StorageClusterStatusMessage.proto
INFO: a message type IncCounterProcessorRequest was deleted due to a/an removed file: hbase-server/src/test/protobuf/IncrementCounterProcessor.proto
INFO: a message type FriendsOfFriendsProcessorRequest was deleted due to a/an removed file: hbase-server/src/test/protobuf/IncrementCounterProcessor.proto
INFO: a message type FriendsOfFriendsProcessorResponse was deleted due to a/an removed file: hbase-server/src/test/protobuf/IncrementCounterProcessor.proto
INFO: a message type IncCounterProcessorResponse was deleted due to a/an removed file: hbase-server/src/test/protobuf/IncrementCounterProcessor.proto
INFO: a message type TimeoutProcessorRequest was deleted due to a/an removed file: hbase-server/src/test/protobuf/IncrementCounterProcessor.proto
INFO: a message type RowSwapProcessorResponse was deleted due to a/an removed file: hbase-server/src/test/protobuf/IncrementCounterProcessor.proto
INFO: a message type TimeoutProcessorResponse was deleted due to a/an removed file: hbase-server/src/test/protobuf/IncrementCounterProcessor.proto
INFO: a message type RowSwapProcessorRequest was deleted due to a/an removed file: hbase-server/src/test/protobuf/IncrementCounterProcessor.proto
INFO: a message type CellSet was deleted due to a/an removed file: hbase-rest/src/main/resources/org/apache/hadoop/hbase/rest/protobuf/CellSetMessage.proto
INFO: a message type Namespaces was deleted due to a/an removed file: hbase-rest/src/main/resources/org/apache/hadoop/hbase/rest/protobuf/NamespacesMessage.proto
INFO: a message type TestTableDDLStateData was deleted due to a/an removed file: hbase-server/src/test/protobuf/TestProcedure.proto
INFO: a message type IsInMaintenanceModeResponse was deleted due to a/an removed file: hbase-protocol/src/main/protobuf/Master.proto
INFO: a message type ShutdownResponse was deleted due to a/an removed file: hbase-protocol/src/main/protobuf/Master.proto
INFO: a message type SetCleanerChoreRunningRequest was deleted due to a/an removed file: hbase-protocol/src/main/protobuf/Master.proto
INFO: a message type ModifyNamespaceResponse was deleted due to a/an removed file: hbase-protocol/src/main/protobuf/Master.proto
INFO: a message type EnableTableResponse was deleted due to a/an removed file: hbase-protocol/src/main/protobuf/Master.proto
INFO: a message type EnableTableRequest was deleted due to a/an removed file: hbase-protocol/src/main/protobuf/Master.proto
INFO: a message type DeleteNamespaceResponse was deleted due to a/an removed file: hbase-protocol/src/main/protobuf/Master.proto
INFO: a message type ExecProcedureResponse was deleted due to a/an removed file: hbase-protocol/src/main/protobuf/Master.proto
INFO: a message type ListProceduresRequest was deleted due to a/an removed file: hbase-protocol/src/main/protobuf/Master.proto
INFO: a message type DeleteTableRequest was deleted due to a/an removed file: hbase-protocol/src/main/protobuf/Master.proto
INFO: a message type IsCatalogJanitorEnabledRequest was deleted due to a/an removed file: hbase-protocol/src/main/protobuf/Master.proto
INFO: a message type MajorCompactionTimestampRequest was deleted due to a/an removed file: hbase-protocol/src/main/protobuf/Master.proto
INFO: a message type ListProceduresResponse was deleted due to a/an removed file: hbase-protocol/src/main/protobuf/Master.proto
INFO: a message type CreateTableRequest was deleted due to a/an removed file: hbase-protocol/src/main/protobuf/Master.proto
INFO: a message type CreateNamespaceResponse was deleted due to a/an removed file: hbase-protocol/src/main/protobuf/Master.proto
INFO: a message type ListNamespaceDescriptorsResponse was deleted due to a/an removed file: hbase-protocol/src/main/protobuf/Master.proto
INFO: a message type IsCleanerChoreEnabledRequest was deleted due to a/an removed file: hbase-protocol/src/main/protobuf/Master.proto
INFO: a message type ModifyTableResponse was deleted due to a/an removed file: hbase-protocol/src/main/protobuf/Master.proto
INFO: a message type OfflineRegionResponse was deleted due to a/an removed file: hbase-protocol/src/main/protobuf/Master.proto
INFO: a message type ModifyColumnRequest was deleted due to a/an removed file: hbase-protocol/src/main/protobuf/Master.proto
INFO: a message type IsNormalizerEnabledRequest was deleted due to a/an removed file: hbase-protocol/src/main/protobuf/Master.proto
INFO: a message type SetQuotaRequest was deleted due to a/an removed file: hbase-protocol/src/main/protobuf/Master.proto
INFO: a message type DeleteNamespaceRequest was deleted due to a/an removed file: hbase-protocol/src/main/protobuf/Master.proto
INFO: a message type ListTableDescriptorsByNamespaceResponse was deleted due to a/an removed file: hbase-protocol/src/main/protobuf/Master.proto
INFO: a message type TruncateTableRequest was deleted due to a/an removed file: hbase-protocol/src/main/protobuf/Master.proto
INFO: a message type StopMasterRequest was deleted due to a/an removed file: hbase-protocol/src/main/protobuf/Master.proto
INFO: a message type IsNormalizerEnabledResponse was deleted due to a/an removed file: hbase-protocol/src/main/protobuf/Master.proto
INFO: a message type CreateNamespaceRequest was deleted due to a/an removed file: hbase-protocol/src/main/protobuf/Master.proto
INFO: a message type RestoreSnapshotResponse was deleted due to a/an removed file: hbase-protocol/src/main/protobuf/Master.proto
INFO: a message type RunCleanerChoreRequest was deleted due to a/an removed file: hbase-protocol/src/main/protobuf/Master.proto
INFO: a message type MajorCompactionTimestampResponse was deleted due to a/an removed file: hbase-protocol/src/main/protobuf/Master.proto
INFO: a message type SecurityCapabilitiesResponse was deleted due to a/an removed file: hbase-protocol/src/main/protobuf/Master.proto
INFO: a message type IsBalancerEnabledResponse was deleted due to a/an removed file: hbase-protocol/src/main/protobuf/Master.proto
INFO: a message type IsMasterRunningRequest was deleted due to a/an removed file: hbase-protocol/src/main/protobuf/Master.proto
INFO: a message type GetCompletedSnapshotsRequest was deleted due to a/an removed file: hbase-protocol/src/main/protobuf/Master.proto
INFO: a message type GetNamespaceDescriptorRequest was deleted due to a/an removed file: hbase-protocol/src/main/protobuf/Master.proto
INFO: a message type GetSchemaAlterStatusResponse was deleted due to a/an removed file: hbase-protocol/src/main/protobuf/Master.proto
INFO: a message type SetQuotaResponse was deleted due to a/an removed file: hbase-protocol/src/main/protobuf/Master.proto
INFO: a message type GetTableNamesRequest was deleted due to a/an removed file: hbase-protocol/src/main/protobuf/Master.proto
INFO: a message type TruncateTableResponse was deleted due to a/an removed file: hbase-protocol/src/main/protobuf/Master.proto
INFO: a message type DisableTableResponse was deleted due to a/an removed file: hbase-protocol/src/main/protobuf/Master.proto
INFO: a message type NormalizeResponse was deleted due to a/an removed file: hbase-protocol/src/main/protobuf/Master.proto
INFO: a message type SnapshotResponse was deleted due to a/an removed file: hbase-protocol/src/main/protobuf/Master.proto
INFO: a message type SetBalancerRunningResponse was deleted due to a/an removed file: hbase-protocol/src/main/protobuf/Master.proto
INFO: a message type CreateTableResponse was deleted due to a/an removed file: hbase-protocol/src/main/protobuf/Master.proto
INFO: a message type IsSplitOrMergeEnabledResponse was deleted due to a/an removed file: hbase-protocol/src/main/protobuf/Master.proto
INFO: a message type IsSnapshotDoneRequest was deleted due to a/an removed file: hbase-protocol/src/main/protobuf/Master.proto
INFO: a message type SecurityCapabilitiesRequest was deleted due to a/an removed file: hbase-protocol/src/main/protobuf/Master.proto
INFO: a message type DeleteColumnResponse was deleted due to a/an removed file: hbase-protocol/src/main/protobuf/Master.proto
INFO: a message type ListNamespaceDescriptorsRequest was deleted due to a/an removed file: hbase-protocol/src/main/protobuf/Master.proto
INFO: a message type SetNormalizerRunningRequest was deleted due to a/an removed file: hbase-protocol/src/main/protobuf/Master.proto
INFO: a message type EnableCatalogJanitorResponse was deleted due to a/an removed file: hbase-protocol/src/main/protobuf/Master.proto
INFO: a message type ListNamespacesRequest was deleted due to a/an removed file: hbase-protocol/src/main/protobuf/Master.proto
INFO: a message type GetTableDescriptorsRequest was deleted due to a/an removed file: hbase-protocol/src/main/protobuf/Master.proto
INFO: a message type GetSchemaAlterStatusRequest was deleted due to a/an removed file: hbase-protocol/src/main/protobuf/Master.proto
INFO: a message type AddColumnRequest was deleted due to a/an removed file: hbase-protocol/src/main/protobuf/Master.proto
INFO: a message type BalanceResponse was deleted due to a/an removed file: hbase-protocol/src/main/protobuf/Master.proto
INFO: a message type GetProcedureResultRequest was deleted due to a/an removed file: hbase-protocol/src/main/protobuf/Master.proto
INFO: a message type AbortProcedureResponse was deleted due to a/an removed file: hbase-protocol/src/main/protobuf/Master.proto
INFO: a message type RunCleanerChoreResponse was deleted due to a/an removed file: hbase-protocol/src/main/protobuf/Master.proto
INFO: a message type DeleteTableResponse was deleted due to a/an removed file: hbase-protocol/src/main/protobuf/Master.proto
INFO: a message type RunCatalogScanResponse was deleted due to a/an removed file: hbase-protocol/src/main/protobuf/Master.proto
INFO: a message type SetCleanerChoreRunningResponse was deleted due to a/an removed file: hbase-protocol/src/main/protobuf/Master.proto
INFO: a message type ClearDeadServersRequest was deleted due to a/an removed file: hbase-protocol/src/main/protobuf/Master.proto
INFO: a message type IsRestoreSnapshotDoneRequest was deleted due to a/an removed file: hbase-protocol/src/main/protobuf/Master.proto
INFO: a message type AssignRegionRequest was deleted due to a/an removed file: hbase-protocol/src/main/protobuf/Master.proto
INFO: a message type IsSnapshotCleanupEnabledRequest was deleted due to a/an removed file: hbase-protocol/src/main/protobuf/Master.proto
INFO: a message type IsSnapshotCleanupEnabledResponse was deleted due to a/an removed file: hbase-protocol/src/main/protobuf/Master.proto
INFO: a message type MoveRegionResponse was deleted due to a/an removed file: hbase-protocol/src/main/protobuf/Master.proto
INFO: a message type SetSnapshotCleanupResponse was deleted due to a/an removed file: hbase-protocol/src/main/protobuf/Master.proto
INFO: a message type SnapshotRequest was deleted due to a/an removed file: hbase-protocol/src/main/protobuf/Master.proto
INFO: a message type OfflineRegionRequest was deleted due to a/an removed file: hbase-protocol/src/main/protobuf/Master.proto
INFO: a message type DispatchMergingRegionsRequest was deleted due to a/an removed file: hbase-protocol/src/main/protobuf/Master.proto
INFO: a message type DeleteSnapshotResponse was deleted due to a/an removed file: hbase-protocol/src/main/protobuf/Master.proto
INFO: a message type UnassignRegionResponse was deleted due to a/an removed file: hbase-protocol/src/main/protobuf/Master.proto
INFO: a message type IsInMaintenanceModeRequest was deleted due to a/an removed file: hbase-protocol/src/main/protobuf/Master.proto
INFO: a message type IsBalancerEnabledRequest was deleted due to a/an removed file: hbase-protocol/src/main/protobuf/Master.proto
INFO: a message type ModifyColumnResponse was deleted due to a/an removed file: hbase-protocol/src/main/protobuf/Master.proto
INFO: a message type MoveRegionRequest was deleted due to a/an removed file: hbase-protocol/src/main/protobuf/Master.proto
INFO: a message type ListTableNamesByNamespaceResponse was deleted due to a/an removed file: hbase-protocol/src/main/protobuf/Master.proto
INFO: a message type MajorCompactionTimestampForRegionRequest was deleted due to a/an removed file: hbase-protocol/src/main/protobuf/Master.proto
INFO: a message type ListTableNamesByNamespaceRequest was deleted due to a/an removed file: hbase-protocol/src/main/protobuf/Master.proto
INFO: a message type IsProcedureDoneResponse was deleted due to a/an removed file: hbase-protocol/src/main/protobuf/Master.proto
INFO: a message type UnassignRegionRequest was deleted due to a/an removed file: hbase-protocol/src/main/protobuf/Master.proto
INFO: a message type GetNamespaceDescriptorResponse was deleted due to a/an removed file: hbase-protocol/src/main/protobuf/Master.proto
INFO: a message type SetBalancerRunningRequest was deleted due to a/an removed file: hbase-protocol/src/main/protobuf/Master.proto
INFO: a message type ExecProcedureRequest was deleted due to a/an removed file: hbase-protocol/src/main/protobuf/Master.proto
INFO: a message type ModifyTableRequest was deleted due to a/an removed file: hbase-protocol/src/main/protobuf/Master.proto
INFO: a message type SetNormalizerRunningResponse was deleted due to a/an removed file: hbase-protocol/src/main/protobuf/Master.proto
INFO: a message type SetSplitOrMergeEnabledRequest was deleted due to a/an removed file: hbase-protocol/src/main/protobuf/Master.proto
INFO: a message type ListTableDescriptorsByNamespaceRequest was deleted due to a/an removed file: hbase-protocol/src/main/protobuf/Master.proto
INFO: a message type SetSnapshotCleanupRequest was deleted due to a/an removed file: hbase-protocol/src/main/protobuf/Master.proto
INFO: a message type GetCompletedSnapshotsResponse was deleted due to a/an removed file: hbase-protocol/src/main/protobuf/Master.proto
INFO: a message type IsMasterRunningResponse was deleted due to a/an removed file: hbase-protocol/src/main/protobuf/Master.proto
INFO: a message type GetTableNamesResponse was deleted due to a/an removed file: hbase-protocol/src/main/protobuf/Master.proto
INFO: a message type RunCatalogScanRequest was deleted due to a/an removed file: hbase-protocol/src/main/protobuf/Master.proto
INFO: a message type StopMasterResponse was deleted due to a/an removed file: hbase-protocol/src/main/protobuf/Master.proto
INFO: a message type ShutdownRequest was deleted due to a/an removed file: hbase-protocol/src/main/protobuf/Master.proto
INFO: a message type GetTableDescriptorsResponse was deleted due to a/an removed file: hbase-protocol/src/main/protobuf/Master.proto
INFO: a message type GetProcedureResultResponse was deleted due to a/an removed file: hbase-protocol/src/main/protobuf/Master.proto
INFO: a message type BalanceRequest was deleted due to a/an removed file: hbase-protocol/src/main/protobuf/Master.proto
INFO: a message type AbortProcedureRequest was deleted due to a/an removed file: hbase-protocol/src/main/protobuf/Master.proto
INFO: a message type ClearDeadServersResponse was deleted due to a/an removed file: hbase-protocol/src/main/protobuf/Master.proto
INFO: a message type IsSplitOrMergeEnabledRequest was deleted due to a/an removed file: hbase-protocol/src/main/protobuf/Master.proto
INFO: a message type ListNamespacesResponse was deleted due to a/an removed file: hbase-protocol/src/main/protobuf/Master.proto
INFO: a message type NormalizeRequest was deleted due to a/an removed file: hbase-protocol/src/main/protobuf/Master.proto
INFO: a message type AssignRegionResponse was deleted due to a/an removed file: hbase-protocol/src/main/protobuf/Master.proto
INFO: a message type ModifyNamespaceRequest was deleted due to a/an removed file: hbase-protocol/src/main/protobuf/Master.proto
INFO: a message type DeleteSnapshotRequest was deleted due to a/an removed file: hbase-protocol/src/main/protobuf/Master.proto
INFO: a message type SetSplitOrMergeEnabledResponse was deleted due to a/an removed file: hbase-protocol/src/main/protobuf/Master.proto
INFO: a message type IsProcedureDoneRequest was deleted due to a/an removed file: hbase-protocol/src/main/protobuf/Master.proto
INFO: a message type IsRestoreSnapshotDoneResponse was deleted due to a/an removed file: hbase-protocol/src/main/protobuf/Master.proto
INFO: a message type GetClusterStatusRequest was deleted due to a/an removed file: hbase-protocol/src/main/protobuf/Master.proto
INFO: a message type DisableTableRequest was deleted due to a/an removed file: hbase-protocol/src/main/protobuf/Master.proto
INFO: a message type IsCatalogJanitorEnabledResponse was deleted due to a/an removed file: hbase-protocol/src/main/protobuf/Master.proto
INFO: a message type DispatchMergingRegionsResponse was deleted due to a/an removed file: hbase-protocol/src/main/protobuf/Master.proto
INFO: a message type DeleteColumnRequest was deleted due to a/an removed file: hbase-protocol/src/main/protobuf/Master.proto
INFO: a message type GetClusterStatusResponse was deleted due to a/an removed file: hbase-protocol/src/main/protobuf/Master.proto
INFO: a message type IsCleanerChoreEnabledResponse was deleted due to a/an removed file: hbase-protocol/src/main/protobuf/Master.proto
INFO: a message type RestoreSnapshotRequest was deleted due to a/an removed file: hbase-protocol/src/main/protobuf/Master.proto
INFO: a message type AddColumnResponse was deleted due to a/an removed file: hbase-protocol/src/main/protobuf/Master.proto
INFO: a message type IsSnapshotDoneResponse was deleted due to a/an removed file: hbase-protocol/src/main/protobuf/Master.proto
INFO: a message type EnableCatalogJanitorRequest was deleted due to a/an removed file: hbase-protocol/src/main/protobuf/Master.proto
INFO: a message type CompactionEventTracker was deleted in new version. (hbase-protocol/src/main/protobuf/HFile.proto)
INFO: a message type SequentialProcedureData was deleted due to a/an removed file: hbase-protocol/src/main/protobuf/Procedure.proto
INFO: a message type StateMachineProcedureData was deleted due to a/an removed file: hbase-protocol/src/main/protobuf/Procedure.proto
INFO: a message type ProcedureWALTrailer was deleted due to a/an removed file: hbase-protocol/src/main/protobuf/Procedure.proto
INFO: a message type Procedure was deleted due to a/an removed file: hbase-protocol/src/main/protobuf/Procedure.proto
INFO: a message type ProcedureStoreTracker was deleted due to a/an removed file: hbase-protocol/src/main/protobuf/Procedure.proto
INFO: a message type ProcedureWALHeader was deleted due to a/an removed file: hbase-protocol/src/main/protobuf/Procedure.proto
INFO: a message type ProcedureWALEntry was deleted due to a/an removed file: hbase-protocol/src/main/protobuf/Procedure.proto
INFO: a message type ColumnSchema was deleted due to a/an removed file: hbase-rest/src/main/resources/org/apache/hadoop/hbase/rest/protobuf/ColumnSchemaMessage.proto
INFO: a message type CleanupBulkLoadRequest was added in new version. (hbase-protocol/src/main/protobuf/Client.proto)
INFO: a message type PrepareBulkLoadRequest was added in new version. (hbase-protocol/src/main/protobuf/Client.proto)
INFO: a message type CleanupBulkLoadResponse was added in new version. (hbase-protocol/src/main/protobuf/Client.proto)
INFO: a message type DelegationToken was added in new version. (hbase-protocol/src/main/protobuf/Client.proto)
INFO: a message type PrepareBulkLoadResponse was added in new version. (hbase-protocol/src/main/protobuf/Client.proto)
INFO: a message type DummyRequest was deleted due to a/an removed file: hbase-server/src/test/protobuf/DummyRegionServerEndpoint.proto
INFO: a message type DummyResponse was deleted due to a/an removed file: hbase-server/src/test/protobuf/DummyRegionServerEndpoint.proto
INFO: a message type BinaryComponentComparator was added in new version. (hbase-protocol/src/main/protobuf/Comparator.proto)
INFO: a message type BigDecimalComparator was added in new version. (hbase-protocol/src/main/protobuf/Comparator.proto)
INFO: a message type EmptyRequestProto was deleted due to a/an removed file: hbase-server/src/test/protobuf/test.proto
INFO: a message type EchoRequestProto was deleted due to a/an removed file: hbase-server/src/test/protobuf/test.proto
INFO: a message type PauseRequestProto was deleted due to a/an removed file: hbase-server/src/test/protobuf/test.proto
INFO: a message type AddrResponseProto was deleted due to a/an removed file: hbase-server/src/test/protobuf/test.proto
INFO: a message type EmptyResponseProto was deleted due to a/an removed file: hbase-server/src/test/protobuf/test.proto
INFO: a message type EchoResponseProto was deleted due to a/an removed file: hbase-server/src/test/protobuf/test.proto
INFO: a message type Cell was deleted due to a/an removed file: hbase-rest/src/main/resources/org/apache/hadoop/hbase/rest/protobuf/CellMessage.proto
INFO: a message type ColumnAggregationWithErrorsSumResponse was deleted due to a/an removed file: hbase-server/src/test/protobuf/ColumnAggregationWithErrorsProtocol.proto
INFO: a message type ColumnAggregationWithErrorsSumRequest was deleted due to a/an removed file: hbase-server/src/test/protobuf/ColumnAggregationWithErrorsProtocol.proto
INFO: a message type RegionNormalizerState was deleted due to a/an removed file: hbase-protocol/src/main/protobuf/RegionNormalizer.proto
INFO: a message type CompactionSwitchResponse was deleted in new version. (hbase-protocol/src/main/protobuf/Admin.proto)
INFO: a message type CompactionSwitchRequest was deleted in new version. (hbase-protocol/src/main/protobuf/Admin.proto)
INFO: a message type SnapshotCleanupState was deleted due to a/an removed file: hbase-protocol/src/main/protobuf/SnapshotCleanup.proto
INFO: a message type PrepareBulkLoadRequest was deleted due to a/an removed file: hbase-protocol/src/main/protobuf/SecureBulkLoad.proto
INFO: a message type CleanupBulkLoadRequest was deleted due to a/an removed file: hbase-protocol/src/main/protobuf/SecureBulkLoad.proto
INFO: a message type DelegationToken was deleted due to a/an removed file: hbase-protocol/src/main/protobuf/SecureBulkLoad.proto
INFO: a message type SecureBulkLoadHFilesResponse was deleted due to a/an removed file: hbase-protocol/src/main/protobuf/SecureBulkLoad.proto
INFO: a message type SecureBulkLoadHFilesRequest was deleted due to a/an removed file: hbase-protocol/src/main/protobuf/SecureBulkLoad.proto
INFO: a message type PrepareBulkLoadResponse was deleted due to a/an removed file: hbase-protocol/src/main/protobuf/SecureBulkLoad.proto
INFO: a message type CleanupBulkLoadResponse was deleted due to a/an removed file: hbase-protocol/src/main/protobuf/SecureBulkLoad.proto
INFO: a message type SumResponse was deleted due to a/an removed file: hbase-server/src/test/protobuf/ColumnAggregationProtocol.proto
INFO: a message type SumRequest was deleted due to a/an removed file: hbase-server/src/test/protobuf/ColumnAggregationProtocol.proto
INFO: a message type BulkDeleteRequest was deleted due to a/an removed file: hbase-examples/src/main/protobuf/BulkDelete.proto
INFO: a message type BulkDeleteResponse was deleted due to a/an removed file: hbase-examples/src/main/protobuf/BulkDelete.proto
INFO: a message type SpaceQuotaSnapshot was added in new version. (hbase-protocol/src/main/protobuf/Quota.proto)
INFO: a message type SpaceQuotaStatus was added in new version. (hbase-protocol/src/main/protobuf/Quota.proto)
INFO: a message type SpaceQuota was added in new version. (hbase-protocol/src/main/protobuf/Quota.proto)
INFO: a message type SpaceLimitRequest was added in new version. (hbase-protocol/src/main/protobuf/Quota.proto)
INFO: a message type ColumnAggregationNullResponseSumResponse was deleted due to a/an removed file: hbase-server/src/test/protobuf/ColumnAggregationNullResponseProtocol.proto
INFO: a message type ColumnAggregationNullResponseSumRequest was deleted due to a/an removed file: hbase-server/src/test/protobuf/ColumnAggregationNullResponseProtocol.proto
INFO: a message type HasPermissionResponse was added in new version. (hbase-protocol/src/main/protobuf/AccessControl.proto)
INFO: a message type HasPermissionRequest was added in new version. (hbase-protocol/src/main/protobuf/AccessControl.proto)
INFO: a message type Version was deleted due to a/an removed file: hbase-rest/src/main/resources/org/apache/hadoop/hbase/rest/protobuf/VersionMessage.proto
INFO: a message type TableState was added in new version. (hbase-protocol/src/main/protobuf/HBase.proto)
INFO: a message type ColumnAggregationWithErrorsSumResponse was added due to a/an added file: hbase-endpoint/src/main/protobuf/ColumnAggregationWithErrorsProtocol.proto
INFO: a message type ColumnAggregationWithErrorsSumRequest was added due to a/an added file: hbase-endpoint/src/main/protobuf/ColumnAggregationWithErrorsProtocol.proto
INFO: a message type CellSet was added due to a/an added file: hbase-rest/src/main/protobuf/CellSetMessage.proto
INFO: a message type ExportResponse was added due to a/an added file: hbase-endpoint/src/main/protobuf/Export.proto
INFO: a message type ExportRequest was added due to a/an added file: hbase-endpoint/src/main/protobuf/Export.proto
INFO: a message type SecureBulkLoadHFilesResponse was added due to a/an added file: hbase-endpoint/src/main/protobuf/SecureBulkLoad.proto
INFO: a message type SecureBulkLoadHFilesRequest was added due to a/an added file: hbase-endpoint/src/main/protobuf/SecureBulkLoad.proto
INFO: a message type ColumnAggregationNullResponseSumResponse was added due to a/an added file: hbase-endpoint/src/main/protobuf/ColumnAggregationNullResponseProtocol.proto
INFO: a message type ColumnAggregationNullResponseSumRequest was added due to a/an added file: hbase-endpoint/src/main/protobuf/ColumnAggregationNullResponseProtocol.proto
INFO: a message type DummyRequest was added due to a/an added file: hbase-endpoint/src/main/protobuf/DummyRegionServerEndpoint.proto
INFO: a message type DummyResponse was added due to a/an added file: hbase-endpoint/src/main/protobuf/DummyRegionServerEndpoint.proto
INFO: a message type Scanner was added due to a/an added file: hbase-rest/src/main/protobuf/ScannerMessage.proto
INFO: a message type TestTableDDLStateData was added due to a/an added file: hbase-protocol/src/main/protobuf/TestProcedure.proto
INFO: a message type TableList was added due to a/an added file: hbase-rest/src/main/protobuf/TableListMessage.proto
INFO: a message type SumResponse was added due to a/an added file: hbase-endpoint/src/main/protobuf/ColumnAggregationProtocol.proto
INFO: a message type SumRequest was added due to a/an added file: hbase-endpoint/src/main/protobuf/ColumnAggregationProtocol.proto
INFO: a message type StorageClusterStatus was added due to a/an added file: hbase-rest/src/main/protobuf/StorageClusterStatusMessage.proto
INFO: a message type EmptyRequestProto was added due to a/an added file: hbase-protocol/src/main/protobuf/test.proto
INFO: a message type EchoRequestProto was added due to a/an added file: hbase-protocol/src/main/protobuf/test.proto
INFO: a message type PauseRequestProto was added due to a/an added file: hbase-protocol/src/main/protobuf/test.proto
INFO: a message type AddrResponseProto was added due to a/an added file: hbase-protocol/src/main/protobuf/test.proto
INFO: a message type EmptyResponseProto was added due to a/an added file: hbase-protocol/src/main/protobuf/test.proto
INFO: a message type EchoResponseProto was added due to a/an added file: hbase-protocol/src/main/protobuf/test.proto
INFO: a message type TableSchema was added due to a/an added file: hbase-rest/src/main/protobuf/TableSchemaMessage.proto
INFO: a message type NamespaceProperties was added due to a/an added file: hbase-rest/src/main/protobuf/NamespacePropertiesMessage.proto
INFO: a message type Version was added due to a/an added file: hbase-rest/src/main/protobuf/VersionMessage.proto
INFO: a message type CountRequest was added due to a/an added file: hbase-protocol/src/main/protobuf/PingProtocol.proto
INFO: a message type IncrementCountRequest was added due to a/an added file: hbase-protocol/src/main/protobuf/PingProtocol.proto
INFO: a message type NoopRequest was added due to a/an added file: hbase-protocol/src/main/protobuf/PingProtocol.proto
INFO: a message type NoopResponse was added due to a/an added file: hbase-protocol/src/main/protobuf/PingProtocol.proto
INFO: a message type PingRequest was added due to a/an added file: hbase-protocol/src/main/protobuf/PingProtocol.proto
INFO: a message type HelloResponse was added due to a/an added file: hbase-protocol/src/main/protobuf/PingProtocol.proto
INFO: a message type HelloRequest was added due to a/an added file: hbase-protocol/src/main/protobuf/PingProtocol.proto
INFO: a message type CountResponse was added due to a/an added file: hbase-protocol/src/main/protobuf/PingProtocol.proto
INFO: a message type PingResponse was added due to a/an added file: hbase-protocol/src/main/protobuf/PingProtocol.proto
INFO: a message type IncrementCountResponse was added due to a/an added file: hbase-protocol/src/main/protobuf/PingProtocol.proto
INFO: a message type AggregateRequest was added due to a/an added file: hbase-endpoint/src/main/protobuf/Aggregate.proto
INFO: a message type AggregateResponse was added due to a/an added file: hbase-endpoint/src/main/protobuf/Aggregate.proto
INFO: a message type TableInfo was added due to a/an added file: hbase-rest/src/main/protobuf/TableInfoMessage.proto
INFO: a message type ColumnSchema was added due to a/an added file: hbase-rest/src/main/protobuf/ColumnSchemaMessage.proto
INFO: a message type Namespaces was added due to a/an added file: hbase-rest/src/main/protobuf/NamespacesMessage.proto
INFO: a message type BulkDeleteRequest was added due to a/an added file: hbase-endpoint/src/main/protobuf/BulkDelete.proto
INFO: a message type BulkDeleteResponse was added due to a/an added file: hbase-endpoint/src/main/protobuf/BulkDelete.proto
INFO: a message type Cell was added due to a/an added file: hbase-rest/src/main/protobuf/CellMessage.proto
INFO: a message type AddRSGroupResponse was added due to a/an added file: hbase-rsgroup/src/main/protobuf/RSGroupAdmin.proto
INFO: a message type GetRSGroupInfoResponse was added due to a/an added file: hbase-rsgroup/src/main/protobuf/RSGroupAdmin.proto
INFO: a message type BalanceRSGroupRequest was added due to a/an added file: hbase-rsgroup/src/main/protobuf/RSGroupAdmin.proto
INFO: a message type RemoveServersRequest was added due to a/an added file: hbase-rsgroup/src/main/protobuf/RSGroupAdmin.proto
INFO: a message type MoveServersAndTablesResponse was added due to a/an added file: hbase-rsgroup/src/main/protobuf/RSGroupAdmin.proto
INFO: a message type MoveTablesRequest was added due to a/an added file: hbase-rsgroup/src/main/protobuf/RSGroupAdmin.proto
INFO: a message type ListRSGroupInfosRequest was added due to a/an added file: hbase-rsgroup/src/main/protobuf/RSGroupAdmin.proto
INFO: a message type GetRSGroupInfoOfServerRequest was added due to a/an added file: hbase-rsgroup/src/main/protobuf/RSGroupAdmin.proto
INFO: a message type MoveTablesResponse was added due to a/an added file: hbase-rsgroup/src/main/protobuf/RSGroupAdmin.proto
INFO: a message type MoveServersAndTablesRequest was added due to a/an added file: hbase-rsgroup/src/main/protobuf/RSGroupAdmin.proto
INFO: a message type RenameRSGroupResponse was added due to a/an added file: hbase-rsgroup/src/main/protobuf/RSGroupAdmin.proto
INFO: a message type GetRSGroupInfoOfTableRequest was added due to a/an added file: hbase-rsgroup/src/main/protobuf/RSGroupAdmin.proto
INFO: a message type RenameRSGroupRequest was added due to a/an added file: hbase-rsgroup/src/main/protobuf/RSGroupAdmin.proto
INFO: a message type ListRSGroupInfosResponse was added due to a/an added file: hbase-rsgroup/src/main/protobuf/RSGroupAdmin.proto
INFO: a message type GetRSGroupInfoOfTableResponse was added due to a/an added file: hbase-rsgroup/src/main/protobuf/RSGroupAdmin.proto
INFO: a message type RemoveRSGroupResponse was added due to a/an added file: hbase-rsgroup/src/main/protobuf/RSGroupAdmin.proto
INFO: a message type MoveServersRequest was added due to a/an added file: hbase-rsgroup/src/main/protobuf/RSGroupAdmin.proto
INFO: a message type ListTablesOfRSGroupRequest was added due to a/an added file: hbase-rsgroup/src/main/protobuf/RSGroupAdmin.proto
INFO: a message type ListTablesOfRSGroupResponse was added due to a/an added file: hbase-rsgroup/src/main/protobuf/RSGroupAdmin.proto
INFO: a message type AddRSGroupRequest was added due to a/an added file: hbase-rsgroup/src/main/protobuf/RSGroupAdmin.proto
INFO: a message type GetRSGroupInfoRequest was added due to a/an added file: hbase-rsgroup/src/main/protobuf/RSGroupAdmin.proto
INFO: a message type BalanceRSGroupResponse was added due to a/an added file: hbase-rsgroup/src/main/protobuf/RSGroupAdmin.proto
INFO: a message type MoveServersResponse was added due to a/an added file: hbase-rsgroup/src/main/protobuf/RSGroupAdmin.proto
INFO: a message type GetRSGroupInfoOfServerResponse was added due to a/an added file: hbase-rsgroup/src/main/protobuf/RSGroupAdmin.proto
INFO: a message type RemoveServersResponse was added due to a/an added file: hbase-rsgroup/src/main/protobuf/RSGroupAdmin.proto
INFO: a message type RemoveRSGroupRequest was added due to a/an added file: hbase-rsgroup/src/main/protobuf/RSGroupAdmin.proto
INFO: a message type IncCounterProcessorRequest was added due to a/an added file: hbase-endpoint/src/main/protobuf/IncrementCounterProcessor.proto
INFO: a message type FriendsOfFriendsProcessorRequest was added due to a/an added file: hbase-endpoint/src/main/protobuf/IncrementCounterProcessor.proto
INFO: a message type FriendsOfFriendsProcessorResponse was added due to a/an added file: hbase-endpoint/src/main/protobuf/IncrementCounterProcessor.proto
INFO: a message type IncCounterProcessorResponse was added due to a/an added file: hbase-endpoint/src/main/protobuf/IncrementCounterProcessor.proto
INFO: a message type TimeoutProcessorRequest was added due to a/an added file: hbase-endpoint/src/main/protobuf/IncrementCounterProcessor.proto
INFO: a message type RowSwapProcessorResponse was added due to a/an added file: hbase-endpoint/src/main/protobuf/IncrementCounterProcessor.proto
INFO: a message type TimeoutProcessorResponse was added due to a/an added file: hbase-endpoint/src/main/protobuf/IncrementCounterProcessor.proto
INFO: a message type RowSwapProcessorRequest was added due to a/an added file: hbase-endpoint/src/main/protobuf/IncrementCounterProcessor.proto
