[31mError happened when compiling./hbase/hbase-examples/src/main/protobuf/BulkDelete.proto !
[0m
INFO: a message type RegionServerReportRequest was deleted due to a/an removed file: hbase-protocol/src/main/protobuf/RegionServerStatus.proto
INFO: a message type ReportRSFatalErrorRequest was deleted due to a/an removed file: hbase-protocol/src/main/protobuf/RegionServerStatus.proto
INFO: a message type GetLastFlushedSequenceIdResponse was deleted due to a/an removed file: hbase-protocol/src/main/protobuf/RegionServerStatus.proto
INFO: a message type RegionServerStartupResponse was deleted due to a/an removed file: hbase-protocol/src/main/protobuf/RegionServerStatus.proto
INFO: a message type RegionServerReportResponse was deleted due to a/an removed file: hbase-protocol/src/main/protobuf/RegionServerStatus.proto
INFO: a message type ReportRegionStateTransitionRequest was deleted due to a/an removed file: hbase-protocol/src/main/protobuf/RegionServerStatus.proto
INFO: a message type ReportRSFatalErrorResponse was deleted due to a/an removed file: hbase-protocol/src/main/protobuf/RegionServerStatus.proto
INFO: a message type GetLastFlushedSequenceIdRequest was deleted due to a/an removed file: hbase-protocol/src/main/protobuf/RegionServerStatus.proto
INFO: a message type RegionStateTransition was deleted due to a/an removed file: hbase-protocol/src/main/protobuf/RegionServerStatus.proto
INFO: a message type ReportRegionStateTransitionResponse was deleted due to a/an removed file: hbase-protocol/src/main/protobuf/RegionServerStatus.proto
INFO: a message type RegionServerStartupRequest was deleted due to a/an removed file: hbase-protocol/src/main/protobuf/RegionServerStatus.proto
INFO: a message type DependentColumnFilter was deleted due to a/an removed file: hbase-protocol/src/main/protobuf/Filter.proto
INFO: a message type KeyOnlyFilter was deleted due to a/an removed file: hbase-protocol/src/main/protobuf/Filter.proto
INFO: a message type ColumnCountGetFilter was deleted due to a/an removed file: hbase-protocol/src/main/protobuf/Filter.proto
INFO: a message type PrefixFilter was deleted due to a/an removed file: hbase-protocol/src/main/protobuf/Filter.proto
INFO: a message type SingleColumnValueExcludeFilter was deleted due to a/an removed file: hbase-protocol/src/main/protobuf/Filter.proto
INFO: a message type FamilyFilter was deleted due to a/an removed file: hbase-protocol/src/main/protobuf/Filter.proto
INFO: a message type FuzzyRowFilter was deleted due to a/an removed file: hbase-protocol/src/main/protobuf/Filter.proto
INFO: a message type FilterWrapper was deleted due to a/an removed file: hbase-protocol/src/main/protobuf/Filter.proto
INFO: a message type RowFilter was deleted due to a/an removed file: hbase-protocol/src/main/protobuf/Filter.proto
INFO: a message type RowRange was deleted due to a/an removed file: hbase-protocol/src/main/protobuf/Filter.proto
INFO: a message type CompareFilter was deleted due to a/an removed file: hbase-protocol/src/main/protobuf/Filter.proto
INFO: a message type FilterAllFilter was deleted due to a/an removed file: hbase-protocol/src/main/protobuf/Filter.proto
INFO: a message type FirstKeyValueMatchingQualifiersFilter was deleted due to a/an removed file: hbase-protocol/src/main/protobuf/Filter.proto
INFO: a message type InclusiveStopFilter was deleted due to a/an removed file: hbase-protocol/src/main/protobuf/Filter.proto
INFO: a message type SkipFilter was deleted due to a/an removed file: hbase-protocol/src/main/protobuf/Filter.proto
INFO: a message type ValueFilter was deleted due to a/an removed file: hbase-protocol/src/main/protobuf/Filter.proto
INFO: a message type ColumnPaginationFilter was deleted due to a/an removed file: hbase-protocol/src/main/protobuf/Filter.proto
INFO: a message type SingleColumnValueFilter was deleted due to a/an removed file: hbase-protocol/src/main/protobuf/Filter.proto
INFO: a message type ColumnRangeFilter was deleted due to a/an removed file: hbase-protocol/src/main/protobuf/Filter.proto
INFO: a message type FirstKeyOnlyFilter was deleted due to a/an removed file: hbase-protocol/src/main/protobuf/Filter.proto
INFO: a message type MultiRowRangeFilter was deleted due to a/an removed file: hbase-protocol/src/main/protobuf/Filter.proto
INFO: a message type FilterList was deleted due to a/an removed file: hbase-protocol/src/main/protobuf/Filter.proto
INFO: a message type TimestampsFilter was deleted due to a/an removed file: hbase-protocol/src/main/protobuf/Filter.proto
INFO: a message type QualifierFilter was deleted due to a/an removed file: hbase-protocol/src/main/protobuf/Filter.proto
INFO: a message type ColumnPrefixFilter was deleted due to a/an removed file: hbase-protocol/src/main/protobuf/Filter.proto
INFO: a message type Filter was deleted due to a/an removed file: hbase-protocol/src/main/protobuf/Filter.proto
INFO: a message type MultipleColumnPrefixFilter was deleted due to a/an removed file: hbase-protocol/src/main/protobuf/Filter.proto
INFO: a message type WhileMatchFilter was deleted due to a/an removed file: hbase-protocol/src/main/protobuf/Filter.proto
INFO: a message type PageFilter was deleted due to a/an removed file: hbase-protocol/src/main/protobuf/Filter.proto
INFO: a message type RandomRowFilter was deleted due to a/an removed file: hbase-protocol/src/main/protobuf/Filter.proto
INFO: a message type LoadBalancerState was deleted due to a/an removed file: hbase-protocol/src/main/protobuf/LoadBalancer.proto
INFO: a message type CountRequest was deleted due to a/an removed file: hbase-server/src/test/protobuf/PingProtocol.proto
INFO: a message type IncrementCountRequest was deleted due to a/an removed file: hbase-server/src/test/protobuf/PingProtocol.proto
INFO: a message type NoopRequest was deleted due to a/an removed file: hbase-server/src/test/protobuf/PingProtocol.proto
INFO: a message type NoopResponse was deleted due to a/an removed file: hbase-server/src/test/protobuf/PingProtocol.proto
INFO: a message type PingRequest was deleted due to a/an removed file: hbase-server/src/test/protobuf/PingProtocol.proto
INFO: a message type HelloResponse was deleted due to a/an removed file: hbase-server/src/test/protobuf/PingProtocol.proto
INFO: a message type HelloRequest was deleted due to a/an removed file: hbase-server/src/test/protobuf/PingProtocol.proto
INFO: a message type CountResponse was deleted due to a/an removed file: hbase-server/src/test/protobuf/PingProtocol.proto
INFO: a message type PingResponse was deleted due to a/an removed file: hbase-server/src/test/protobuf/PingProtocol.proto
INFO: a message type IncrementCountResponse was deleted due to a/an removed file: hbase-server/src/test/protobuf/PingProtocol.proto
INFO: a message type NamespaceProperties was deleted due to a/an removed file: hbase-rest/src/main/resources/org/apache/hadoop/hbase/rest/protobuf/NamespacePropertiesMessage.proto
INFO: a message type TableSchema was deleted due to a/an removed file: hbase-rest/src/main/resources/org/apache/hadoop/hbase/rest/protobuf/TableSchemaMessage.proto
INFO: a message type AddRSGroupResponse was deleted due to a/an removed file: hbase-protocol/src/main/protobuf/RSGroupAdmin.proto
INFO: a message type GetRSGroupInfoResponse was deleted due to a/an removed file: hbase-protocol/src/main/protobuf/RSGroupAdmin.proto
INFO: a message type BalanceRSGroupRequest was deleted due to a/an removed file: hbase-protocol/src/main/protobuf/RSGroupAdmin.proto
INFO: a message type RemoveServersRequest was deleted due to a/an removed file: hbase-protocol/src/main/protobuf/RSGroupAdmin.proto
INFO: a message type MoveServersAndTablesResponse was deleted due to a/an removed file: hbase-protocol/src/main/protobuf/RSGroupAdmin.proto
INFO: a message type MoveTablesRequest was deleted due to a/an removed file: hbase-protocol/src/main/protobuf/RSGroupAdmin.proto
INFO: a message type ListRSGroupInfosRequest was deleted due to a/an removed file: hbase-protocol/src/main/protobuf/RSGroupAdmin.proto
INFO: a message type GetRSGroupInfoOfServerRequest was deleted due to a/an removed file: hbase-protocol/src/main/protobuf/RSGroupAdmin.proto
INFO: a message type MoveTablesResponse was deleted due to a/an removed file: hbase-protocol/src/main/protobuf/RSGroupAdmin.proto
INFO: a message type MoveServersAndTablesRequest was deleted due to a/an removed file: hbase-protocol/src/main/protobuf/RSGroupAdmin.proto
INFO: a message type GetRSGroupInfoOfTableRequest was deleted due to a/an removed file: hbase-protocol/src/main/protobuf/RSGroupAdmin.proto
INFO: a message type ListRSGroupInfosResponse was deleted due to a/an removed file: hbase-protocol/src/main/protobuf/RSGroupAdmin.proto
INFO: a message type GetRSGroupInfoOfTableResponse was deleted due to a/an removed file: hbase-protocol/src/main/protobuf/RSGroupAdmin.proto
INFO: a message type RemoveRSGroupResponse was deleted due to a/an removed file: hbase-protocol/src/main/protobuf/RSGroupAdmin.proto
INFO: a message type MoveServersRequest was deleted due to a/an removed file: hbase-protocol/src/main/protobuf/RSGroupAdmin.proto
INFO: a message type ListTablesOfRSGroupRequest was deleted due to a/an removed file: hbase-protocol/src/main/protobuf/RSGroupAdmin.proto
INFO: a message type ListTablesOfRSGroupResponse was deleted due to a/an removed file: hbase-protocol/src/main/protobuf/RSGroupAdmin.proto
INFO: a message type AddRSGroupRequest was deleted due to a/an removed file: hbase-protocol/src/main/protobuf/RSGroupAdmin.proto
INFO: a message type GetRSGroupInfoRequest was deleted due to a/an removed file: hbase-protocol/src/main/protobuf/RSGroupAdmin.proto
INFO: a message type BalanceRSGroupResponse was deleted due to a/an removed file: hbase-protocol/src/main/protobuf/RSGroupAdmin.proto
INFO: a message type MoveServersResponse was deleted due to a/an removed file: hbase-protocol/src/main/protobuf/RSGroupAdmin.proto
INFO: a message type GetRSGroupInfoOfServerResponse was deleted due to a/an removed file: hbase-protocol/src/main/protobuf/RSGroupAdmin.proto
INFO: a message type RemoveServersResponse was deleted due to a/an removed file: hbase-protocol/src/main/protobuf/RSGroupAdmin.proto
INFO: a message type RemoveRSGroupRequest was deleted due to a/an removed file: hbase-protocol/src/main/protobuf/RSGroupAdmin.proto
INFO: a message type Table was deleted due to a/an removed file: hbase-protocol/src/main/protobuf/ZooKeeper.proto
INFO: a message type ClusterUp was deleted due to a/an removed file: hbase-protocol/src/main/protobuf/ZooKeeper.proto
INFO: a message type ReplicationHLogPosition was deleted due to a/an removed file: hbase-protocol/src/main/protobuf/ZooKeeper.proto
INFO: a message type ReplicationState was deleted due to a/an removed file: hbase-protocol/src/main/protobuf/ZooKeeper.proto
INFO: a message type ReplicationPeer was deleted due to a/an removed file: hbase-protocol/src/main/protobuf/ZooKeeper.proto
INFO: a message type MetaRegionServer was deleted due to a/an removed file: hbase-protocol/src/main/protobuf/ZooKeeper.proto
INFO: a message type Master was deleted due to a/an removed file: hbase-protocol/src/main/protobuf/ZooKeeper.proto
INFO: a message type SwitchState was deleted due to a/an removed file: hbase-protocol/src/main/protobuf/ZooKeeper.proto
INFO: a message type RegionTransition was deleted due to a/an removed file: hbase-protocol/src/main/protobuf/ZooKeeper.proto
INFO: a message type ReplicationLock was deleted due to a/an removed file: hbase-protocol/src/main/protobuf/ZooKeeper.proto
INFO: a message type TableCF was deleted due to a/an removed file: hbase-protocol/src/main/protobuf/ZooKeeper.proto
INFO: a message type SplitLogTask was deleted due to a/an removed file: hbase-protocol/src/main/protobuf/ZooKeeper.proto
INFO: a message type TableLock was deleted due to a/an removed file: hbase-protocol/src/main/protobuf/ZooKeeper.proto
INFO: a message type WALKey was deleted due to a/an removed file: hbase-protocol/src/main/protobuf/WAL.proto
INFO: a message type BulkLoadDescriptor was deleted due to a/an removed file: hbase-protocol/src/main/protobuf/WAL.proto
INFO: a message type FamilyScope was deleted due to a/an removed file: hbase-protocol/src/main/protobuf/WAL.proto
INFO: a message type RegionEventDescriptor was deleted due to a/an removed file: hbase-protocol/src/main/protobuf/WAL.proto
INFO: a message type WALTrailer was deleted due to a/an removed file: hbase-protocol/src/main/protobuf/WAL.proto
INFO: a message type CompactionDescriptor was deleted due to a/an removed file: hbase-protocol/src/main/protobuf/WAL.proto
INFO: a message type FlushDescriptor was deleted due to a/an removed file: hbase-protocol/src/main/protobuf/WAL.proto
INFO: a message type WALHeader was deleted due to a/an removed file: hbase-protocol/src/main/protobuf/WAL.proto
INFO: a message type StoreDescriptor was deleted due to a/an removed file: hbase-protocol/src/main/protobuf/WAL.proto
INFO: a message type RPCTInfo was deleted due to a/an removed file: hbase-protocol/src/main/protobuf/Tracing.proto
INFO: a message type ExceptionResponse was deleted due to a/an removed file: hbase-protocol/src/main/protobuf/RPC.proto
INFO: a message type ResponseHeader was deleted due to a/an removed file: hbase-protocol/src/main/protobuf/RPC.proto
INFO: a message type CellBlockMeta was deleted due to a/an removed file: hbase-protocol/src/main/protobuf/RPC.proto
INFO: a message type UserInformation was deleted due to a/an removed file: hbase-protocol/src/main/protobuf/RPC.proto
INFO: a message type ConnectionHeader was deleted due to a/an removed file: hbase-protocol/src/main/protobuf/RPC.proto
INFO: a message type RequestHeader was deleted due to a/an removed file: hbase-protocol/src/main/protobuf/RPC.proto
INFO: a message type MultiRowMutationProcessorRequest was deleted due to a/an removed file: hbase-protocol/src/main/protobuf/MultiRowMutation.proto
INFO: a message type MultiRowMutationProcessorResponse was deleted due to a/an removed file: hbase-protocol/src/main/protobuf/MultiRowMutation.proto
INFO: a message type MutateRowsResponse was deleted due to a/an removed file: hbase-protocol/src/main/protobuf/MultiRowMutation.proto
INFO: a message type MutateRowsRequest was deleted due to a/an removed file: hbase-protocol/src/main/protobuf/MultiRowMutation.proto
INFO: a message type Scanner was deleted due to a/an removed file: hbase-rest/src/main/resources/org/apache/hadoop/hbase/rest/protobuf/ScannerMessage.proto
INFO: a message type TableList was deleted due to a/an removed file: hbase-rest/src/main/resources/org/apache/hadoop/hbase/rest/protobuf/TableListMessage.proto
INFO: a message type RegionInTransition was deleted due to a/an removed file: hbase-protocol/src/main/protobuf/ClusterStatus.proto
INFO: a message type StoreSequenceId was deleted due to a/an removed file: hbase-protocol/src/main/protobuf/ClusterStatus.proto
INFO: a message type ServerLoad was deleted due to a/an removed file: hbase-protocol/src/main/protobuf/ClusterStatus.proto
INFO: a message type RegionState was deleted due to a/an removed file: hbase-protocol/src/main/protobuf/ClusterStatus.proto
INFO: a message type ReplicationLoadSource was deleted due to a/an removed file: hbase-protocol/src/main/protobuf/ClusterStatus.proto
INFO: a message type RegionLoad was deleted due to a/an removed file: hbase-protocol/src/main/protobuf/ClusterStatus.proto
INFO: a message type LiveServerInfo was deleted due to a/an removed file: hbase-protocol/src/main/protobuf/ClusterStatus.proto
INFO: a message type ReplicationLoadSink was deleted due to a/an removed file: hbase-protocol/src/main/protobuf/ClusterStatus.proto
INFO: a message type RegionStoreSequenceIds was deleted due to a/an removed file: hbase-protocol/src/main/protobuf/ClusterStatus.proto
INFO: a message type ClusterStatus was deleted due to a/an removed file: hbase-protocol/src/main/protobuf/ClusterStatus.proto
INFO: a message type RSGroupInfo was deleted due to a/an removed file: hbase-protocol/src/main/protobuf/RSGroup.proto
INFO: a message type TableInfo was deleted due to a/an removed file: hbase-rest/src/main/resources/org/apache/hadoop/hbase/rest/protobuf/TableInfoMessage.proto
INFO: a message type ClusterId was deleted due to a/an removed file: hbase-protocol/src/main/protobuf/ClusterId.proto
INFO: a message type AggregateRequest was deleted due to a/an removed file: hbase-protocol/src/main/protobuf/Aggregate.proto
INFO: a message type AggregateResponse was deleted due to a/an removed file: hbase-protocol/src/main/protobuf/Aggregate.proto
INFO: a message type ModifyNamespaceStateData was deleted due to a/an removed file: hbase-protocol/src/main/protobuf/MasterProcedure.proto
INFO: a message type ServerCrashStateData was deleted due to a/an removed file: hbase-protocol/src/main/protobuf/MasterProcedure.proto
INFO: a message type ModifyTableStateData was deleted due to a/an removed file: hbase-protocol/src/main/protobuf/MasterProcedure.proto
INFO: a message type DeleteNamespaceStateData was deleted due to a/an removed file: hbase-protocol/src/main/protobuf/MasterProcedure.proto
INFO: a message type EnableTableStateData was deleted due to a/an removed file: hbase-protocol/src/main/protobuf/MasterProcedure.proto
INFO: a message type TruncateTableStateData was deleted due to a/an removed file: hbase-protocol/src/main/protobuf/MasterProcedure.proto
INFO: a message type DeleteColumnFamilyStateData was deleted due to a/an removed file: hbase-protocol/src/main/protobuf/MasterProcedure.proto
INFO: a message type CreateTableStateData was deleted due to a/an removed file: hbase-protocol/src/main/protobuf/MasterProcedure.proto
INFO: a message type ModifyColumnFamilyStateData was deleted due to a/an removed file: hbase-protocol/src/main/protobuf/MasterProcedure.proto
INFO: a message type CreateNamespaceStateData was deleted due to a/an removed file: hbase-protocol/src/main/protobuf/MasterProcedure.proto
INFO: a message type DisableTableStateData was deleted due to a/an removed file: hbase-protocol/src/main/protobuf/MasterProcedure.proto
INFO: a message type AddColumnFamilyStateData was deleted due to a/an removed file: hbase-protocol/src/main/protobuf/MasterProcedure.proto
INFO: a message type DeleteTableStateData was deleted due to a/an removed file: hbase-protocol/src/main/protobuf/MasterProcedure.proto
INFO: a message type TokenIdentifier was deleted due to a/an removed file: hbase-protocol/src/main/protobuf/Authentication.proto
INFO: a message type WhoAmIRequest was deleted due to a/an removed file: hbase-protocol/src/main/protobuf/Authentication.proto
INFO: a message type GetAuthenticationTokenRequest was deleted due to a/an removed file: hbase-protocol/src/main/protobuf/Authentication.proto
INFO: a message type GetAuthenticationTokenResponse was deleted due to a/an removed file: hbase-protocol/src/main/protobuf/Authentication.proto
INFO: a message type AuthenticationKey was deleted due to a/an removed file: hbase-protocol/src/main/protobuf/Authentication.proto
INFO: a message type Token was deleted due to a/an removed file: hbase-protocol/src/main/protobuf/Authentication.proto
INFO: a message type WhoAmIResponse was deleted due to a/an removed file: hbase-protocol/src/main/protobuf/Authentication.proto
INFO: a message type StorageClusterStatus was deleted due to a/an removed file: hbase-rest/src/main/resources/org/apache/hadoop/hbase/rest/protobuf/StorageClusterStatusMessage.proto
INFO: a message type TableSnapshotRegionSplit was deleted due to a/an removed file: hbase-protocol/src/main/protobuf/MapReduce.proto
INFO: a message type ScanMetrics was deleted due to a/an removed file: hbase-protocol/src/main/protobuf/MapReduce.proto
INFO: a message type IncCounterProcessorRequest was deleted due to a/an removed file: hbase-server/src/test/protobuf/IncrementCounterProcessor.proto
INFO: a message type FriendsOfFriendsProcessorRequest was deleted due to a/an removed file: hbase-server/src/test/protobuf/IncrementCounterProcessor.proto
INFO: a message type FriendsOfFriendsProcessorResponse was deleted due to a/an removed file: hbase-server/src/test/protobuf/IncrementCounterProcessor.proto
INFO: a message type IncCounterProcessorResponse was deleted due to a/an removed file: hbase-server/src/test/protobuf/IncrementCounterProcessor.proto
INFO: a message type TimeoutProcessorRequest was deleted due to a/an removed file: hbase-server/src/test/protobuf/IncrementCounterProcessor.proto
INFO: a message type RowSwapProcessorResponse was deleted due to a/an removed file: hbase-server/src/test/protobuf/IncrementCounterProcessor.proto
INFO: a message type TimeoutProcessorResponse was deleted due to a/an removed file: hbase-server/src/test/protobuf/IncrementCounterProcessor.proto
INFO: a message type RowSwapProcessorRequest was deleted due to a/an removed file: hbase-server/src/test/protobuf/IncrementCounterProcessor.proto
INFO: a message type CellSet was deleted due to a/an removed file: hbase-rest/src/main/resources/org/apache/hadoop/hbase/rest/protobuf/CellSetMessage.proto
INFO: a message type CountRequest was deleted due to a/an removed file: hbase-examples/src/main/protobuf/Examples.proto
INFO: a message type CountResponse was deleted due to a/an removed file: hbase-examples/src/main/protobuf/Examples.proto
INFO: a message type SetAuthsRequest was deleted due to a/an removed file: hbase-protocol/src/main/protobuf/VisibilityLabels.proto
INFO: a message type GetAuthsResponse was deleted due to a/an removed file: hbase-protocol/src/main/protobuf/VisibilityLabels.proto
INFO: a message type VisibilityLabel was deleted due to a/an removed file: hbase-protocol/src/main/protobuf/VisibilityLabels.proto
INFO: a message type GetAuthsRequest was deleted due to a/an removed file: hbase-protocol/src/main/protobuf/VisibilityLabels.proto
INFO: a message type ListLabelsRequest was deleted due to a/an removed file: hbase-protocol/src/main/protobuf/VisibilityLabels.proto
INFO: a message type UserAuthorizations was deleted due to a/an removed file: hbase-protocol/src/main/protobuf/VisibilityLabels.proto
INFO: a message type ListLabelsResponse was deleted due to a/an removed file: hbase-protocol/src/main/protobuf/VisibilityLabels.proto
INFO: a message type VisibilityLabelsRequest was deleted due to a/an removed file: hbase-protocol/src/main/protobuf/VisibilityLabels.proto
INFO: a message type VisibilityLabelsResponse was deleted due to a/an removed file: hbase-protocol/src/main/protobuf/VisibilityLabels.proto
INFO: a message type MultiUserAuthorizations was deleted due to a/an removed file: hbase-protocol/src/main/protobuf/VisibilityLabels.proto
INFO: a message type KeyValue was deleted due to a/an removed file: hbase-protocol/src/main/protobuf/Cell.proto
INFO: a message type Cell was deleted due to a/an removed file: hbase-protocol/src/main/protobuf/Cell.proto
INFO: a message type Namespaces was deleted due to a/an removed file: hbase-rest/src/main/resources/org/apache/hadoop/hbase/rest/protobuf/NamespacesMessage.proto
INFO: a message type TestTableDDLStateData was deleted due to a/an removed file: hbase-server/src/test/protobuf/TestProcedure.proto
INFO: a message type SnapshotFileInfo was deleted due to a/an removed file: hbase-protocol/src/main/protobuf/Snapshot.proto
INFO: a message type SnapshotDataManifest was deleted due to a/an removed file: hbase-protocol/src/main/protobuf/Snapshot.proto
INFO: a message type SnapshotRegionManifest was deleted due to a/an removed file: hbase-protocol/src/main/protobuf/Snapshot.proto
INFO: a message type IsInMaintenanceModeResponse was deleted due to a/an removed file: hbase-protocol/src/main/protobuf/Master.proto
INFO: a message type ShutdownResponse was deleted due to a/an removed file: hbase-protocol/src/main/protobuf/Master.proto
INFO: a message type SetCleanerChoreRunningRequest was deleted due to a/an removed file: hbase-protocol/src/main/protobuf/Master.proto
INFO: a message type ModifyNamespaceResponse was deleted due to a/an removed file: hbase-protocol/src/main/protobuf/Master.proto
INFO: a message type EnableTableResponse was deleted due to a/an removed file: hbase-protocol/src/main/protobuf/Master.proto
INFO: a message type EnableTableRequest was deleted due to a/an removed file: hbase-protocol/src/main/protobuf/Master.proto
INFO: a message type DeleteNamespaceResponse was deleted due to a/an removed file: hbase-protocol/src/main/protobuf/Master.proto
INFO: a message type ExecProcedureResponse was deleted due to a/an removed file: hbase-protocol/src/main/protobuf/Master.proto
INFO: a message type ListProceduresRequest was deleted due to a/an removed file: hbase-protocol/src/main/protobuf/Master.proto
INFO: a message type DeleteTableRequest was deleted due to a/an removed file: hbase-protocol/src/main/protobuf/Master.proto
INFO: a message type IsCatalogJanitorEnabledRequest was deleted due to a/an removed file: hbase-protocol/src/main/protobuf/Master.proto
INFO: a message type MajorCompactionTimestampRequest was deleted due to a/an removed file: hbase-protocol/src/main/protobuf/Master.proto
INFO: a message type ListProceduresResponse was deleted due to a/an removed file: hbase-protocol/src/main/protobuf/Master.proto
INFO: a message type CreateTableRequest was deleted due to a/an removed file: hbase-protocol/src/main/protobuf/Master.proto
INFO: a message type CreateNamespaceResponse was deleted due to a/an removed file: hbase-protocol/src/main/protobuf/Master.proto
INFO: a message type ListNamespaceDescriptorsResponse was deleted due to a/an removed file: hbase-protocol/src/main/protobuf/Master.proto
INFO: a message type IsCleanerChoreEnabledRequest was deleted due to a/an removed file: hbase-protocol/src/main/protobuf/Master.proto
INFO: a message type ModifyTableResponse was deleted due to a/an removed file: hbase-protocol/src/main/protobuf/Master.proto
INFO: a message type OfflineRegionResponse was deleted due to a/an removed file: hbase-protocol/src/main/protobuf/Master.proto
INFO: a message type ModifyColumnRequest was deleted due to a/an removed file: hbase-protocol/src/main/protobuf/Master.proto
INFO: a message type IsNormalizerEnabledRequest was deleted due to a/an removed file: hbase-protocol/src/main/protobuf/Master.proto
INFO: a message type SetQuotaRequest was deleted due to a/an removed file: hbase-protocol/src/main/protobuf/Master.proto
INFO: a message type DeleteNamespaceRequest was deleted due to a/an removed file: hbase-protocol/src/main/protobuf/Master.proto
INFO: a message type ListTableDescriptorsByNamespaceResponse was deleted due to a/an removed file: hbase-protocol/src/main/protobuf/Master.proto
INFO: a message type TruncateTableRequest was deleted due to a/an removed file: hbase-protocol/src/main/protobuf/Master.proto
INFO: a message type StopMasterRequest was deleted due to a/an removed file: hbase-protocol/src/main/protobuf/Master.proto
INFO: a message type IsNormalizerEnabledResponse was deleted due to a/an removed file: hbase-protocol/src/main/protobuf/Master.proto
INFO: a message type CreateNamespaceRequest was deleted due to a/an removed file: hbase-protocol/src/main/protobuf/Master.proto
INFO: a message type RestoreSnapshotResponse was deleted due to a/an removed file: hbase-protocol/src/main/protobuf/Master.proto
INFO: a message type RunCleanerChoreRequest was deleted due to a/an removed file: hbase-protocol/src/main/protobuf/Master.proto
INFO: a message type MajorCompactionTimestampResponse was deleted due to a/an removed file: hbase-protocol/src/main/protobuf/Master.proto
INFO: a message type SecurityCapabilitiesResponse was deleted due to a/an removed file: hbase-protocol/src/main/protobuf/Master.proto
INFO: a message type IsBalancerEnabledResponse was deleted due to a/an removed file: hbase-protocol/src/main/protobuf/Master.proto
INFO: a message type IsMasterRunningRequest was deleted due to a/an removed file: hbase-protocol/src/main/protobuf/Master.proto
INFO: a message type GetCompletedSnapshotsRequest was deleted due to a/an removed file: hbase-protocol/src/main/protobuf/Master.proto
INFO: a message type GetNamespaceDescriptorRequest was deleted due to a/an removed file: hbase-protocol/src/main/protobuf/Master.proto
INFO: a message type GetSchemaAlterStatusResponse was deleted due to a/an removed file: hbase-protocol/src/main/protobuf/Master.proto
INFO: a message type SetQuotaResponse was deleted due to a/an removed file: hbase-protocol/src/main/protobuf/Master.proto
INFO: a message type GetTableNamesRequest was deleted due to a/an removed file: hbase-protocol/src/main/protobuf/Master.proto
INFO: a message type TruncateTableResponse was deleted due to a/an removed file: hbase-protocol/src/main/protobuf/Master.proto
INFO: a message type DisableTableResponse was deleted due to a/an removed file: hbase-protocol/src/main/protobuf/Master.proto
INFO: a message type NormalizeResponse was deleted due to a/an removed file: hbase-protocol/src/main/protobuf/Master.proto
INFO: a message type SnapshotResponse was deleted due to a/an removed file: hbase-protocol/src/main/protobuf/Master.proto
INFO: a message type SetBalancerRunningResponse was deleted due to a/an removed file: hbase-protocol/src/main/protobuf/Master.proto
INFO: a message type CreateTableResponse was deleted due to a/an removed file: hbase-protocol/src/main/protobuf/Master.proto
INFO: a message type IsSplitOrMergeEnabledResponse was deleted due to a/an removed file: hbase-protocol/src/main/protobuf/Master.proto
INFO: a message type IsSnapshotDoneRequest was deleted due to a/an removed file: hbase-protocol/src/main/protobuf/Master.proto
INFO: a message type SecurityCapabilitiesRequest was deleted due to a/an removed file: hbase-protocol/src/main/protobuf/Master.proto
INFO: a message type DeleteColumnResponse was deleted due to a/an removed file: hbase-protocol/src/main/protobuf/Master.proto
INFO: a message type ListNamespaceDescriptorsRequest was deleted due to a/an removed file: hbase-protocol/src/main/protobuf/Master.proto
INFO: a message type SetNormalizerRunningRequest was deleted due to a/an removed file: hbase-protocol/src/main/protobuf/Master.proto
INFO: a message type EnableCatalogJanitorResponse was deleted due to a/an removed file: hbase-protocol/src/main/protobuf/Master.proto
INFO: a message type GetTableDescriptorsRequest was deleted due to a/an removed file: hbase-protocol/src/main/protobuf/Master.proto
INFO: a message type GetSchemaAlterStatusRequest was deleted due to a/an removed file: hbase-protocol/src/main/protobuf/Master.proto
INFO: a message type AddColumnRequest was deleted due to a/an removed file: hbase-protocol/src/main/protobuf/Master.proto
INFO: a message type BalanceResponse was deleted due to a/an removed file: hbase-protocol/src/main/protobuf/Master.proto
INFO: a message type GetProcedureResultRequest was deleted due to a/an removed file: hbase-protocol/src/main/protobuf/Master.proto
INFO: a message type AbortProcedureResponse was deleted due to a/an removed file: hbase-protocol/src/main/protobuf/Master.proto
INFO: a message type RunCleanerChoreResponse was deleted due to a/an removed file: hbase-protocol/src/main/protobuf/Master.proto
INFO: a message type DeleteTableResponse was deleted due to a/an removed file: hbase-protocol/src/main/protobuf/Master.proto
INFO: a message type RunCatalogScanResponse was deleted due to a/an removed file: hbase-protocol/src/main/protobuf/Master.proto
INFO: a message type SetCleanerChoreRunningResponse was deleted due to a/an removed file: hbase-protocol/src/main/protobuf/Master.proto
INFO: a message type ClearDeadServersRequest was deleted due to a/an removed file: hbase-protocol/src/main/protobuf/Master.proto
INFO: a message type IsRestoreSnapshotDoneRequest was deleted due to a/an removed file: hbase-protocol/src/main/protobuf/Master.proto
INFO: a message type AssignRegionRequest was deleted due to a/an removed file: hbase-protocol/src/main/protobuf/Master.proto
INFO: a message type MoveRegionResponse was deleted due to a/an removed file: hbase-protocol/src/main/protobuf/Master.proto
INFO: a message type SnapshotRequest was deleted due to a/an removed file: hbase-protocol/src/main/protobuf/Master.proto
INFO: a message type OfflineRegionRequest was deleted due to a/an removed file: hbase-protocol/src/main/protobuf/Master.proto
INFO: a message type DispatchMergingRegionsRequest was deleted due to a/an removed file: hbase-protocol/src/main/protobuf/Master.proto
INFO: a message type DeleteSnapshotResponse was deleted due to a/an removed file: hbase-protocol/src/main/protobuf/Master.proto
INFO: a message type UnassignRegionResponse was deleted due to a/an removed file: hbase-protocol/src/main/protobuf/Master.proto
INFO: a message type IsInMaintenanceModeRequest was deleted due to a/an removed file: hbase-protocol/src/main/protobuf/Master.proto
INFO: a message type IsBalancerEnabledRequest was deleted due to a/an removed file: hbase-protocol/src/main/protobuf/Master.proto
INFO: a message type ModifyColumnResponse was deleted due to a/an removed file: hbase-protocol/src/main/protobuf/Master.proto
INFO: a message type MoveRegionRequest was deleted due to a/an removed file: hbase-protocol/src/main/protobuf/Master.proto
INFO: a message type ListTableNamesByNamespaceResponse was deleted due to a/an removed file: hbase-protocol/src/main/protobuf/Master.proto
INFO: a message type MajorCompactionTimestampForRegionRequest was deleted due to a/an removed file: hbase-protocol/src/main/protobuf/Master.proto
INFO: a message type ListTableNamesByNamespaceRequest was deleted due to a/an removed file: hbase-protocol/src/main/protobuf/Master.proto
INFO: a message type IsProcedureDoneResponse was deleted due to a/an removed file: hbase-protocol/src/main/protobuf/Master.proto
INFO: a message type UnassignRegionRequest was deleted due to a/an removed file: hbase-protocol/src/main/protobuf/Master.proto
INFO: a message type GetNamespaceDescriptorResponse was deleted due to a/an removed file: hbase-protocol/src/main/protobuf/Master.proto
INFO: a message type SetBalancerRunningRequest was deleted due to a/an removed file: hbase-protocol/src/main/protobuf/Master.proto
INFO: a message type ExecProcedureRequest was deleted due to a/an removed file: hbase-protocol/src/main/protobuf/Master.proto
INFO: a message type ModifyTableRequest was deleted due to a/an removed file: hbase-protocol/src/main/protobuf/Master.proto
INFO: a message type SetNormalizerRunningResponse was deleted due to a/an removed file: hbase-protocol/src/main/protobuf/Master.proto
INFO: a message type SetSplitOrMergeEnabledRequest was deleted due to a/an removed file: hbase-protocol/src/main/protobuf/Master.proto
INFO: a message type ListTableDescriptorsByNamespaceRequest was deleted due to a/an removed file: hbase-protocol/src/main/protobuf/Master.proto
INFO: a message type GetCompletedSnapshotsResponse was deleted due to a/an removed file: hbase-protocol/src/main/protobuf/Master.proto
INFO: a message type IsMasterRunningResponse was deleted due to a/an removed file: hbase-protocol/src/main/protobuf/Master.proto
INFO: a message type GetTableNamesResponse was deleted due to a/an removed file: hbase-protocol/src/main/protobuf/Master.proto
INFO: a message type RunCatalogScanRequest was deleted due to a/an removed file: hbase-protocol/src/main/protobuf/Master.proto
INFO: a message type StopMasterResponse was deleted due to a/an removed file: hbase-protocol/src/main/protobuf/Master.proto
INFO: a message type ShutdownRequest was deleted due to a/an removed file: hbase-protocol/src/main/protobuf/Master.proto
INFO: a message type GetTableDescriptorsResponse was deleted due to a/an removed file: hbase-protocol/src/main/protobuf/Master.proto
INFO: a message type GetProcedureResultResponse was deleted due to a/an removed file: hbase-protocol/src/main/protobuf/Master.proto
INFO: a message type BalanceRequest was deleted due to a/an removed file: hbase-protocol/src/main/protobuf/Master.proto
INFO: a message type AbortProcedureRequest was deleted due to a/an removed file: hbase-protocol/src/main/protobuf/Master.proto
INFO: a message type ClearDeadServersResponse was deleted due to a/an removed file: hbase-protocol/src/main/protobuf/Master.proto
INFO: a message type IsSplitOrMergeEnabledRequest was deleted due to a/an removed file: hbase-protocol/src/main/protobuf/Master.proto
INFO: a message type NormalizeRequest was deleted due to a/an removed file: hbase-protocol/src/main/protobuf/Master.proto
INFO: a message type AssignRegionResponse was deleted due to a/an removed file: hbase-protocol/src/main/protobuf/Master.proto
INFO: a message type ModifyNamespaceRequest was deleted due to a/an removed file: hbase-protocol/src/main/protobuf/Master.proto
INFO: a message type DeleteSnapshotRequest was deleted due to a/an removed file: hbase-protocol/src/main/protobuf/Master.proto
INFO: a message type SetSplitOrMergeEnabledResponse was deleted due to a/an removed file: hbase-protocol/src/main/protobuf/Master.proto
INFO: a message type IsProcedureDoneRequest was deleted due to a/an removed file: hbase-protocol/src/main/protobuf/Master.proto
INFO: a message type IsRestoreSnapshotDoneResponse was deleted due to a/an removed file: hbase-protocol/src/main/protobuf/Master.proto
INFO: a message type GetClusterStatusRequest was deleted due to a/an removed file: hbase-protocol/src/main/protobuf/Master.proto
INFO: a message type DisableTableRequest was deleted due to a/an removed file: hbase-protocol/src/main/protobuf/Master.proto
INFO: a message type IsCatalogJanitorEnabledResponse was deleted due to a/an removed file: hbase-protocol/src/main/protobuf/Master.proto
INFO: a message type DispatchMergingRegionsResponse was deleted due to a/an removed file: hbase-protocol/src/main/protobuf/Master.proto
INFO: a message type DeleteColumnRequest was deleted due to a/an removed file: hbase-protocol/src/main/protobuf/Master.proto
INFO: a message type GetClusterStatusResponse was deleted due to a/an removed file: hbase-protocol/src/main/protobuf/Master.proto
INFO: a message type IsCleanerChoreEnabledResponse was deleted due to a/an removed file: hbase-protocol/src/main/protobuf/Master.proto
INFO: a message type RestoreSnapshotRequest was deleted due to a/an removed file: hbase-protocol/src/main/protobuf/Master.proto
INFO: a message type AddColumnResponse was deleted due to a/an removed file: hbase-protocol/src/main/protobuf/Master.proto
INFO: a message type IsSnapshotDoneResponse was deleted due to a/an removed file: hbase-protocol/src/main/protobuf/Master.proto
INFO: a message type EnableCatalogJanitorRequest was deleted due to a/an removed file: hbase-protocol/src/main/protobuf/Master.proto
INFO: a message type ProcessRequest was deleted due to a/an removed file: hbase-protocol/src/main/protobuf/RowProcessor.proto
INFO: a message type ProcessResponse was deleted due to a/an removed file: hbase-protocol/src/main/protobuf/RowProcessor.proto
INFO: a message type FileInfoProto was deleted due to a/an removed file: hbase-protocol/src/main/protobuf/HFile.proto
INFO: a message type FileTrailerProto was deleted due to a/an removed file: hbase-protocol/src/main/protobuf/HFile.proto
INFO: a message type CompactionEventTracker was deleted due to a/an removed file: hbase-protocol/src/main/protobuf/HFile.proto
INFO: a message type SequentialProcedureData was deleted due to a/an removed file: hbase-protocol/src/main/protobuf/Procedure.proto
INFO: a message type StateMachineProcedureData was deleted due to a/an removed file: hbase-protocol/src/main/protobuf/Procedure.proto
INFO: a message type ProcedureWALTrailer was deleted due to a/an removed file: hbase-protocol/src/main/protobuf/Procedure.proto
INFO: a message type Procedure was deleted due to a/an removed file: hbase-protocol/src/main/protobuf/Procedure.proto
INFO: a message type ProcedureStoreTracker was deleted due to a/an removed file: hbase-protocol/src/main/protobuf/Procedure.proto
INFO: a message type ProcedureWALHeader was deleted due to a/an removed file: hbase-protocol/src/main/protobuf/Procedure.proto
INFO: a message type ProcedureWALEntry was deleted due to a/an removed file: hbase-protocol/src/main/protobuf/Procedure.proto
INFO: a message type ColumnSchema was deleted due to a/an removed file: hbase-rest/src/main/resources/org/apache/hadoop/hbase/rest/protobuf/ColumnSchemaMessage.proto
INFO: a message type CoprocessorServiceCall was deleted due to a/an removed file: hbase-protocol/src/main/protobuf/Client.proto
INFO: a message type Action was deleted due to a/an removed file: hbase-protocol/src/main/protobuf/Client.proto
INFO: a message type MultiResponse was deleted due to a/an removed file: hbase-protocol/src/main/protobuf/Client.proto
INFO: a message type CellVisibility was deleted due to a/an removed file: hbase-protocol/src/main/protobuf/Client.proto
INFO: a message type RegionAction was deleted due to a/an removed file: hbase-protocol/src/main/protobuf/Client.proto
INFO: a message type Cursor was deleted due to a/an removed file: hbase-protocol/src/main/protobuf/Client.proto
INFO: a message type MutationProto was deleted due to a/an removed file: hbase-protocol/src/main/protobuf/Client.proto
INFO: a message type Result was deleted due to a/an removed file: hbase-protocol/src/main/protobuf/Client.proto
INFO: a message type MutateResponse was deleted due to a/an removed file: hbase-protocol/src/main/protobuf/Client.proto
INFO: a message type CoprocessorServiceRequest was deleted due to a/an removed file: hbase-protocol/src/main/protobuf/Client.proto
INFO: a message type RegionLoadStats was deleted due to a/an removed file: hbase-protocol/src/main/protobuf/Client.proto
INFO: a message type Column was deleted due to a/an removed file: hbase-protocol/src/main/protobuf/Client.proto
INFO: a message type CoprocessorServiceResponse was deleted due to a/an removed file: hbase-protocol/src/main/protobuf/Client.proto
INFO: a message type GetRequest was deleted due to a/an removed file: hbase-protocol/src/main/protobuf/Client.proto
INFO: a message type CoprocessorServiceResult was deleted due to a/an removed file: hbase-protocol/src/main/protobuf/Client.proto
INFO: a message type ResultOrException was deleted due to a/an removed file: hbase-protocol/src/main/protobuf/Client.proto
INFO: a message type Condition was deleted due to a/an removed file: hbase-protocol/src/main/protobuf/Client.proto
INFO: a message type Authorizations was deleted due to a/an removed file: hbase-protocol/src/main/protobuf/Client.proto
INFO: a message type MultiRequest was deleted due to a/an removed file: hbase-protocol/src/main/protobuf/Client.proto
INFO: a message type BulkLoadHFileRequest was deleted due to a/an removed file: hbase-protocol/src/main/protobuf/Client.proto
INFO: a message type MutateRequest was deleted due to a/an removed file: hbase-protocol/src/main/protobuf/Client.proto
INFO: a message type ScanResponse was deleted due to a/an removed file: hbase-protocol/src/main/protobuf/Client.proto
INFO: a message type RegionActionResult was deleted due to a/an removed file: hbase-protocol/src/main/protobuf/Client.proto
INFO: a message type GetResponse was deleted due to a/an removed file: hbase-protocol/src/main/protobuf/Client.proto
INFO: a message type ScanRequest was deleted due to a/an removed file: hbase-protocol/src/main/protobuf/Client.proto
INFO: a message type BulkLoadHFileResponse was deleted due to a/an removed file: hbase-protocol/src/main/protobuf/Client.proto
INFO: a message type Get was deleted due to a/an removed file: hbase-protocol/src/main/protobuf/Client.proto
INFO: a message type MultiRegionLoadStats was deleted due to a/an removed file: hbase-protocol/src/main/protobuf/Client.proto
INFO: a message type Scan was deleted due to a/an removed file: hbase-protocol/src/main/protobuf/Client.proto
INFO: a message type DummyRequest was deleted due to a/an removed file: hbase-server/src/test/protobuf/DummyRegionServerEndpoint.proto
INFO: a message type DummyResponse was deleted due to a/an removed file: hbase-server/src/test/protobuf/DummyRegionServerEndpoint.proto
INFO: a message type RegexStringComparator was deleted due to a/an removed file: hbase-protocol/src/main/protobuf/Comparator.proto
INFO: a message type SubstringComparator was deleted due to a/an removed file: hbase-protocol/src/main/protobuf/Comparator.proto
INFO: a message type ByteArrayComparable was deleted due to a/an removed file: hbase-protocol/src/main/protobuf/Comparator.proto
INFO: a message type BinaryPrefixComparator was deleted due to a/an removed file: hbase-protocol/src/main/protobuf/Comparator.proto
INFO: a message type NullComparator was deleted due to a/an removed file: hbase-protocol/src/main/protobuf/Comparator.proto
INFO: a message type LongComparator was deleted due to a/an removed file: hbase-protocol/src/main/protobuf/Comparator.proto
INFO: a message type BitComparator was deleted due to a/an removed file: hbase-protocol/src/main/protobuf/Comparator.proto
INFO: a message type BinaryComparator was deleted due to a/an removed file: hbase-protocol/src/main/protobuf/Comparator.proto
INFO: a message type Comparator was deleted due to a/an removed file: hbase-protocol/src/main/protobuf/Comparator.proto
INFO: a message type EmptyRequestProto was deleted due to a/an removed file: hbase-server/src/test/protobuf/test.proto
INFO: a message type EchoRequestProto was deleted due to a/an removed file: hbase-server/src/test/protobuf/test.proto
INFO: a message type PauseRequestProto was deleted due to a/an removed file: hbase-server/src/test/protobuf/test.proto
INFO: a message type AddrResponseProto was deleted due to a/an removed file: hbase-server/src/test/protobuf/test.proto
INFO: a message type EmptyResponseProto was deleted due to a/an removed file: hbase-server/src/test/protobuf/test.proto
INFO: a message type EchoResponseProto was deleted due to a/an removed file: hbase-server/src/test/protobuf/test.proto
INFO: a message type StackTraceElementMessage was deleted due to a/an removed file: hbase-protocol/src/main/protobuf/ErrorHandling.proto
INFO: a message type ForeignExceptionMessage was deleted due to a/an removed file: hbase-protocol/src/main/protobuf/ErrorHandling.proto
INFO: a message type GenericExceptionMessage was deleted due to a/an removed file: hbase-protocol/src/main/protobuf/ErrorHandling.proto
INFO: a message type Cell was deleted due to a/an removed file: hbase-rest/src/main/resources/org/apache/hadoop/hbase/rest/protobuf/CellMessage.proto
INFO: a message type ColumnAggregationWithErrorsSumResponse was deleted due to a/an removed file: hbase-server/src/test/protobuf/ColumnAggregationWithErrorsProtocol.proto
INFO: a message type ColumnAggregationWithErrorsSumRequest was deleted due to a/an removed file: hbase-server/src/test/protobuf/ColumnAggregationWithErrorsProtocol.proto
INFO: a message type RegionNormalizerState was deleted due to a/an removed file: hbase-protocol/src/main/protobuf/RegionNormalizer.proto
INFO: a message type Reference was deleted due to a/an removed file: hbase-protocol/src/main/protobuf/FS.proto
INFO: a message type HBaseVersionFileContent was deleted due to a/an removed file: hbase-protocol/src/main/protobuf/FS.proto
INFO: a message type RollWALWriterResponse was deleted due to a/an removed file: hbase-protocol/src/main/protobuf/Admin.proto
INFO: a message type StopServerResponse was deleted due to a/an removed file: hbase-protocol/src/main/protobuf/Admin.proto
INFO: a message type ReplicateWALEntryResponse was deleted due to a/an removed file: hbase-protocol/src/main/protobuf/Admin.proto
INFO: a message type RollWALWriterRequest was deleted due to a/an removed file: hbase-protocol/src/main/protobuf/Admin.proto
INFO: a message type ServerInfo was deleted due to a/an removed file: hbase-protocol/src/main/protobuf/Admin.proto
INFO: a message type UpdateConfigurationResponse was deleted due to a/an removed file: hbase-protocol/src/main/protobuf/Admin.proto
INFO: a message type CloseRegionRequest was deleted due to a/an removed file: hbase-protocol/src/main/protobuf/Admin.proto
INFO: a message type MergeRegionsResponse was deleted due to a/an removed file: hbase-protocol/src/main/protobuf/Admin.proto
INFO: a message type UpdateFavoredNodesRequest was deleted due to a/an removed file: hbase-protocol/src/main/protobuf/Admin.proto
INFO: a message type UpdateConfigurationRequest was deleted due to a/an removed file: hbase-protocol/src/main/protobuf/Admin.proto
INFO: a message type GetRegionInfoRequest was deleted due to a/an removed file: hbase-protocol/src/main/protobuf/Admin.proto
INFO: a message type GetStoreFileRequest was deleted due to a/an removed file: hbase-protocol/src/main/protobuf/Admin.proto
INFO: a message type CompactRegionRequest was deleted due to a/an removed file: hbase-protocol/src/main/protobuf/Admin.proto
INFO: a message type GetOnlineRegionResponse was deleted due to a/an removed file: hbase-protocol/src/main/protobuf/Admin.proto
INFO: a message type FlushRegionResponse was deleted due to a/an removed file: hbase-protocol/src/main/protobuf/Admin.proto
INFO: a message type OpenRegionResponse was deleted due to a/an removed file: hbase-protocol/src/main/protobuf/Admin.proto
INFO: a message type SplitRegionResponse was deleted due to a/an removed file: hbase-protocol/src/main/protobuf/Admin.proto
INFO: a message type CompactRegionResponse was deleted due to a/an removed file: hbase-protocol/src/main/protobuf/Admin.proto
INFO: a message type GetServerInfoResponse was deleted due to a/an removed file: hbase-protocol/src/main/protobuf/Admin.proto
INFO: a message type WarmupRegionResponse was deleted due to a/an removed file: hbase-protocol/src/main/protobuf/Admin.proto
INFO: a message type GetOnlineRegionRequest was deleted due to a/an removed file: hbase-protocol/src/main/protobuf/Admin.proto
INFO: a message type SplitRegionRequest was deleted due to a/an removed file: hbase-protocol/src/main/protobuf/Admin.proto
INFO: a message type MergeRegionsRequest was deleted due to a/an removed file: hbase-protocol/src/main/protobuf/Admin.proto
INFO: a message type StopServerRequest was deleted due to a/an removed file: hbase-protocol/src/main/protobuf/Admin.proto
INFO: a message type GetStoreFileResponse was deleted due to a/an removed file: hbase-protocol/src/main/protobuf/Admin.proto
INFO: a message type GetServerInfoRequest was deleted due to a/an removed file: hbase-protocol/src/main/protobuf/Admin.proto
INFO: a message type UpdateFavoredNodesResponse was deleted due to a/an removed file: hbase-protocol/src/main/protobuf/Admin.proto
INFO: a message type OpenRegionRequest was deleted due to a/an removed file: hbase-protocol/src/main/protobuf/Admin.proto
INFO: a message type GetRegionInfoResponse was deleted due to a/an removed file: hbase-protocol/src/main/protobuf/Admin.proto
INFO: a message type ReplicateWALEntryRequest was deleted due to a/an removed file: hbase-protocol/src/main/protobuf/Admin.proto
INFO: a message type CloseRegionResponse was deleted due to a/an removed file: hbase-protocol/src/main/protobuf/Admin.proto
INFO: a message type WALEntry was deleted due to a/an removed file: hbase-protocol/src/main/protobuf/Admin.proto
INFO: a message type FlushRegionRequest was deleted due to a/an removed file: hbase-protocol/src/main/protobuf/Admin.proto
INFO: a message type WarmupRegionRequest was deleted due to a/an removed file: hbase-protocol/src/main/protobuf/Admin.proto
INFO: a message type PrepareBulkLoadRequest was deleted due to a/an removed file: hbase-protocol/src/main/protobuf/SecureBulkLoad.proto
INFO: a message type CleanupBulkLoadRequest was deleted due to a/an removed file: hbase-protocol/src/main/protobuf/SecureBulkLoad.proto
INFO: a message type DelegationToken was deleted due to a/an removed file: hbase-protocol/src/main/protobuf/SecureBulkLoad.proto
INFO: a message type SecureBulkLoadHFilesResponse was deleted due to a/an removed file: hbase-protocol/src/main/protobuf/SecureBulkLoad.proto
INFO: a message type SecureBulkLoadHFilesRequest was deleted due to a/an removed file: hbase-protocol/src/main/protobuf/SecureBulkLoad.proto
INFO: a message type PrepareBulkLoadResponse was deleted due to a/an removed file: hbase-protocol/src/main/protobuf/SecureBulkLoad.proto
INFO: a message type CleanupBulkLoadResponse was deleted due to a/an removed file: hbase-protocol/src/main/protobuf/SecureBulkLoad.proto
INFO: a message type SumResponse was deleted due to a/an removed file: hbase-server/src/test/protobuf/ColumnAggregationProtocol.proto
INFO: a message type SumRequest was deleted due to a/an removed file: hbase-server/src/test/protobuf/ColumnAggregationProtocol.proto
INFO: a message type BulkDeleteRequest was deleted due to a/an removed file: hbase-examples/src/main/protobuf/BulkDelete.proto
INFO: a message type BulkDeleteResponse was deleted due to a/an removed file: hbase-examples/src/main/protobuf/BulkDelete.proto
INFO: a message type TimedQuota was deleted due to a/an removed file: hbase-protocol/src/main/protobuf/Quota.proto
INFO: a message type Quotas was deleted due to a/an removed file: hbase-protocol/src/main/protobuf/Quota.proto
INFO: a message type ThrottleRequest was deleted due to a/an removed file: hbase-protocol/src/main/protobuf/Quota.proto
INFO: a message type QuotaUsage was deleted due to a/an removed file: hbase-protocol/src/main/protobuf/Quota.proto
INFO: a message type Throttle was deleted due to a/an removed file: hbase-protocol/src/main/protobuf/Quota.proto
INFO: a message type TableName was deleted due to a/an removed file: hbase-protocol/src/main/protobuf/Table.proto
INFO: a message type ColumnAggregationNullResponseSumResponse was deleted due to a/an removed file: hbase-server/src/test/protobuf/ColumnAggregationNullResponseProtocol.proto
INFO: a message type ColumnAggregationNullResponseSumRequest was deleted due to a/an removed file: hbase-server/src/test/protobuf/ColumnAggregationNullResponseProtocol.proto
INFO: a message type RevokeRequest was deleted due to a/an removed file: hbase-protocol/src/main/protobuf/AccessControl.proto
INFO: a message type GrantResponse was deleted due to a/an removed file: hbase-protocol/src/main/protobuf/AccessControl.proto
INFO: a message type GetUserPermissionsRequest was deleted due to a/an removed file: hbase-protocol/src/main/protobuf/AccessControl.proto
INFO: a message type GlobalPermission was deleted due to a/an removed file: hbase-protocol/src/main/protobuf/AccessControl.proto
INFO: a message type TablePermission was deleted due to a/an removed file: hbase-protocol/src/main/protobuf/AccessControl.proto
INFO: a message type RevokeResponse was deleted due to a/an removed file: hbase-protocol/src/main/protobuf/AccessControl.proto
INFO: a message type GetUserPermissionsResponse was deleted due to a/an removed file: hbase-protocol/src/main/protobuf/AccessControl.proto
INFO: a message type GrantRequest was deleted due to a/an removed file: hbase-protocol/src/main/protobuf/AccessControl.proto
INFO: a message type UsersAndPermissions was deleted due to a/an removed file: hbase-protocol/src/main/protobuf/AccessControl.proto
INFO: a message type CheckPermissionsResponse was deleted due to a/an removed file: hbase-protocol/src/main/protobuf/AccessControl.proto
INFO: a message type Permission was deleted due to a/an removed file: hbase-protocol/src/main/protobuf/AccessControl.proto
INFO: a message type NamespacePermission was deleted due to a/an removed file: hbase-protocol/src/main/protobuf/AccessControl.proto
INFO: a message type CheckPermissionsRequest was deleted due to a/an removed file: hbase-protocol/src/main/protobuf/AccessControl.proto
INFO: a message type UserPermission was deleted due to a/an removed file: hbase-protocol/src/main/protobuf/AccessControl.proto
INFO: a message type Version was deleted due to a/an removed file: hbase-rest/src/main/resources/org/apache/hadoop/hbase/rest/protobuf/VersionMessage.proto
INFO: a message type WrappedKey was deleted due to a/an removed file: hbase-protocol/src/main/protobuf/Encryption.proto
INFO: a message type RegionServerInfo was deleted due to a/an removed file: hbase-protocol/src/main/protobuf/HBase.proto
INFO: a message type TableSchema was deleted due to a/an removed file: hbase-protocol/src/main/protobuf/HBase.proto
INFO: a message type LongMsg was deleted due to a/an removed file: hbase-protocol/src/main/protobuf/HBase.proto
INFO: a message type EmptyMsg was deleted due to a/an removed file: hbase-protocol/src/main/protobuf/HBase.proto
INFO: a message type BigDecimalMsg was deleted due to a/an removed file: hbase-protocol/src/main/protobuf/HBase.proto
INFO: a message type NameInt64Pair was deleted due to a/an removed file: hbase-protocol/src/main/protobuf/HBase.proto
INFO: a message type RegionInfo was deleted due to a/an removed file: hbase-protocol/src/main/protobuf/HBase.proto
INFO: a message type SnapshotDescription was deleted due to a/an removed file: hbase-protocol/src/main/protobuf/HBase.proto
INFO: a message type RegionSpecifier was deleted due to a/an removed file: hbase-protocol/src/main/protobuf/HBase.proto
INFO: a message type ColumnFamilySchema was deleted due to a/an removed file: hbase-protocol/src/main/protobuf/HBase.proto
INFO: a message type TimeRange was deleted due to a/an removed file: hbase-protocol/src/main/protobuf/HBase.proto
INFO: a message type VersionInfo was deleted due to a/an removed file: hbase-protocol/src/main/protobuf/HBase.proto
INFO: a message type ColumnFamilyTimeRange was deleted due to a/an removed file: hbase-protocol/src/main/protobuf/HBase.proto
INFO: a message type FavoredNodes was deleted due to a/an removed file: hbase-protocol/src/main/protobuf/HBase.proto
INFO: a message type Coprocessor was deleted due to a/an removed file: hbase-protocol/src/main/protobuf/HBase.proto
INFO: a message type NameBytesPair was deleted due to a/an removed file: hbase-protocol/src/main/protobuf/HBase.proto
INFO: a message type DoubleMsg was deleted due to a/an removed file: hbase-protocol/src/main/protobuf/HBase.proto
INFO: a message type NameStringPair was deleted due to a/an removed file: hbase-protocol/src/main/protobuf/HBase.proto
INFO: a message type BytesBytesPair was deleted due to a/an removed file: hbase-protocol/src/main/protobuf/HBase.proto
INFO: a message type ServerName was deleted due to a/an removed file: hbase-protocol/src/main/protobuf/HBase.proto
INFO: a message type ProcedureDescription was deleted due to a/an removed file: hbase-protocol/src/main/protobuf/HBase.proto
INFO: a message type NamespaceDescriptor was deleted due to a/an removed file: hbase-protocol/src/main/protobuf/HBase.proto
INFO: a message type UUID was deleted due to a/an removed file: hbase-protocol/src/main/protobuf/HBase.proto
INFO: a message type Cell was added due to a/an added file: hbase-examples/src/main/protobuf/CellMessage.proto
INFO: a message type CountRequest was added due to a/an added file: hbase-examples/src/main/protobuf/RowCount.proto
INFO: a message type CountResponse was added due to a/an added file: hbase-examples/src/main/protobuf/RowCount.proto
