INFO: a message type ColumnStatistics was deleted due to a/an removed file: ql/src/protobuf/org/apache/hadoop/hive/ql/io/orc/orc_proto.proto
INFO: a message type RowIndex was deleted due to a/an removed file: ql/src/protobuf/org/apache/hadoop/hive/ql/io/orc/orc_proto.proto
INFO: a message type DateStatistics was deleted due to a/an removed file: ql/src/protobuf/org/apache/hadoop/hive/ql/io/orc/orc_proto.proto
INFO: a message type Metadata was deleted due to a/an removed file: ql/src/protobuf/org/apache/hadoop/hive/ql/io/orc/orc_proto.proto
INFO: a message type StripeStatistics was deleted due to a/an removed file: ql/src/protobuf/org/apache/hadoop/hive/ql/io/orc/orc_proto.proto
INFO: a message type TimestampStatistics was deleted due to a/an removed file: ql/src/protobuf/org/apache/hadoop/hive/ql/io/orc/orc_proto.proto
INFO: a message type BinaryStatistics was deleted due to a/an removed file: ql/src/protobuf/org/apache/hadoop/hive/ql/io/orc/orc_proto.proto
INFO: a message type RowIndexEntry was deleted due to a/an removed file: ql/src/protobuf/org/apache/hadoop/hive/ql/io/orc/orc_proto.proto
INFO: a message type BloomFilter was deleted due to a/an removed file: ql/src/protobuf/org/apache/hadoop/hive/ql/io/orc/orc_proto.proto
INFO: a message type PostScript was deleted due to a/an removed file: ql/src/protobuf/org/apache/hadoop/hive/ql/io/orc/orc_proto.proto
INFO: a message type ColumnEncoding was deleted due to a/an removed file: ql/src/protobuf/org/apache/hadoop/hive/ql/io/orc/orc_proto.proto
INFO: a message type Type was deleted due to a/an removed file: ql/src/protobuf/org/apache/hadoop/hive/ql/io/orc/orc_proto.proto
INFO: a message type DecimalStatistics was deleted due to a/an removed file: ql/src/protobuf/org/apache/hadoop/hive/ql/io/orc/orc_proto.proto
INFO: a message type StringStatistics was deleted due to a/an removed file: ql/src/protobuf/org/apache/hadoop/hive/ql/io/orc/orc_proto.proto
INFO: a message type StripeFooter was deleted due to a/an removed file: ql/src/protobuf/org/apache/hadoop/hive/ql/io/orc/orc_proto.proto
INFO: a message type DoubleStatistics was deleted due to a/an removed file: ql/src/protobuf/org/apache/hadoop/hive/ql/io/orc/orc_proto.proto
INFO: a message type BloomFilterIndex was deleted due to a/an removed file: ql/src/protobuf/org/apache/hadoop/hive/ql/io/orc/orc_proto.proto
INFO: a message type UserMetadataItem was deleted due to a/an removed file: ql/src/protobuf/org/apache/hadoop/hive/ql/io/orc/orc_proto.proto
INFO: a message type Footer was deleted due to a/an removed file: ql/src/protobuf/org/apache/hadoop/hive/ql/io/orc/orc_proto.proto
INFO: a message type Stream was deleted due to a/an removed file: ql/src/protobuf/org/apache/hadoop/hive/ql/io/orc/orc_proto.proto
INFO: a message type BucketStatistics was deleted due to a/an removed file: ql/src/protobuf/org/apache/hadoop/hive/ql/io/orc/orc_proto.proto
INFO: a message type StripeInformation was deleted due to a/an removed file: ql/src/protobuf/org/apache/hadoop/hive/ql/io/orc/orc_proto.proto
INFO: a message type IntegerStatistics was deleted due to a/an removed file: ql/src/protobuf/org/apache/hadoop/hive/ql/io/orc/orc_proto.proto
INFO: a message type FragmentRuntimeInfo was added due to a/an added file: llap-common/src/protobuf/LlapDaemonProtocol.proto
INFO: a message type GetTokenRequestProto was added due to a/an added file: llap-common/src/protobuf/LlapDaemonProtocol.proto
INFO: a message type LlapOutputSocketInitMessage was added due to a/an added file: llap-common/src/protobuf/LlapDaemonProtocol.proto
INFO: a message type SourceStateUpdatedResponseProto was added due to a/an added file: llap-common/src/protobuf/LlapDaemonProtocol.proto
INFO: a message type GroupInputSpecProto was added due to a/an added file: llap-common/src/protobuf/LlapDaemonProtocol.proto
INFO: a message type SourceStateUpdatedRequestProto was added due to a/an added file: llap-common/src/protobuf/LlapDaemonProtocol.proto
INFO: a message type TerminateFragmentRequestProto was added due to a/an added file: llap-common/src/protobuf/LlapDaemonProtocol.proto
INFO: a message type EntityDescriptorProto was added due to a/an added file: llap-common/src/protobuf/LlapDaemonProtocol.proto
INFO: a message type IOSpecProto was added due to a/an added file: llap-common/src/protobuf/LlapDaemonProtocol.proto
INFO: a message type TerminateFragmentResponseProto was added due to a/an added file: llap-common/src/protobuf/LlapDaemonProtocol.proto
INFO: a message type VertexOrBinary was added due to a/an added file: llap-common/src/protobuf/LlapDaemonProtocol.proto
INFO: a message type GetTokenResponseProto was added due to a/an added file: llap-common/src/protobuf/LlapDaemonProtocol.proto
INFO: a message type SubmitWorkRequestProto was added due to a/an added file: llap-common/src/protobuf/LlapDaemonProtocol.proto
INFO: a message type NotTezEvent was added due to a/an added file: llap-common/src/protobuf/LlapDaemonProtocol.proto
INFO: a message type QueryCompleteResponseProto was added due to a/an added file: llap-common/src/protobuf/LlapDaemonProtocol.proto
INFO: a message type SignableVertexSpec was added due to a/an added file: llap-common/src/protobuf/LlapDaemonProtocol.proto
INFO: a message type QueryIdentifierProto was added due to a/an added file: llap-common/src/protobuf/LlapDaemonProtocol.proto
INFO: a message type SubmitWorkResponseProto was added due to a/an added file: llap-common/src/protobuf/LlapDaemonProtocol.proto
INFO: a message type UserPayloadProto was added due to a/an added file: llap-common/src/protobuf/LlapDaemonProtocol.proto
INFO: a message type QueryCompleteRequestProto was added due to a/an added file: llap-common/src/protobuf/LlapDaemonProtocol.proto
INFO: a message type AggrStats was added due to a/an added file: metastore/src/protobuf/org/apache/hadoop/hive/metastore/hbase/hbase_metastore_proto.proto
INFO: a message type FieldSchema was added due to a/an added file: metastore/src/protobuf/org/apache/hadoop/hive/metastore/hbase/hbase_metastore_proto.proto
INFO: a message type StorageDescriptor was added due to a/an added file: metastore/src/protobuf/org/apache/hadoop/hive/metastore/hbase/hbase_metastore_proto.proto
INFO: a message type PrimaryKey was added due to a/an added file: metastore/src/protobuf/org/apache/hadoop/hive/metastore/hbase/hbase_metastore_proto.proto
INFO: a message type ParameterEntry was added due to a/an added file: metastore/src/protobuf/org/apache/hadoop/hive/metastore/hbase/hbase_metastore_proto.proto
INFO: a message type Index was added due to a/an added file: metastore/src/protobuf/org/apache/hadoop/hive/metastore/hbase/hbase_metastore_proto.proto
INFO: a message type PartitionKeyComparator was added due to a/an added file: metastore/src/protobuf/org/apache/hadoop/hive/metastore/hbase/hbase_metastore_proto.proto
INFO: a message type AggrStatsBloomFilter was added due to a/an added file: metastore/src/protobuf/org/apache/hadoop/hive/metastore/hbase/hbase_metastore_proto.proto
INFO: a message type Function was added due to a/an added file: metastore/src/protobuf/org/apache/hadoop/hive/metastore/hbase/hbase_metastore_proto.proto
INFO: a message type Database was added due to a/an added file: metastore/src/protobuf/org/apache/hadoop/hive/metastore/hbase/hbase_metastore_proto.proto
INFO: a message type ForeignKeys was added due to a/an added file: metastore/src/protobuf/org/apache/hadoop/hive/metastore/hbase/hbase_metastore_proto.proto
INFO: a message type RoleGrantInfo was added due to a/an added file: metastore/src/protobuf/org/apache/hadoop/hive/metastore/hbase/hbase_metastore_proto.proto
INFO: a message type Partition was added due to a/an added file: metastore/src/protobuf/org/apache/hadoop/hive/metastore/hbase/hbase_metastore_proto.proto
INFO: a message type Parameters was added due to a/an added file: metastore/src/protobuf/org/apache/hadoop/hive/metastore/hbase/hbase_metastore_proto.proto
INFO: a message type Table was added due to a/an added file: metastore/src/protobuf/org/apache/hadoop/hive/metastore/hbase/hbase_metastore_proto.proto
INFO: a message type RoleGrantInfoList was added due to a/an added file: metastore/src/protobuf/org/apache/hadoop/hive/metastore/hbase/hbase_metastore_proto.proto
INFO: a message type PrivilegeGrantInfo was added due to a/an added file: metastore/src/protobuf/org/apache/hadoop/hive/metastore/hbase/hbase_metastore_proto.proto
INFO: a message type DelegationToken was added due to a/an added file: metastore/src/protobuf/org/apache/hadoop/hive/metastore/hbase/hbase_metastore_proto.proto
INFO: a message type PrincipalPrivilegeSet was added due to a/an added file: metastore/src/protobuf/org/apache/hadoop/hive/metastore/hbase/hbase_metastore_proto.proto
INFO: a message type RoleList was added due to a/an added file: metastore/src/protobuf/org/apache/hadoop/hive/metastore/hbase/hbase_metastore_proto.proto
INFO: a message type AggrStatsInvalidatorFilter was added due to a/an added file: metastore/src/protobuf/org/apache/hadoop/hive/metastore/hbase/hbase_metastore_proto.proto
INFO: a message type PrincipalPrivilegeSetEntry was added due to a/an added file: metastore/src/protobuf/org/apache/hadoop/hive/metastore/hbase/hbase_metastore_proto.proto
INFO: a message type Role was added due to a/an added file: metastore/src/protobuf/org/apache/hadoop/hive/metastore/hbase/hbase_metastore_proto.proto
INFO: a message type ColumnStats was added due to a/an added file: metastore/src/protobuf/org/apache/hadoop/hive/metastore/hbase/hbase_metastore_proto.proto
INFO: a message type MasterKey was added due to a/an added file: metastore/src/protobuf/org/apache/hadoop/hive/metastore/hbase/hbase_metastore_proto.proto
INFO: a message type SplitInfos was added due to a/an added file: metastore/src/protobuf/org/apache/hadoop/hive/metastore/metastore.proto
INFO: a message type SplitInfo was added due to a/an added file: metastore/src/protobuf/org/apache/hadoop/hive/metastore/metastore.proto
