INFO: a message type RowIndex was deleted due to a/an removed file: orc/src/protobuf/orc_proto.proto
INFO: a message type Metadata was deleted due to a/an removed file: orc/src/protobuf/orc_proto.proto
INFO: a message type TimestampStatistics was deleted due to a/an removed file: orc/src/protobuf/orc_proto.proto
INFO: a message type BinaryStatistics was deleted due to a/an removed file: orc/src/protobuf/orc_proto.proto
INFO: a message type BloomFilter was deleted due to a/an removed file: orc/src/protobuf/orc_proto.proto
INFO: a message type FileTail was deleted due to a/an removed file: orc/src/protobuf/orc_proto.proto
INFO: a message type PostScript was deleted due to a/an removed file: orc/src/protobuf/orc_proto.proto
INFO: a message type Stream was deleted due to a/an removed file: orc/src/protobuf/orc_proto.proto
INFO: a message type BucketStatistics was deleted due to a/an removed file: orc/src/protobuf/orc_proto.proto
INFO: a message type ColumnStatistics was deleted due to a/an removed file: orc/src/protobuf/orc_proto.proto
INFO: a message type DateStatistics was deleted due to a/an removed file: orc/src/protobuf/orc_proto.proto
INFO: a message type StripeStatistics was deleted due to a/an removed file: orc/src/protobuf/orc_proto.proto
INFO: a message type RowIndexEntry was deleted due to a/an removed file: orc/src/protobuf/orc_proto.proto
INFO: a message type ColumnEncoding was deleted due to a/an removed file: orc/src/protobuf/orc_proto.proto
INFO: a message type Type was deleted due to a/an removed file: orc/src/protobuf/orc_proto.proto
INFO: a message type DecimalStatistics was deleted due to a/an removed file: orc/src/protobuf/orc_proto.proto
INFO: a message type StringStatistics was deleted due to a/an removed file: orc/src/protobuf/orc_proto.proto
INFO: a message type StripeFooter was deleted due to a/an removed file: orc/src/protobuf/orc_proto.proto
INFO: a message type DoubleStatistics was deleted due to a/an removed file: orc/src/protobuf/orc_proto.proto
INFO: a message type BloomFilterIndex was deleted due to a/an removed file: orc/src/protobuf/orc_proto.proto
INFO: a message type UserMetadataItem was deleted due to a/an removed file: orc/src/protobuf/orc_proto.proto
INFO: a message type Footer was deleted due to a/an removed file: orc/src/protobuf/orc_proto.proto
INFO: a message type StripeInformation was deleted due to a/an removed file: orc/src/protobuf/orc_proto.proto
INFO: a message type IntegerStatistics was deleted due to a/an removed file: orc/src/protobuf/orc_proto.proto
INFO: a message type PrimaryKey was added in new version. (metastore/src/protobuf/org/apache/hadoop/hive/metastore/hbase/hbase_metastore_proto.proto)
INFO: a message type ForeignKeys was added in new version. (metastore/src/protobuf/org/apache/hadoop/hive/metastore/hbase/hbase_metastore_proto.proto)
