INFO: a message type ColumnStatistics was deleted due to a/an removed file: ql/src/protobuf/org/apache/hadoop/hive/ql/io/orc/orc_proto.proto
INFO: a message type RowIndex was deleted due to a/an removed file: ql/src/protobuf/org/apache/hadoop/hive/ql/io/orc/orc_proto.proto
INFO: a message type DateStatistics was deleted due to a/an removed file: ql/src/protobuf/org/apache/hadoop/hive/ql/io/orc/orc_proto.proto
INFO: a message type Metadata was deleted due to a/an removed file: ql/src/protobuf/org/apache/hadoop/hive/ql/io/orc/orc_proto.proto
INFO: a message type StripeStatistics was deleted due to a/an removed file: ql/src/protobuf/org/apache/hadoop/hive/ql/io/orc/orc_proto.proto
INFO: a message type TimestampStatistics was deleted due to a/an removed file: ql/src/protobuf/org/apache/hadoop/hive/ql/io/orc/orc_proto.proto
INFO: a message type BinaryStatistics was deleted due to a/an removed file: ql/src/protobuf/org/apache/hadoop/hive/ql/io/orc/orc_proto.proto
INFO: a message type RowIndexEntry was deleted due to a/an removed file: ql/src/protobuf/org/apache/hadoop/hive/ql/io/orc/orc_proto.proto
INFO: a message type BloomFilter was deleted due to a/an removed file: ql/src/protobuf/org/apache/hadoop/hive/ql/io/orc/orc_proto.proto
INFO: a message type PostScript was deleted due to a/an removed file: ql/src/protobuf/org/apache/hadoop/hive/ql/io/orc/orc_proto.proto
INFO: a message type ColumnEncoding was deleted due to a/an removed file: ql/src/protobuf/org/apache/hadoop/hive/ql/io/orc/orc_proto.proto
INFO: a message type Type was deleted due to a/an removed file: ql/src/protobuf/org/apache/hadoop/hive/ql/io/orc/orc_proto.proto
INFO: a message type DecimalStatistics was deleted due to a/an removed file: ql/src/protobuf/org/apache/hadoop/hive/ql/io/orc/orc_proto.proto
INFO: a message type StringStatistics was deleted due to a/an removed file: ql/src/protobuf/org/apache/hadoop/hive/ql/io/orc/orc_proto.proto
INFO: a message type StripeFooter was deleted due to a/an removed file: ql/src/protobuf/org/apache/hadoop/hive/ql/io/orc/orc_proto.proto
INFO: a message type DoubleStatistics was deleted due to a/an removed file: ql/src/protobuf/org/apache/hadoop/hive/ql/io/orc/orc_proto.proto
INFO: a message type BloomFilterIndex was deleted due to a/an removed file: ql/src/protobuf/org/apache/hadoop/hive/ql/io/orc/orc_proto.proto
INFO: a message type UserMetadataItem was deleted due to a/an removed file: ql/src/protobuf/org/apache/hadoop/hive/ql/io/orc/orc_proto.proto
INFO: a message type Footer was deleted due to a/an removed file: ql/src/protobuf/org/apache/hadoop/hive/ql/io/orc/orc_proto.proto
INFO: a message type Stream was deleted due to a/an removed file: ql/src/protobuf/org/apache/hadoop/hive/ql/io/orc/orc_proto.proto
INFO: a message type BucketStatistics was deleted due to a/an removed file: ql/src/protobuf/org/apache/hadoop/hive/ql/io/orc/orc_proto.proto
INFO: a message type StripeInformation was deleted due to a/an removed file: ql/src/protobuf/org/apache/hadoop/hive/ql/io/orc/orc_proto.proto
INFO: a message type IntegerStatistics was deleted due to a/an removed file: ql/src/protobuf/org/apache/hadoop/hive/ql/io/orc/orc_proto.proto
INFO: a message type GetTokenRequestProto was added due to a/an added file: llap-common/src/protobuf/LlapDaemonProtocol.proto
INFO: a message type LlapOutputSocketInitMessage was added due to a/an added file: llap-common/src/protobuf/LlapDaemonProtocol.proto
INFO: a message type UpdateFragmentRequestProto was added due to a/an added file: llap-common/src/protobuf/LlapDaemonProtocol.proto
INFO: a message type SourceStateUpdatedRequestProto was added due to a/an added file: llap-common/src/protobuf/LlapDaemonProtocol.proto
INFO: a message type EntityDescriptorProto was added due to a/an added file: llap-common/src/protobuf/LlapDaemonProtocol.proto
INFO: a message type IOSpecProto was added due to a/an added file: llap-common/src/protobuf/LlapDaemonProtocol.proto
INFO: a message type PurgeCacheRequestProto was added due to a/an added file: llap-common/src/protobuf/LlapDaemonProtocol.proto
INFO: a message type GetTokenResponseProto was added due to a/an added file: llap-common/src/protobuf/LlapDaemonProtocol.proto
INFO: a message type PurgeCacheResponseProto was added due to a/an added file: llap-common/src/protobuf/LlapDaemonProtocol.proto
INFO: a message type SubmitWorkRequestProto was added due to a/an added file: llap-common/src/protobuf/LlapDaemonProtocol.proto
INFO: a message type QueryCompleteResponseProto was added due to a/an added file: llap-common/src/protobuf/LlapDaemonProtocol.proto
INFO: a message type FragmentRuntimeInfo was added due to a/an added file: llap-common/src/protobuf/LlapDaemonProtocol.proto
INFO: a message type SourceStateUpdatedResponseProto was added due to a/an added file: llap-common/src/protobuf/LlapDaemonProtocol.proto
INFO: a message type GroupInputSpecProto was added due to a/an added file: llap-common/src/protobuf/LlapDaemonProtocol.proto
INFO: a message type TerminateFragmentRequestProto was added due to a/an added file: llap-common/src/protobuf/LlapDaemonProtocol.proto
INFO: a message type TerminateFragmentResponseProto was added due to a/an added file: llap-common/src/protobuf/LlapDaemonProtocol.proto
INFO: a message type VertexOrBinary was added due to a/an added file: llap-common/src/protobuf/LlapDaemonProtocol.proto
INFO: a message type NotTezEvent was added due to a/an added file: llap-common/src/protobuf/LlapDaemonProtocol.proto
INFO: a message type UpdateFragmentResponseProto was added due to a/an added file: llap-common/src/protobuf/LlapDaemonProtocol.proto
INFO: a message type SignableVertexSpec was added due to a/an added file: llap-common/src/protobuf/LlapDaemonProtocol.proto
INFO: a message type QueryIdentifierProto was added due to a/an added file: llap-common/src/protobuf/LlapDaemonProtocol.proto
INFO: a message type SubmitWorkResponseProto was added due to a/an added file: llap-common/src/protobuf/LlapDaemonProtocol.proto
INFO: a message type UserPayloadProto was added due to a/an added file: llap-common/src/protobuf/LlapDaemonProtocol.proto
INFO: a message type QueryCompleteRequestProto was added due to a/an added file: llap-common/src/protobuf/LlapDaemonProtocol.proto
INFO: a message type UpdateQueryRequestProto was added due to a/an added file: llap-common/src/protobuf/LlapPluginProtocol.proto
INFO: a message type UpdateQueryResponseProto was added due to a/an added file: llap-common/src/protobuf/LlapPluginProtocol.proto
INFO: a message type HiveHookEventProto was added due to a/an added file: ql/src/protobuf/HiveEvents.proto
INFO: a message type MapFieldEntry was added due to a/an added file: ql/src/protobuf/HiveEvents.proto
INFO: a message type SplitInfos was added due to a/an added file: standalone-metastore/src/main/protobuf/org/apache/hadoop/hive/metastore/metastore.proto
INFO: a message type SplitInfo was added due to a/an added file: standalone-metastore/src/main/protobuf/org/apache/hadoop/hive/metastore/metastore.proto
