[31mError happened when compiling./mesos/include/mesos/v1/scheduler/scheduler.proto !
[0m
[31mError happened when compiling./mesos/include/mesos/v1/agent/agent.proto !
[0m
[31mError happened when compiling./mesos/include/mesos/v1/master/master.proto !
[0m
[31mError happened when compiling./mesos/include/mesos/v1/allocator/allocator.proto !
[0m
[31mError happened when compiling./mesos/include/mesos/v1/resource_provider/resource_provider.proto !
[0m
[31mError happened when compiling./mesos/include/mesos/v1/maintenance/maintenance.proto !
[0m
[31mError happened when compiling./mesos/include/mesos/v1/executor/executor.proto !
[0m
[31mError happened when compiling./mesos/include/mesos/v1/quota/quota.proto !
[0m
[31mError happened when compiling./mesos/include/mesos/docker/v2.proto !
[0m
[31mError happened when compiling./mesos/include/mesos/module/hook.proto !
[0m
[31mError happened when compiling./mesos/include/mesos/module/module.proto !
[0m
[31mError happened when compiling./mesos/include/mesos/scheduler/scheduler.proto !
[0m
[31mError happened when compiling./mesos/include/mesos/fetcher/fetcher.proto !
[0m
[31mError happened when compiling./mesos/include/mesos/oci/spec.proto !
[0m
[31mError happened when compiling./mesos/include/mesos/agent/agent.proto !
[0m
[31mError happened when compiling./mesos/include/mesos/appc/spec.proto !
[0m
[31mError happened when compiling./mesos/include/mesos/authorizer/authorizer.proto !
[0m
[31mError happened when compiling./mesos/include/mesos/slave/oversubscription.proto !
[0m
[31mError happened when compiling./mesos/include/mesos/slave/containerizer.proto !
[0m
[31mError happened when compiling./mesos/include/mesos/master/master.proto !
[0m
[31mError happened when compiling./mesos/include/mesos/mesos.proto !
[0m
[31mError happened when compiling./mesos/include/mesos/allocator/allocator.proto !
[0m
[31mError happened when compiling./mesos/include/mesos/resource_provider/resource_provider.proto !
[0m
[31mError happened when compiling./mesos/include/mesos/maintenance/maintenance.proto !
[0m
[31mError happened when compiling./mesos/include/mesos/executor/executor.proto !
[0m
[31mError happened when compiling./mesos/include/mesos/quota/quota.proto !
[0m
[31mError happened when compiling./mesos/src/messages/messages.proto !
[0m
[31mError happened when compiling./mesos/src/messages/flags.proto !
[0m
[31mError happened when compiling./mesos/src/messages/state.proto !
[0m
[31mError happened when compiling./mesos/src/csi/state.proto !
[0m
[31mError happened when compiling./mesos/src/slave/containerizer/mesos/provisioner/docker/message.proto !
[0m
[31mError happened when compiling./mesos/src/slave/containerizer/mesos/isolators/docker/volume/state.proto !
[0m
[31mError happened when compiling./mesos/src/slave/containerizer/mesos/isolators/network/cni/spec.proto !
[0m
[31mError happened when compiling./mesos/src/master/registry.proto !
[0m
[31mError happened when compiling./mesos/src/resource_provider/storage/disk_profile.proto !
[0m
[31mError happened when compiling./mesos/src/resource_provider/registry.proto !
[0m
[31mError happened when compiling./mesos/src/resource_provider/state.proto !
[0m
[31mError happened when compiling./mesos/include/mesos/v1/scheduler/scheduler.proto !
[0m
[31mError happened when compiling./mesos/include/mesos/v1/agent/agent.proto !
[0m
[31mError happened when compiling./mesos/include/mesos/v1/master/master.proto !
[0m
[31mError happened when compiling./mesos/include/mesos/v1/allocator/allocator.proto !
[0m
[31mError happened when compiling./mesos/include/mesos/v1/resource_provider/resource_provider.proto !
[0m
[31mError happened when compiling./mesos/include/mesos/v1/maintenance/maintenance.proto !
[0m
[31mError happened when compiling./mesos/include/mesos/v1/executor/executor.proto !
[0m
[31mError happened when compiling./mesos/include/mesos/v1/quota/quota.proto !
[0m
[31mError happened when compiling./mesos/include/mesos/docker/v2.proto !
[0m
[31mError happened when compiling./mesos/include/mesos/module/hook.proto !
[0m
[31mError happened when compiling./mesos/include/mesos/module/module.proto !
[0m
[31mError happened when compiling./mesos/include/mesos/scheduler/scheduler.proto !
[0m
[31mError happened when compiling./mesos/include/mesos/fetcher/fetcher.proto !
[0m
[31mError happened when compiling./mesos/include/mesos/oci/spec.proto !
[0m
[31mError happened when compiling./mesos/include/mesos/agent/agent.proto !
[0m
[31mError happened when compiling./mesos/include/mesos/appc/spec.proto !
[0m
[31mError happened when compiling./mesos/include/mesos/authorizer/authorizer.proto !
[0m
[31mError happened when compiling./mesos/include/mesos/slave/oversubscription.proto !
[0m
[31mError happened when compiling./mesos/include/mesos/slave/containerizer.proto !
[0m
[31mError happened when compiling./mesos/include/mesos/master/master.proto !
[0m
[31mError happened when compiling./mesos/include/mesos/mesos.proto !
[0m
[31mError happened when compiling./mesos/include/mesos/allocator/allocator.proto !
[0m
[31mError happened when compiling./mesos/include/mesos/resource_provider/resource_provider.proto !
[0m
[31mError happened when compiling./mesos/include/mesos/seccomp/seccomp.proto !
[0m
[31mError happened when compiling./mesos/include/mesos/maintenance/maintenance.proto !
[0m
[31mError happened when compiling./mesos/include/mesos/executor/executor.proto !
[0m
[31mError happened when compiling./mesos/include/mesos/quota/quota.proto !
[0m
[31mError happened when compiling./mesos/src/messages/messages.proto !
[0m
[31mError happened when compiling./mesos/src/messages/flags.proto !
[0m
[31mError happened when compiling./mesos/src/messages/state.proto !
[0m
[31mError happened when compiling./mesos/src/csi/state.proto !
[0m
[31mError happened when compiling./mesos/src/slave/volume_gid_manager/state.proto !
[0m
[31mError happened when compiling./mesos/src/slave/containerizer/mesos/provisioner/docker/message.proto !
[0m
[31mError happened when compiling./mesos/src/slave/containerizer/mesos/isolators/docker/volume/state.proto !
[0m
[31mError happened when compiling./mesos/src/slave/containerizer/mesos/isolators/network/cni/spec.proto !
[0m
[31mError happened when compiling./mesos/src/slave/state.proto !
[0m
[31mError happened when compiling./mesos/src/master/registry.proto !
[0m
[31mError happened when compiling./mesos/src/resource_provider/storage/disk_profile.proto !
[0m
[31mError happened when compiling./mesos/src/resource_provider/registry.proto !
[0m
[31mError happened when compiling./mesos/src/resource_provider/state.proto !
[0m
